{"/app/src/app.controller.ts": {"path":"/app/src/app.controller.ts","statementMap":{"0":{"start":{"line":1,"column":0},"end":{"line":1,"column":49}},"1":{"start":{"line":2,"column":0},"end":{"line":2,"column":43}},"2":{"start":{"line":5,"column":7},"end":{"line":12,"column":null}},"3":{"start":{"line":6,"column":31},"end":{"line":6,"column":43}},"4":{"start":{"line":10,"column":4},"end":{"line":10,"column":38}},"5":{"start":{"line":5,"column":13},"end":{"line":5,"column":26}},"6":{"start":{"line":9,"column":2},"end":{"line":11,"column":null}},"7":{"start":{"line":5,"column":13},"end":{"line":12,"column":null}}},"fnMap":{"0":{"name":"(anonymous_2)","decl":{"start":{"line":6,"column":2},"end":{"line":6,"column":31}},"loc":{"start":{"line":6,"column":53},"end":{"line":6,"column":57}}},"1":{"name":"(anonymous_3)","decl":{"start":{"line":9,"column":2},"end":{"line":9,"column":10}},"loc":{"start":{"line":9,"column":10},"end":{"line":11,"column":3}}}},"branchMap":{"0":{"loc":{"start":{"line":6,"column":43},"end":{"line":6,"column":56}},"type":"cond-expr","locations":[{"start":{"line":6,"column":53},"end":{"line":6,"column":56}},{"start":{"line":6,"column":53},"end":{"line":6,"column":56}}]},"1":{"loc":{"start":{"line":6,"column":43},"end":{"line":6,"column":53}},"type":"binary-expr","locations":[{"start":{"line":6,"column":43},"end":{"line":6,"column":56}},{"start":{"line":6,"column":43},"end":{"line":6,"column":53}}]}},"s":{"0":1,"1":1,"2":1,"3":1,"4":1,"5":1,"6":1,"7":1},"f":{"0":1,"1":1},"b":{"0":[1,0],"1":[1,1]}}
,"/app/src/app.module.ts": {"path":"/app/src/app.module.ts","statementMap":{"0":{"start":{"line":1,"column":0},"end":{"line":1,"column":40}},"1":{"start":{"line":2,"column":0},"end":{"line":2,"column":41}},"2":{"start":{"line":3,"column":0},"end":{"line":3,"column":49}},"3":{"start":{"line":4,"column":0},"end":{"line":4,"column":43}},"4":{"start":{"line":5,"column":0},"end":{"line":5,"column":63}},"5":{"start":{"line":6,"column":0},"end":{"line":6,"column":72}},"6":{"start":{"line":7,"column":0},"end":{"line":7,"column":48}},"7":{"start":{"line":8,"column":0},"end":{"line":8,"column":46}},"8":{"start":{"line":9,"column":0},"end":{"line":9,"column":60}},"9":{"start":{"line":16,"column":7},"end":{"line":16,"column":null}},"10":{"start":{"line":16,"column":13},"end":{"line":16,"column":22}},"11":{"start":{"line":16,"column":13},"end":{"line":16,"column":null}}},"fnMap":{},"branchMap":{},"s":{"0":0,"1":0,"2":0,"3":0,"4":0,"5":0,"6":0,"7":0,"8":0,"9":0,"10":0,"11":0},"f":{},"b":{}}
,"/app/src/app.service.ts": {"path":"/app/src/app.service.ts","statementMap":{"0":{"start":{"line":1,"column":0},"end":{"line":1,"column":44}},"1":{"start":{"line":4,"column":7},"end":{"line":8,"column":null}},"2":{"start":{"line":6,"column":4},"end":{"line":6,"column":26}},"3":{"start":{"line":4,"column":13},"end":{"line":4,"column":23}},"4":{"start":{"line":4,"column":13},"end":{"line":8,"column":null}}},"fnMap":{"0":{"name":"(anonymous_1)","decl":{"start":{"line":5,"column":2},"end":{"line":5,"column":10}},"loc":{"start":{"line":5,"column":10},"end":{"line":7,"column":3}}}},"branchMap":{},"s":{"0":1,"1":1,"2":1,"3":1,"4":1},"f":{"0":1},"b":{}}
,"/app/src/main.ts": {"path":"/app/src/main.ts","statementMap":{"0":{"start":{"line":1,"column":0},"end":{"line":1,"column":23}},"1":{"start":{"line":2,"column":0},"end":{"line":2,"column":43}},"2":{"start":{"line":3,"column":0},"end":{"line":3,"column":48}},"3":{"start":{"line":4,"column":0},"end":{"line":4,"column":41}},"4":{"start":{"line":7,"column":14},"end":{"line":7,"column":49}},"5":{"start":{"line":8,"column":2},"end":{"line":8,"column":73}},"6":{"start":{"line":9,"column":2},"end":{"line":15,"column":4}},"7":{"start":{"line":16,"column":2},"end":{"line":16,"column":45}},"8":{"start":{"line":18,"column":0},"end":{"line":18,"column":17}}},"fnMap":{"0":{"name":"bootstrap","decl":{"start":{"line":6,"column":15},"end":{"line":6,"column":24}},"loc":{"start":{"line":6,"column":24},"end":{"line":17,"column":1}}}},"branchMap":{"0":{"loc":{"start":{"line":16,"column":19},"end":{"line":16,"column":43}},"type":"binary-expr","locations":[{"start":{"line":16,"column":19},"end":{"line":16,"column":35}},{"start":{"line":16,"column":39},"end":{"line":16,"column":43}}]}},"s":{"0":0,"1":0,"2":0,"3":0,"4":0,"5":0,"6":0,"7":0,"8":0},"f":{"0":0},"b":{"0":[0,0]}}
,"/app/src/auth/auth.guard.ts": {"path":"/app/src/auth/auth.guard.ts","statementMap":{"0":{"start":{"line":1,"column":0},"end":{"line":1,"column":44}},"1":{"start":{"line":2,"column":0},"end":{"line":2,"column":66}},"2":{"start":{"line":5,"column":7},"end":{"line":15,"column":null}},"3":{"start":{"line":7,"column":4},"end":{"line":12,"column":5}},"4":{"start":{"line":8,"column":20},"end":{"line":10,"column":8}},"5":{"start":{"line":11,"column":6},"end":{"line":11,"column":18}},"6":{"start":{"line":13,"column":4},"end":{"line":13,"column":16}},"7":{"start":{"line":5,"column":13},"end":{"line":5,"column":22}},"8":{"start":{"line":5,"column":13},"end":{"line":15,"column":null}}},"fnMap":{"0":{"name":"(anonymous_1)","decl":{"start":{"line":6,"column":2},"end":{"line":6,"column":15}},"loc":{"start":{"line":6,"column":63},"end":{"line":14,"column":3}}}},"branchMap":{"0":{"loc":{"start":{"line":7,"column":4},"end":{"line":12,"column":5}},"type":"if","locations":[{"start":{"line":7,"column":4},"end":{"line":12,"column":5}},{"start":{},"end":{}}]},"1":{"loc":{"start":{"line":7,"column":8},"end":{"line":7,"column":20}},"type":"binary-expr","locations":[{"start":{"line":7,"column":8},"end":{"line":7,"column":11}},{"start":{"line":7,"column":15},"end":{"line":7,"column":20}}]}},"s":{"0":1,"1":1,"2":1,"3":4,"4":3,"5":3,"6":1,"7":1,"8":1},"f":{"0":4},"b":{"0":[3,1],"1":[4,3]}}
,"/app/src/auth/auth.module.ts": {"path":"/app/src/auth/auth.module.ts","statementMap":{"0":{"start":{"line":1,"column":0},"end":{"line":1,"column":40}},"1":{"start":{"line":2,"column":0},"end":{"line":2,"column":50}},"2":{"start":{"line":3,"column":0},"end":{"line":3,"column":45}},"3":{"start":{"line":4,"column":0},"end":{"line":4,"column":41}},"4":{"start":{"line":6,"column":13},"end":{"line":6,"column":39}},"5":{"start":{"line":13,"column":7},"end":{"line":13,"column":null}},"6":{"start":{"line":13,"column":13},"end":{"line":13,"column":23}},"7":{"start":{"line":13,"column":13},"end":{"line":13,"column":null}}},"fnMap":{},"branchMap":{},"s":{"0":0,"1":0,"2":0,"3":0,"4":0,"5":0,"6":0,"7":0},"f":{},"b":{}}
,"/app/src/auth/jwt.strategy.ts": {"path":"/app/src/auth/jwt.strategy.ts","statementMap":{"0":{"start":{"line":1,"column":0},"end":{"line":1,"column":44}},"1":{"start":{"line":2,"column":0},"end":{"line":2,"column":52}},"2":{"start":{"line":3,"column":0},"end":{"line":3,"column":52}},"3":{"start":{"line":4,"column":0},"end":{"line":4,"column":45}},"4":{"start":{"line":5,"column":0},"end":{"line":5,"column":60}},"5":{"start":{"line":8,"column":7},"end":{"line":32,"column":null}},"6":{"start":{"line":10,"column":20},"end":{"line":10,"column":52}},"7":{"start":{"line":12,"column":4},"end":{"line":14,"column":5}},"8":{"start":{"line":13,"column":6},"end":{"line":13,"column":75}},"9":{"start":{"line":17,"column":4},"end":{"line":25,"column":7}},"10":{"start":{"line":30,"column":4},"end":{"line":30,"column":38}},"11":{"start":{"line":8,"column":13},"end":{"line":8,"column":24}},"12":{"start":{"line":8,"column":13},"end":{"line":32,"column":null}}},"fnMap":{"0":{"name":"(anonymous_2)","decl":{"start":{"line":9,"column":2},"end":{"line":9,"column":null}},"loc":{"start":{"line":9,"column":2},"end":{"line":26,"column":3}}},"1":{"name":"(anonymous_3)","decl":{"start":{"line":29,"column":2},"end":{"line":29,"column":7}},"loc":{"start":{"line":29,"column":36},"end":{"line":31,"column":3}}}},"branchMap":{"0":{"loc":{"start":{"line":12,"column":4},"end":{"line":14,"column":5}},"type":"if","locations":[{"start":{"line":12,"column":4},"end":{"line":14,"column":5}},{"start":{},"end":{}}]}},"s":{"0":0,"1":0,"2":0,"3":0,"4":0,"5":0,"6":0,"7":0,"8":0,"9":0,"10":0,"11":0,"12":0},"f":{"0":0,"1":0},"b":{"0":[0,0]}}
,"/app/src/auth/jwt.types.ts": {"path":"/app/src/auth/jwt.types.ts","statementMap":{"0":{"start":{"line":11,"column":0},"end":{"line":11,"column":16}},"1":{"start":{"line":12,"column":2},"end":{"line":17,"column":4}}},"fnMap":{"0":{"name":"extractJwtPayload","decl":{"start":{"line":11,"column":16},"end":{"line":11,"column":33}},"loc":{"start":{"line":11,"column":53},"end":{"line":18,"column":1}}}},"branchMap":{"0":{"loc":{"start":{"line":14,"column":14},"end":{"line":14,"column":46}},"type":"binary-expr","locations":[{"start":{"line":14,"column":14},"end":{"line":14,"column":40}},{"start":{"line":14,"column":44},"end":{"line":14,"column":46}}]},"1":{"loc":{"start":{"line":15,"column":11},"end":{"line":15,"column":30}},"type":"binary-expr","locations":[{"start":{"line":15,"column":11},"end":{"line":15,"column":24}},{"start":{"line":15,"column":28},"end":{"line":15,"column":30}}]},"2":{"loc":{"start":{"line":16,"column":11},"end":{"line":16,"column":44}},"type":"binary-expr","locations":[{"start":{"line":16,"column":11},"end":{"line":16,"column":38}},{"start":{"line":16,"column":42},"end":{"line":16,"column":44}}]}},"s":{"0":1,"1":4},"f":{"0":4},"b":{"0":[4,1],"1":[4,2],"2":[4,3]}}
,"/app/src/catalogos/catalogos.controller.ts": {"path":"/app/src/catalogos/catalogos.controller.ts","statementMap":{"0":{"start":{"line":1,"column":0},"end":{"line":1,"column":null}},"1":{"start":{"line":11,"column":0},"end":{"line":11,"column":55}},"2":{"start":{"line":12,"column":0},"end":{"line":12,"column":62}},"3":{"start":{"line":13,"column":0},"end":{"line":13,"column":62}},"4":{"start":{"line":16,"column":7},"end":{"line":81,"column":null}},"5":{"start":{"line":17,"column":31},"end":{"line":17,"column":49}},"6":{"start":{"line":21,"column":4},"end":{"line":21,"column":44}},"7":{"start":{"line":26,"column":4},"end":{"line":26,"column":63}},"8":{"start":{"line":35,"column":4},"end":{"line":35,"column":65}},"9":{"start":{"line":43,"column":4},"end":{"line":43,"column":69}},"10":{"start":{"line":48,"column":4},"end":{"line":48,"column":64}},"11":{"start":{"line":55,"column":4},"end":{"line":55,"column":47}},"12":{"start":{"line":60,"column":4},"end":{"line":60,"column":51}},"13":{"start":{"line":65,"column":4},"end":{"line":65,"column":51}},"14":{"start":{"line":74,"column":4},"end":{"line":74,"column":55}},"15":{"start":{"line":79,"column":4},"end":{"line":79,"column":50}},"16":{"start":{"line":16,"column":13},"end":{"line":16,"column":32}},"17":{"start":{"line":20,"column":2},"end":{"line":22,"column":null}},"18":{"start":{"line":25,"column":2},"end":{"line":27,"column":null}},"19":{"start":{"line":34,"column":2},"end":{"line":36,"column":null}},"20":{"start":{"line":39,"column":2},"end":{"line":44,"column":null}},"21":{"start":{"line":47,"column":2},"end":{"line":49,"column":null}},"22":{"start":{"line":54,"column":2},"end":{"line":56,"column":null}},"23":{"start":{"line":59,"column":2},"end":{"line":61,"column":null}},"24":{"start":{"line":64,"column":2},"end":{"line":66,"column":null}},"25":{"start":{"line":69,"column":2},"end":{"line":75,"column":null}},"26":{"start":{"line":78,"column":2},"end":{"line":80,"column":null}},"27":{"start":{"line":16,"column":13},"end":{"line":81,"column":null}}},"fnMap":{"0":{"name":"(anonymous_4)","decl":{"start":{"line":17,"column":2},"end":{"line":17,"column":31}},"loc":{"start":{"line":17,"column":65},"end":{"line":17,"column":69}}},"1":{"name":"(anonymous_5)","decl":{"start":{"line":20,"column":2},"end":{"line":20,"column":10}},"loc":{"start":{"line":20,"column":10},"end":{"line":22,"column":3}}},"2":{"name":"(anonymous_6)","decl":{"start":{"line":25,"column":2},"end":{"line":25,"column":29}},"loc":{"start":{"line":25,"column":29},"end":{"line":27,"column":3}}},"3":{"name":"(anonymous_7)","decl":{"start":{"line":34,"column":2},"end":{"line":34,"column":28}},"loc":{"start":{"line":34,"column":59},"end":{"line":36,"column":3}}},"4":{"name":"(anonymous_8)","decl":{"start":{"line":39,"column":2},"end":{"line":39,"column":28}},"loc":{"start":{"line":41,"column":34},"end":{"line":44,"column":3}}},"5":{"name":"(anonymous_9)","decl":{"start":{"line":47,"column":2},"end":{"line":47,"column":28}},"loc":{"start":{"line":47,"column":66},"end":{"line":49,"column":3}}},"6":{"name":"(anonymous_10)","decl":{"start":{"line":54,"column":2},"end":{"line":54,"column":9}},"loc":{"start":{"line":54,"column":37},"end":{"line":56,"column":3}}},"7":{"name":"(anonymous_11)","decl":{"start":{"line":59,"column":2},"end":{"line":59,"column":9}},"loc":{"start":{"line":59,"column":76},"end":{"line":61,"column":3}}},"8":{"name":"(anonymous_12)","decl":{"start":{"line":64,"column":2},"end":{"line":64,"column":8}},"loc":{"start":{"line":64,"column":68},"end":{"line":66,"column":3}}},"9":{"name":"(anonymous_13)","decl":{"start":{"line":69,"column":2},"end":{"line":69,"column":8}},"loc":{"start":{"line":72,"column":34},"end":{"line":75,"column":3}}},"10":{"name":"(anonymous_14)","decl":{"start":{"line":78,"column":2},"end":{"line":78,"column":8}},"loc":{"start":{"line":78,"column":75},"end":{"line":80,"column":3}}}},"branchMap":{"0":{"loc":{"start":{"line":34,"column":42},"end":{"line":34,"column":null}},"type":"cond-expr","locations":[{"start":{"line":34,"column":59},"end":{"line":34,"column":null}},{"start":{"line":34,"column":59},"end":{"line":34,"column":null}}]},"1":{"loc":{"start":{"line":34,"column":42},"end":{"line":34,"column":59}},"type":"binary-expr","locations":[{"start":{"line":34,"column":42},"end":{"line":34,"column":null}},{"start":{"line":34,"column":42},"end":{"line":34,"column":59}}]},"2":{"loc":{"start":{"line":41,"column":17},"end":{"line":41,"column":null}},"type":"cond-expr","locations":[{"start":{"line":41,"column":34},"end":{"line":41,"column":null}},{"start":{"line":41,"column":34},"end":{"line":41,"column":null}}]},"3":{"loc":{"start":{"line":41,"column":17},"end":{"line":41,"column":34}},"type":"binary-expr","locations":[{"start":{"line":41,"column":17},"end":{"line":41,"column":null}},{"start":{"line":41,"column":17},"end":{"line":41,"column":34}}]},"4":{"loc":{"start":{"line":64,"column":51},"end":{"line":64,"column":null}},"type":"cond-expr","locations":[{"start":{"line":64,"column":68},"end":{"line":64,"column":null}},{"start":{"line":64,"column":68},"end":{"line":64,"column":null}}]},"5":{"loc":{"start":{"line":64,"column":51},"end":{"line":64,"column":68}},"type":"binary-expr","locations":[{"start":{"line":64,"column":51},"end":{"line":64,"column":null}},{"start":{"line":64,"column":51},"end":{"line":64,"column":68}}]},"6":{"loc":{"start":{"line":72,"column":17},"end":{"line":72,"column":null}},"type":"cond-expr","locations":[{"start":{"line":72,"column":34},"end":{"line":72,"column":null}},{"start":{"line":72,"column":34},"end":{"line":72,"column":null}}]},"7":{"loc":{"start":{"line":72,"column":17},"end":{"line":72,"column":34}},"type":"binary-expr","locations":[{"start":{"line":72,"column":17},"end":{"line":72,"column":null}},{"start":{"line":72,"column":17},"end":{"line":72,"column":34}}]},"8":{"loc":{"start":{"line":17,"column":49},"end":{"line":17,"column":68}},"type":"cond-expr","locations":[{"start":{"line":17,"column":65},"end":{"line":17,"column":68}},{"start":{"line":17,"column":65},"end":{"line":17,"column":68}}]},"9":{"loc":{"start":{"line":17,"column":49},"end":{"line":17,"column":65}},"type":"binary-expr","locations":[{"start":{"line":17,"column":49},"end":{"line":17,"column":68}},{"start":{"line":17,"column":49},"end":{"line":17,"column":65}}]}},"s":{"0":0,"1":0,"2":0,"3":0,"4":0,"5":0,"6":0,"7":0,"8":0,"9":0,"10":0,"11":0,"12":0,"13":0,"14":0,"15":0,"16":0,"17":0,"18":0,"19":0,"20":0,"21":0,"22":0,"23":0,"24":0,"25":0,"26":0,"27":0},"f":{"0":0,"1":0,"2":0,"3":0,"4":0,"5":0,"6":0,"7":0,"8":0,"9":0,"10":0},"b":{"0":[0,0],"1":[0,0],"2":[0,0],"3":[0,0],"4":[0,0],"5":[0,0],"6":[0,0],"7":[0,0],"8":[0,0],"9":[0,0]}}
,"/app/src/catalogos/catalogos.module.ts": {"path":"/app/src/catalogos/catalogos.module.ts","statementMap":{"0":{"start":{"line":1,"column":0},"end":{"line":1,"column":40}},"1":{"start":{"line":2,"column":0},"end":{"line":2,"column":55}},"2":{"start":{"line":3,"column":0},"end":{"line":3,"column":61}},"3":{"start":{"line":4,"column":0},"end":{"line":4,"column":57}},"4":{"start":{"line":11,"column":7},"end":{"line":11,"column":null}},"5":{"start":{"line":11,"column":13},"end":{"line":11,"column":28}},"6":{"start":{"line":11,"column":13},"end":{"line":11,"column":null}}},"fnMap":{},"branchMap":{},"s":{"0":0,"1":0,"2":0,"3":0,"4":0,"5":0,"6":0},"f":{},"b":{}}
,"/app/src/catalogos/catalogos.service.ts": {"path":"/app/src/catalogos/catalogos.service.ts","statementMap":{"0":{"start":{"line":1,"column":0},"end":{"line":1,"column":null}},"1":{"start":{"line":7,"column":0},"end":{"line":7,"column":57}},"2":{"start":{"line":11,"column":41},"end":{"line":27,"column":2}},"3":{"start":{"line":29,"column":53},"end":{"line":45,"column":2}},"4":{"start":{"line":48,"column":7},"end":{"line":212,"column":null}},"5":{"start":{"line":49,"column":31},"end":{"line":49,"column":39}},"6":{"start":{"line":52,"column":18},"end":{"line":52,"column":32}},"7":{"start":{"line":53,"column":4},"end":{"line":53,"column":72}},"8":{"start":{"line":53,"column":16},"end":{"line":53,"column":72}},"9":{"start":{"line":54,"column":4},"end":{"line":60,"column":43}},"10":{"start":{"line":64,"column":18},"end":{"line":64,"column":32}},"11":{"start":{"line":65,"column":4},"end":{"line":65,"column":72}},"12":{"start":{"line":65,"column":16},"end":{"line":65,"column":72}},"13":{"start":{"line":66,"column":21},"end":{"line":66,"column":null}},"14":{"start":{"line":69,"column":17},"end":{"line":69,"column":61}},"15":{"start":{"line":70,"column":4},"end":{"line":71,"column":73}},"16":{"start":{"line":71,"column":6},"end":{"line":71,"column":73}},"17":{"start":{"line":72,"column":4},"end":{"line":72,"column":16}},"18":{"start":{"line":76,"column":18},"end":{"line":76,"column":32}},"19":{"start":{"line":77,"column":4},"end":{"line":77,"column":72}},"20":{"start":{"line":77,"column":16},"end":{"line":77,"column":72}},"21":{"start":{"line":78,"column":19},"end":{"line":78,"column":35}},"22":{"start":{"line":79,"column":42},"end":{"line":79,"column":44}},"23":{"start":{"line":80,"column":4},"end":{"line":83,"column":5}},"24":{"start":{"line":81,"column":19},"end":{"line":81,"column":57}},"25":{"start":{"line":82,"column":6},"end":{"line":82,"column":47}},"26":{"start":{"line":82,"column":29},"end":{"line":82,"column":47}},"27":{"start":{"line":84,"column":4},"end":{"line":88,"column":5}},"28":{"start":{"line":85,"column":6},"end":{"line":87,"column":8}},"29":{"start":{"line":89,"column":4},"end":{"line":93,"column":23}},"30":{"start":{"line":97,"column":18},"end":{"line":97,"column":32}},"31":{"start":{"line":98,"column":4},"end":{"line":98,"column":72}},"32":{"start":{"line":98,"column":16},"end":{"line":98,"column":72}},"33":{"start":{"line":99,"column":4},"end":{"line":99,"column":33}},"34":{"start":{"line":100,"column":19},"end":{"line":100,"column":35}},"35":{"start":{"line":101,"column":42},"end":{"line":101,"column":44}},"36":{"start":{"line":102,"column":4},"end":{"line":105,"column":5}},"37":{"start":{"line":103,"column":19},"end":{"line":103,"column":57}},"38":{"start":{"line":104,"column":6},"end":{"line":104,"column":47}},"39":{"start":{"line":104,"column":29},"end":{"line":104,"column":47}},"40":{"start":{"line":106,"column":4},"end":{"line":110,"column":5}},"41":{"start":{"line":107,"column":6},"end":{"line":109,"column":8}},"42":{"start":{"line":111,"column":4},"end":{"line":118,"column":38}},"43":{"start":{"line":122,"column":18},"end":{"line":122,"column":32}},"44":{"start":{"line":123,"column":4},"end":{"line":123,"column":72}},"45":{"start":{"line":123,"column":16},"end":{"line":123,"column":72}},"46":{"start":{"line":124,"column":4},"end":{"line":124,"column":33}},"47":{"start":{"line":125,"column":4},"end":{"line":137,"column":5}},"48":{"start":{"line":126,"column":6},"end":{"line":130,"column":34}},"49":{"start":{"line":132,"column":6},"end":{"line":133,"column":78}},"50":{"start":{"line":133,"column":8},"end":{"line":133,"column":78}},"51":{"start":{"line":134,"column":6},"end":{"line":135,"column":71}},"52":{"start":{"line":135,"column":8},"end":{"line":135,"column":71}},"53":{"start":{"line":136,"column":6},"end":{"line":136,"column":14}},"54":{"start":{"line":141,"column":4},"end":{"line":144,"column":8}},"55":{"start":{"line":141,"column":47},"end":{"line":144,"column":6}},"56":{"start":{"line":148,"column":4},"end":{"line":151,"column":7}},"57":{"start":{"line":155,"column":4},"end":{"line":169,"column":5}},"58":{"start":{"line":156,"column":6},"end":{"line":162,"column":9}},"59":{"start":{"line":164,"column":6},"end":{"line":165,"column":60}},"60":{"start":{"line":165,"column":8},"end":{"line":165,"column":60}},"61":{"start":{"line":166,"column":6},"end":{"line":167,"column":78}},"62":{"start":{"line":167,"column":8},"end":{"line":167,"column":78}},"63":{"start":{"line":168,"column":6},"end":{"line":168,"column":14}},"64":{"start":{"line":173,"column":4},"end":{"line":192,"column":5}},"65":{"start":{"line":178,"column":10},"end":{"line":178,"column":12}},"66":{"start":{"line":179,"column":6},"end":{"line":179,"column":64}},"67":{"start":{"line":179,"column":37},"end":{"line":179,"column":64}},"68":{"start":{"line":180,"column":6},"end":{"line":180,"column":76}},"69":{"start":{"line":180,"column":41},"end":{"line":180,"column":76}},"70":{"start":{"line":181,"column":6},"end":{"line":181,"column":76}},"71":{"start":{"line":181,"column":41},"end":{"line":181,"column":76}},"72":{"start":{"line":182,"column":6},"end":{"line":185,"column":9}},"73":{"start":{"line":187,"column":6},"end":{"line":188,"column":60}},"74":{"start":{"line":188,"column":8},"end":{"line":188,"column":60}},"75":{"start":{"line":189,"column":6},"end":{"line":190,"column":78}},"76":{"start":{"line":190,"column":8},"end":{"line":190,"column":78}},"77":{"start":{"line":191,"column":6},"end":{"line":191,"column":14}},"78":{"start":{"line":196,"column":4},"end":{"line":204,"column":5}},"79":{"start":{"line":197,"column":6},"end":{"line":197,"column":78}},"80":{"start":{"line":199,"column":6},"end":{"line":200,"column":60}},"81":{"start":{"line":200,"column":8},"end":{"line":200,"column":60}},"82":{"start":{"line":201,"column":6},"end":{"line":202,"column":78}},"83":{"start":{"line":202,"column":8},"end":{"line":202,"column":78}},"84":{"start":{"line":203,"column":6},"end":{"line":203,"column":14}},"85":{"start":{"line":208,"column":17},"end":{"line":209,"column":20}},"86":{"start":{"line":210,"column":4},"end":{"line":210,"column":37}},"87":{"start":{"line":48,"column":13},"end":{"line":48,"column":29}},"88":{"start":{"line":48,"column":13},"end":{"line":212,"column":null}}},"fnMap":{"0":{"name":"(anonymous_2)","decl":{"start":{"line":49,"column":2},"end":{"line":49,"column":31}},"loc":{"start":{"line":49,"column":52},"end":{"line":49,"column":56}}},"1":{"name":"(anonymous_3)","decl":{"start":{"line":51,"column":2},"end":{"line":51,"column":9}},"loc":{"start":{"line":51,"column":22},"end":{"line":61,"column":3}}},"2":{"name":"(anonymous_4)","decl":{"start":{"line":63,"column":2},"end":{"line":63,"column":7}},"loc":{"start":{"line":63,"column":40},"end":{"line":73,"column":3}}},"3":{"name":"(anonymous_5)","decl":{"start":{"line":75,"column":2},"end":{"line":75,"column":8}},"loc":{"start":{"line":75,"column":45},"end":{"line":94,"column":3}}},"4":{"name":"(anonymous_6)","decl":{"start":{"line":96,"column":2},"end":{"line":96,"column":7}},"loc":{"start":{"line":96,"column":63},"end":{"line":119,"column":3}}},"5":{"name":"(anonymous_7)","decl":{"start":{"line":121,"column":2},"end":{"line":121,"column":7}},"loc":{"start":{"line":121,"column":39},"end":{"line":138,"column":3}}},"6":{"name":"(anonymous_8)","decl":{"start":{"line":140,"column":2},"end":{"line":140,"column":10}},"loc":{"start":{"line":140,"column":10},"end":{"line":145,"column":3}}},"7":{"name":"(anonymous_9)","decl":{"start":{"line":141,"column":37},"end":{"line":141,"column":38}},"loc":{"start":{"line":141,"column":47},"end":{"line":144,"column":6}}},"8":{"name":"(anonymous_10)","decl":{"start":{"line":147,"column":2},"end":{"line":147,"column":29}},"loc":{"start":{"line":147,"column":29},"end":{"line":152,"column":3}}},"9":{"name":"(anonymous_11)","decl":{"start":{"line":154,"column":2},"end":{"line":154,"column":7}},"loc":{"start":{"line":154,"column":57},"end":{"line":170,"column":3}}},"10":{"name":"(anonymous_12)","decl":{"start":{"line":172,"column":2},"end":{"line":172,"column":7}},"loc":{"start":{"line":172,"column":69},"end":{"line":193,"column":3}}},"11":{"name":"(anonymous_13)","decl":{"start":{"line":195,"column":2},"end":{"line":195,"column":7}},"loc":{"start":{"line":195,"column":45},"end":{"line":205,"column":3}}},"12":{"name":"(anonymous_14)","decl":{"start":{"line":207,"column":10},"end":{"line":207,"column":18}},"loc":{"start":{"line":207,"column":32},"end":{"line":211,"column":3}}}},"branchMap":{"0":{"loc":{"start":{"line":53,"column":4},"end":{"line":53,"column":72}},"type":"if","locations":[{"start":{"line":53,"column":4},"end":{"line":53,"column":72}},{"start":{},"end":{}}]},"1":{"loc":{"start":{"line":65,"column":4},"end":{"line":65,"column":72}},"type":"if","locations":[{"start":{"line":65,"column":4},"end":{"line":65,"column":72}},{"start":{},"end":{}}]},"2":{"loc":{"start":{"line":70,"column":4},"end":{"line":71,"column":73}},"type":"if","locations":[{"start":{"line":70,"column":4},"end":{"line":71,"column":73}},{"start":{},"end":{}}]},"3":{"loc":{"start":{"line":77,"column":4},"end":{"line":77,"column":72}},"type":"if","locations":[{"start":{"line":77,"column":4},"end":{"line":77,"column":72}},{"start":{},"end":{}}]},"4":{"loc":{"start":{"line":82,"column":6},"end":{"line":82,"column":47}},"type":"if","locations":[{"start":{"line":82,"column":6},"end":{"line":82,"column":47}},{"start":{},"end":{}}]},"5":{"loc":{"start":{"line":84,"column":4},"end":{"line":88,"column":5}},"type":"if","locations":[{"start":{"line":84,"column":4},"end":{"line":88,"column":5}},{"start":{},"end":{}}]},"6":{"loc":{"start":{"line":98,"column":4},"end":{"line":98,"column":72}},"type":"if","locations":[{"start":{"line":98,"column":4},"end":{"line":98,"column":72}},{"start":{},"end":{}}]},"7":{"loc":{"start":{"line":104,"column":6},"end":{"line":104,"column":47}},"type":"if","locations":[{"start":{"line":104,"column":6},"end":{"line":104,"column":47}},{"start":{},"end":{}}]},"8":{"loc":{"start":{"line":106,"column":4},"end":{"line":110,"column":5}},"type":"if","locations":[{"start":{"line":106,"column":4},"end":{"line":110,"column":5}},{"start":{},"end":{}}]},"9":{"loc":{"start":{"line":123,"column":4},"end":{"line":123,"column":72}},"type":"if","locations":[{"start":{"line":123,"column":4},"end":{"line":123,"column":72}},{"start":{},"end":{}}]},"10":{"loc":{"start":{"line":132,"column":6},"end":{"line":133,"column":78}},"type":"if","locations":[{"start":{"line":132,"column":6},"end":{"line":133,"column":78}},{"start":{},"end":{}}]},"11":{"loc":{"start":{"line":134,"column":6},"end":{"line":135,"column":71}},"type":"if","locations":[{"start":{"line":134,"column":6},"end":{"line":135,"column":71}},{"start":{},"end":{}}]},"12":{"loc":{"start":{"line":164,"column":6},"end":{"line":165,"column":60}},"type":"if","locations":[{"start":{"line":164,"column":6},"end":{"line":165,"column":60}},{"start":{},"end":{}}]},"13":{"loc":{"start":{"line":166,"column":6},"end":{"line":167,"column":78}},"type":"if","locations":[{"start":{"line":166,"column":6},"end":{"line":167,"column":78}},{"start":{},"end":{}}]},"14":{"loc":{"start":{"line":179,"column":6},"end":{"line":179,"column":64}},"type":"if","locations":[{"start":{"line":179,"column":6},"end":{"line":179,"column":64}},{"start":{},"end":{}}]},"15":{"loc":{"start":{"line":180,"column":6},"end":{"line":180,"column":76}},"type":"if","locations":[{"start":{"line":180,"column":6},"end":{"line":180,"column":76}},{"start":{},"end":{}}]},"16":{"loc":{"start":{"line":181,"column":6},"end":{"line":181,"column":76}},"type":"if","locations":[{"start":{"line":181,"column":6},"end":{"line":181,"column":76}},{"start":{},"end":{}}]},"17":{"loc":{"start":{"line":187,"column":6},"end":{"line":188,"column":60}},"type":"if","locations":[{"start":{"line":187,"column":6},"end":{"line":188,"column":60}},{"start":{},"end":{}}]},"18":{"loc":{"start":{"line":189,"column":6},"end":{"line":190,"column":78}},"type":"if","locations":[{"start":{"line":189,"column":6},"end":{"line":190,"column":78}},{"start":{},"end":{}}]},"19":{"loc":{"start":{"line":199,"column":6},"end":{"line":200,"column":60}},"type":"if","locations":[{"start":{"line":199,"column":6},"end":{"line":200,"column":60}},{"start":{},"end":{}}]},"20":{"loc":{"start":{"line":201,"column":6},"end":{"line":202,"column":78}},"type":"if","locations":[{"start":{"line":201,"column":6},"end":{"line":202,"column":78}},{"start":{},"end":{}}]},"21":{"loc":{"start":{"line":49,"column":39},"end":{"line":49,"column":55}},"type":"cond-expr","locations":[{"start":{"line":49,"column":52},"end":{"line":49,"column":55}},{"start":{"line":49,"column":52},"end":{"line":49,"column":55}}]},"22":{"loc":{"start":{"line":49,"column":39},"end":{"line":49,"column":52}},"type":"binary-expr","locations":[{"start":{"line":49,"column":39},"end":{"line":49,"column":55}},{"start":{"line":49,"column":39},"end":{"line":49,"column":52}}]}},"s":{"0":1,"1":1,"2":1,"3":1,"4":1,"5":19,"6":1,"7":1,"8":0,"9":1,"10":4,"11":4,"12":0,"13":4,"14":4,"15":4,"16":0,"17":4,"18":6,"19":6,"20":0,"21":6,"22":6,"23":6,"24":14,"25":14,"26":13,"27":6,"28":0,"29":6,"30":1,"31":1,"32":0,"33":1,"34":1,"35":1,"36":1,"37":3,"38":3,"39":3,"40":1,"41":0,"42":1,"43":3,"44":3,"45":0,"46":3,"47":3,"48":3,"49":2,"50":1,"51":1,"52":0,"53":1,"54":0,"55":0,"56":2,"57":2,"58":2,"59":1,"60":1,"61":0,"62":0,"63":0,"64":2,"65":2,"66":2,"67":2,"68":2,"69":2,"70":2,"71":2,"72":2,"73":1,"74":1,"75":0,"76":0,"77":0,"78":2,"79":2,"80":1,"81":0,"82":1,"83":1,"84":0,"85":15,"86":15,"87":1,"88":1},"f":{"0":19,"1":1,"2":4,"3":6,"4":1,"5":3,"6":0,"7":0,"8":2,"9":2,"10":2,"11":2,"12":15},"b":{"0":[0,1],"1":[0,4],"2":[0,4],"3":[0,6],"4":[13,1],"5":[0,6],"6":[0,1],"7":[3,0],"8":[0,1],"9":[0,3],"10":[1,1],"11":[0,1],"12":[1,0],"13":[0,0],"14":[2,0],"15":[2,0],"16":[2,0],"17":[1,0],"18":[0,0],"19":[0,1],"20":[1,0],"21":[1,0],"22":[1,1]}}
,"/app/src/catalogos/control-catalog-seed.ts": {"path":"/app/src/catalogos/control-catalog-seed.ts","statementMap":{"0":{"start":{"line":43,"column":0},"end":{"line":43,"column":16}},"1":{"start":{"line":76,"column":0},"end":{"line":76,"column":16}},"2":{"start":{"line":109,"column":0},"end":{"line":109,"column":7}},"3":{"start":{"line":2,"column":0},"end":{"line":2,"column":25}},"4":{"start":{"line":25,"column":22},"end":{"line":27,"column":null}},"5":{"start":{"line":29,"column":16},"end":{"line":29,"column":38}},"6":{"start":{"line":30,"column":2},"end":{"line":34,"column":3}},"7":{"start":{"line":31,"column":4},"end":{"line":33,"column":6}},"8":{"start":{"line":36,"column":2},"end":{"line":36,"column":18}},"9":{"start":{"line":40,"column":2},"end":{"line":40,"column":33}},"10":{"start":{"line":44,"column":30},"end":{"line":46,"column":null}},"11":{"start":{"line":48,"column":29},"end":{"line":50,"column":null}},"12":{"start":{"line":53,"column":47},"end":{"line":53,"column":49}},"13":{"start":{"line":54,"column":24},"end":{"line":54,"column":65}},"14":{"start":{"line":55,"column":2},"end":{"line":60,"column":3}},"15":{"start":{"line":56,"column":4},"end":{"line":59,"column":7}},"16":{"start":{"line":62,"column":37},"end":{"line":62,"column":39}},"17":{"start":{"line":64,"column":4},"end":{"line":64,"column":68}},"18":{"start":{"line":65,"column":2},"end":{"line":71,"column":3}},"19":{"start":{"line":66,"column":4},"end":{"line":70,"column":7}},"20":{"start":{"line":73,"column":2},"end":{"line":73,"column":34}},"21":{"start":{"line":77,"column":2},"end":{"line":81,"column":3}},"22":{"start":{"line":78,"column":4},"end":{"line":80,"column":6}},"23":{"start":{"line":83,"column":2},"end":{"line":87,"column":3}},"24":{"start":{"line":84,"column":4},"end":{"line":86,"column":6}},"25":{"start":{"line":89,"column":23},"end":{"line":89,"column":40}},"26":{"start":{"line":90,"column":2},"end":{"line":97,"column":3}},"27":{"start":{"line":91,"column":4},"end":{"line":95,"column":5}},"28":{"start":{"line":92,"column":6},"end":{"line":94,"column":8}},"29":{"start":{"line":96,"column":4},"end":{"line":96,"column":38}},"30":{"start":{"line":99,"column":22},"end":{"line":99,"column":79}},"31":{"start":{"line":99,"column":66},"end":{"line":99,"column":77}},"32":{"start":{"line":100,"column":2},"end":{"line":106,"column":3}},"33":{"start":{"line":101,"column":4},"end":{"line":105,"column":5}},"34":{"start":{"line":102,"column":6},"end":{"line":104,"column":8}},"35":{"start":{"line":116,"column":4},"end":{"line":117,"column":61}},"36":{"start":{"line":117,"column":27},"end":{"line":117,"column":60}},"37":{"start":{"line":119,"column":21},"end":{"line":119,"column":42}},"38":{"start":{"line":120,"column":17},"end":{"line":120,"column":51}},"39":{"start":{"line":121,"column":2},"end":{"line":121,"column":33}},"40":{"start":{"line":124,"column":2},"end":{"line":135,"column":3}},"41":{"start":{"line":125,"column":4},"end":{"line":134,"column":7}},"42":{"start":{"line":138,"column":2},"end":{"line":151,"column":3}},"43":{"start":{"line":139,"column":4},"end":{"line":150,"column":7}}},"fnMap":{"0":{"name":"extractInsertValuesBlock","decl":{"start":{"line":24,"column":9},"end":{"line":24,"column":33}},"loc":{"start":{"line":24,"column":64},"end":{"line":37,"column":1}}},"1":{"name":"parseQuotedSqlString","decl":{"start":{"line":39,"column":9},"end":{"line":39,"column":29}},"loc":{"start":{"line":39,"column":41},"end":{"line":41,"column":1}}},"2":{"name":"parseControlCatalogSql","decl":{"start":{"line":43,"column":16},"end":{"line":43,"column":38}},"loc":{"start":{"line":43,"column":50},"end":{"line":74,"column":1}}},"3":{"name":"validateControlCatalog","decl":{"start":{"line":76,"column":16},"end":{"line":76,"column":38}},"loc":{"start":{"line":76,"column":67},"end":{"line":107,"column":1}}},"4":{"name":"(anonymous_13)","decl":{"start":{"line":99,"column":52},"end":{"line":99,"column":53}},"loc":{"start":{"line":99,"column":66},"end":{"line":99,"column":77}}},"5":{"name":"seedControlCatalogFromSql","decl":{"start":{"line":109,"column":22},"end":{"line":109,"column":47}},"loc":{"start":{"line":112,"column":41},"end":{"line":152,"column":1}}},"6":{"name":"(anonymous_15)","decl":{"start":{"line":117,"column":5},"end":{"line":117,"column":6}},"loc":{"start":{"line":117,"column":27},"end":{"line":117,"column":60}}}},"branchMap":{"0":{"loc":{"start":{"line":30,"column":2},"end":{"line":34,"column":3}},"type":"if","locations":[{"start":{"line":30,"column":2},"end":{"line":34,"column":3}},{"start":{},"end":{}}]},"1":{"loc":{"start":{"line":30,"column":6},"end":{"line":30,"column":33}},"type":"binary-expr","locations":[{"start":{"line":30,"column":6},"end":{"line":30,"column":12}},{"start":{"line":30,"column":16},"end":{"line":30,"column":33}}]},"2":{"loc":{"start":{"line":77,"column":2},"end":{"line":81,"column":3}},"type":"if","locations":[{"start":{"line":77,"column":2},"end":{"line":81,"column":3}},{"start":{},"end":{}}]},"3":{"loc":{"start":{"line":83,"column":2},"end":{"line":87,"column":3}},"type":"if","locations":[{"start":{"line":83,"column":2},"end":{"line":87,"column":3}},{"start":{},"end":{}}]},"4":{"loc":{"start":{"line":91,"column":4},"end":{"line":95,"column":5}},"type":"if","locations":[{"start":{"line":91,"column":4},"end":{"line":95,"column":5}},{"start":{},"end":{}}]},"5":{"loc":{"start":{"line":101,"column":4},"end":{"line":105,"column":5}},"type":"if","locations":[{"start":{"line":101,"column":4},"end":{"line":105,"column":5}},{"start":{},"end":{}}]},"6":{"loc":{"start":{"line":112,"column":2},"end":{"line":112,"column":41}},"type":"default-arg","locations":[{"start":{"line":112,"column":39},"end":{"line":112,"column":41}}]},"7":{"loc":{"start":{"line":116,"column":4},"end":{"line":117,"column":61}},"type":"binary-expr","locations":[{"start":{"line":116,"column":4},"end":{"line":116,"column":20}},{"start":{"line":117,"column":5},"end":{"line":117,"column":60}}]}},"s":{"0":0,"1":0,"2":0,"3":0,"4":0,"5":0,"6":0,"7":0,"8":0,"9":0,"10":0,"11":0,"12":0,"13":0,"14":0,"15":0,"16":0,"17":0,"18":0,"19":0,"20":0,"21":0,"22":0,"23":0,"24":0,"25":0,"26":0,"27":0,"28":0,"29":0,"30":0,"31":0,"32":0,"33":0,"34":0,"35":0,"36":0,"37":0,"38":0,"39":0,"40":0,"41":0,"42":0,"43":0},"f":{"0":0,"1":0,"2":0,"3":0,"4":0,"5":0,"6":0},"b":{"0":[0,0],"1":[0,0],"2":[0,0],"3":[0,0],"4":[0,0],"5":[0,0],"6":[0],"7":[0,0]}}
,"/app/src/catalogos/riesgo-parser.ts": {"path":"/app/src/catalogos/riesgo-parser.ts","statementMap":{"0":{"start":{"line":21,"column":0},"end":{"line":21,"column":16}},"1":{"start":{"line":22,"column":20},"end":{"line":22,"column":22}},"2":{"start":{"line":23,"column":36},"end":{"line":23,"column":38}},"3":{"start":{"line":25,"column":2},"end":{"line":44,"column":3}},"4":{"start":{"line":26,"column":17},"end":{"line":26,"column":54}},"5":{"start":{"line":27,"column":4},"end":{"line":27,"column":24}},"6":{"start":{"line":27,"column":15},"end":{"line":27,"column":24}},"7":{"start":{"line":30,"column":4},"end":{"line":33,"column":5}},"8":{"start":{"line":31,"column":6},"end":{"line":31,"column":62}},"9":{"start":{"line":32,"column":6},"end":{"line":32,"column":15}},"10":{"start":{"line":36,"column":18},"end":{"line":36,"column":50}},"11":{"start":{"line":37,"column":4},"end":{"line":43,"column":5}},"12":{"start":{"line":38,"column":6},"end":{"line":42,"column":9}},"13":{"start":{"line":46,"column":2},"end":{"line":46,"column":16}}},"fnMap":{"0":{"name":"parseRiesgoRows","decl":{"start":{"line":21,"column":16},"end":{"line":21,"column":31}},"loc":{"start":{"line":21,"column":54},"end":{"line":47,"column":1}}}},"branchMap":{"0":{"loc":{"start":{"line":27,"column":4},"end":{"line":27,"column":24}},"type":"if","locations":[{"start":{"line":27,"column":4},"end":{"line":27,"column":24}},{"start":{},"end":{}}]},"1":{"loc":{"start":{"line":30,"column":4},"end":{"line":33,"column":5}},"type":"if","locations":[{"start":{"line":30,"column":4},"end":{"line":33,"column":5}},{"start":{},"end":{}}]},"2":{"loc":{"start":{"line":37,"column":4},"end":{"line":43,"column":5}},"type":"if","locations":[{"start":{"line":37,"column":4},"end":{"line":43,"column":5}},{"start":{},"end":{}}]},"3":{"loc":{"start":{"line":37,"column":8},"end":{"line":37,"column":28}},"type":"binary-expr","locations":[{"start":{"line":37,"column":8},"end":{"line":37,"column":13}},{"start":{"line":37,"column":17},"end":{"line":37,"column":28}}]}},"s":{"0":1,"1":7,"2":7,"3":7,"4":23,"5":23,"6":1,"7":22,"8":6,"9":6,"10":16,"11":16,"12":14,"13":7},"f":{"0":7},"b":{"0":[1,22],"1":[6,16],"2":[14,2],"3":[16,16]}}
,"/app/src/catalogos/dto/create-catalogo.dto.ts": {"path":"/app/src/catalogos/dto/create-catalogo.dto.ts","statementMap":{"0":{"start":{"line":1,"column":0},"end":{"line":1,"column":13}}},"fnMap":{},"branchMap":{},"s":{"0":0},"f":{},"b":{}}
,"/app/src/catalogos/dto/update-catalogo.dto.ts": {"path":"/app/src/catalogos/dto/update-catalogo.dto.ts","statementMap":{"0":{"start":{"line":1,"column":0},"end":{"line":1,"column":58}},"1":{"start":{"line":3,"column":0},"end":{"line":3,"column":13}}},"fnMap":{},"branchMap":{},"s":{"0":0,"1":0},"f":{},"b":{}}
,"/app/src/prisma/prisma.service.ts": {"path":"/app/src/prisma/prisma.service.ts","statementMap":{"0":{"start":{"line":1,"column":0},"end":{"line":1,"column":75}},"1":{"start":{"line":2,"column":0},"end":{"line":2,"column":56}},"2":{"start":{"line":3,"column":0},"end":{"line":3,"column":46}},"3":{"start":{"line":6,"column":7},"end":{"line":23,"column":null}},"4":{"start":{"line":11,"column":29},"end":{"line":11,"column":63}},"5":{"start":{"line":12,"column":20},"end":{"line":12,"column":55}},"6":{"start":{"line":13,"column":4},"end":{"line":13,"column":23}},"7":{"start":{"line":17,"column":4},"end":{"line":17,"column":26}},"8":{"start":{"line":21,"column":4},"end":{"line":21,"column":29}},"9":{"start":{"line":6,"column":13},"end":{"line":6,"column":26}},"10":{"start":{"line":6,"column":13},"end":{"line":23,"column":null}}},"fnMap":{"0":{"name":"(anonymous_2)","decl":{"start":{"line":10,"column":2},"end":{"line":10,"column":null}},"loc":{"start":{"line":10,"column":2},"end":{"line":14,"column":3}}},"1":{"name":"(anonymous_3)","decl":{"start":{"line":16,"column":2},"end":{"line":16,"column":7}},"loc":{"start":{"line":16,"column":20},"end":{"line":18,"column":3}}},"2":{"name":"(anonymous_4)","decl":{"start":{"line":20,"column":2},"end":{"line":20,"column":7}},"loc":{"start":{"line":20,"column":23},"end":{"line":22,"column":3}}}},"branchMap":{},"s":{"0":4,"1":4,"2":4,"3":4,"4":0,"5":0,"6":0,"7":0,"8":0,"9":4,"10":4},"f":{"0":0,"1":0,"2":0},"b":{}}
,"/app/src/reportes/reportes.controller.ts": {"path":"/app/src/reportes/reportes.controller.ts","statementMap":{"0":{"start":{"line":1,"column":0},"end":{"line":1,"column":49}},"1":{"start":{"line":2,"column":0},"end":{"line":2,"column":53}},"2":{"start":{"line":3,"column":0},"end":{"line":3,"column":null}},"3":{"start":{"line":13,"column":7},"end":{"line":53,"column":null}},"4":{"start":{"line":14,"column":31},"end":{"line":14,"column":48}},"5":{"start":{"line":18,"column":4},"end":{"line":26,"column":6}},"6":{"start":{"line":31,"column":4},"end":{"line":31,"column":45}},"7":{"start":{"line":36,"column":4},"end":{"line":36,"column":54}},"8":{"start":{"line":41,"column":4},"end":{"line":41,"column":60}},"9":{"start":{"line":46,"column":4},"end":{"line":46,"column":49}},"10":{"start":{"line":51,"column":4},"end":{"line":51,"column":41}},"11":{"start":{"line":13,"column":13},"end":{"line":13,"column":31}},"12":{"start":{"line":17,"column":2},"end":{"line":27,"column":null}},"13":{"start":{"line":30,"column":2},"end":{"line":32,"column":null}},"14":{"start":{"line":35,"column":2},"end":{"line":37,"column":null}},"15":{"start":{"line":40,"column":2},"end":{"line":42,"column":null}},"16":{"start":{"line":45,"column":2},"end":{"line":47,"column":null}},"17":{"start":{"line":50,"column":2},"end":{"line":52,"column":null}},"18":{"start":{"line":13,"column":13},"end":{"line":53,"column":null}}},"fnMap":{"0":{"name":"(anonymous_2)","decl":{"start":{"line":14,"column":2},"end":{"line":14,"column":31}},"loc":{"start":{"line":14,"column":63},"end":{"line":14,"column":67}}},"1":{"name":"(anonymous_3)","decl":{"start":{"line":17,"column":2},"end":{"line":17,"column":11}},"loc":{"start":{"line":17,"column":11},"end":{"line":27,"column":3}}},"2":{"name":"(anonymous_4)","decl":{"start":{"line":30,"column":2},"end":{"line":30,"column":12}},"loc":{"start":{"line":30,"column":12},"end":{"line":32,"column":3}}},"3":{"name":"(anonymous_5)","decl":{"start":{"line":35,"column":2},"end":{"line":35,"column":21}},"loc":{"start":{"line":35,"column":21},"end":{"line":37,"column":3}}},"4":{"name":"(anonymous_6)","decl":{"start":{"line":40,"column":2},"end":{"line":40,"column":27}},"loc":{"start":{"line":40,"column":27},"end":{"line":42,"column":3}}},"5":{"name":"(anonymous_7)","decl":{"start":{"line":45,"column":2},"end":{"line":45,"column":16}},"loc":{"start":{"line":45,"column":16},"end":{"line":47,"column":3}}},"6":{"name":"(anonymous_8)","decl":{"start":{"line":50,"column":2},"end":{"line":50,"column":8}},"loc":{"start":{"line":50,"column":8},"end":{"line":52,"column":3}}}},"branchMap":{"0":{"loc":{"start":{"line":17,"column":15},"end":{"line":17,"column":null}},"type":"cond-expr","locations":[{"start":{"line":17,"column":31},"end":{"line":17,"column":null}},{"start":{"line":17,"column":31},"end":{"line":17,"column":null}}]},"1":{"loc":{"start":{"line":17,"column":15},"end":{"line":17,"column":31}},"type":"binary-expr","locations":[{"start":{"line":17,"column":15},"end":{"line":17,"column":null}},{"start":{"line":17,"column":15},"end":{"line":17,"column":31}}]},"2":{"loc":{"start":{"line":30,"column":16},"end":{"line":30,"column":null}},"type":"cond-expr","locations":[{"start":{"line":30,"column":23},"end":{"line":30,"column":null}},{"start":{"line":30,"column":23},"end":{"line":30,"column":null}}]},"3":{"loc":{"start":{"line":30,"column":16},"end":{"line":30,"column":23}},"type":"binary-expr","locations":[{"start":{"line":30,"column":16},"end":{"line":30,"column":null}},{"start":{"line":30,"column":16},"end":{"line":30,"column":23}}]},"4":{"loc":{"start":{"line":35,"column":25},"end":{"line":35,"column":null}},"type":"cond-expr","locations":[{"start":{"line":35,"column":32},"end":{"line":35,"column":null}},{"start":{"line":35,"column":32},"end":{"line":35,"column":null}}]},"5":{"loc":{"start":{"line":35,"column":25},"end":{"line":35,"column":32}},"type":"binary-expr","locations":[{"start":{"line":35,"column":25},"end":{"line":35,"column":null}},{"start":{"line":35,"column":25},"end":{"line":35,"column":32}}]},"6":{"loc":{"start":{"line":40,"column":31},"end":{"line":40,"column":null}},"type":"cond-expr","locations":[{"start":{"line":40,"column":38},"end":{"line":40,"column":null}},{"start":{"line":40,"column":38},"end":{"line":40,"column":null}}]},"7":{"loc":{"start":{"line":40,"column":31},"end":{"line":40,"column":38}},"type":"binary-expr","locations":[{"start":{"line":40,"column":31},"end":{"line":40,"column":null}},{"start":{"line":40,"column":31},"end":{"line":40,"column":38}}]},"8":{"loc":{"start":{"line":45,"column":20},"end":{"line":45,"column":null}},"type":"cond-expr","locations":[{"start":{"line":45,"column":27},"end":{"line":45,"column":null}},{"start":{"line":45,"column":27},"end":{"line":45,"column":null}}]},"9":{"loc":{"start":{"line":45,"column":20},"end":{"line":45,"column":27}},"type":"binary-expr","locations":[{"start":{"line":45,"column":20},"end":{"line":45,"column":null}},{"start":{"line":45,"column":20},"end":{"line":45,"column":27}}]},"10":{"loc":{"start":{"line":50,"column":12},"end":{"line":50,"column":null}},"type":"cond-expr","locations":[{"start":{"line":50,"column":19},"end":{"line":50,"column":null}},{"start":{"line":50,"column":19},"end":{"line":50,"column":null}}]},"11":{"loc":{"start":{"line":50,"column":12},"end":{"line":50,"column":19}},"type":"binary-expr","locations":[{"start":{"line":50,"column":12},"end":{"line":50,"column":null}},{"start":{"line":50,"column":12},"end":{"line":50,"column":19}}]},"12":{"loc":{"start":{"line":14,"column":48},"end":{"line":14,"column":66}},"type":"cond-expr","locations":[{"start":{"line":14,"column":63},"end":{"line":14,"column":66}},{"start":{"line":14,"column":63},"end":{"line":14,"column":66}}]},"13":{"loc":{"start":{"line":14,"column":48},"end":{"line":14,"column":63}},"type":"binary-expr","locations":[{"start":{"line":14,"column":48},"end":{"line":14,"column":66}},{"start":{"line":14,"column":48},"end":{"line":14,"column":63}}]}},"s":{"0":1,"1":1,"2":1,"3":1,"4":7,"5":1,"6":1,"7":1,"8":1,"9":1,"10":1,"11":1,"12":1,"13":1,"14":1,"15":1,"16":1,"17":1,"18":1},"f":{"0":7,"1":1,"2":1,"3":1,"4":1,"5":1,"6":1},"b":{"0":[1,0],"1":[1,1],"2":[1,0],"3":[1,1],"4":[1,0],"5":[1,1],"6":[1,0],"7":[1,1],"8":[1,0],"9":[1,1],"10":[1,0],"11":[1,1],"12":[1,0],"13":[1,1]}}
,"/app/src/reportes/reportes.module.ts": {"path":"/app/src/reportes/reportes.module.ts","statementMap":{"0":{"start":{"line":1,"column":0},"end":{"line":1,"column":40}},"1":{"start":{"line":2,"column":0},"end":{"line":2,"column":53}},"2":{"start":{"line":3,"column":0},"end":{"line":3,"column":59}},"3":{"start":{"line":4,"column":0},"end":{"line":4,"column":57}},"4":{"start":{"line":10,"column":7},"end":{"line":10,"column":null}},"5":{"start":{"line":10,"column":13},"end":{"line":10,"column":27}},"6":{"start":{"line":10,"column":13},"end":{"line":10,"column":null}}},"fnMap":{},"branchMap":{},"s":{"0":0,"1":0,"2":0,"3":0,"4":0,"5":0,"6":0},"f":{},"b":{}}
,"/app/src/reportes/reportes.service.ts": {"path":"/app/src/reportes/reportes.service.ts","statementMap":{"0":{"start":{"line":1,"column":0},"end":{"line":1,"column":71}},"1":{"start":{"line":2,"column":0},"end":{"line":2,"column":57}},"2":{"start":{"line":13,"column":7},"end":{"line":257,"column":null}},"3":{"start":{"line":14,"column":31},"end":{"line":14,"column":39}},"4":{"start":{"line":17,"column":21},"end":{"line":17,"column":57}},"5":{"start":{"line":18,"column":4},"end":{"line":18,"column":84}},"6":{"start":{"line":18,"column":39},"end":{"line":18,"column":81}},"7":{"start":{"line":22,"column":4},"end":{"line":22,"column":42}},"8":{"start":{"line":26,"column":4},"end":{"line":62,"column":5}},"9":{"start":{"line":27,"column":18},"end":{"line":27,"column":63}},"10":{"start":{"line":28,"column":23},"end":{"line":28,"column":65}},"11":{"start":{"line":30,"column":27},"end":{"line":30,"column":37}},"12":{"start":{"line":31,"column":24},"end":{"line":31,"column":76}},"13":{"start":{"line":31,"column":42},"end":{"line":31,"column":68}},"14":{"start":{"line":32,"column":24},"end":{"line":32,"column":48}},"15":{"start":{"line":34,"column":34},"end":{"line":34,"column":48}},"16":{"start":{"line":35,"column":6},"end":{"line":40,"column":7}},"17":{"start":{"line":36,"column":22},"end":{"line":36,"column":35}},"18":{"start":{"line":37,"column":8},"end":{"line":39,"column":62}},"19":{"start":{"line":37,"column":30},"end":{"line":37,"column":57}},"20":{"start":{"line":38,"column":13},"end":{"line":39,"column":62}},"21":{"start":{"line":38,"column":36},"end":{"line":38,"column":64}},"22":{"start":{"line":39,"column":13},"end":{"line":39,"column":62}},"23":{"start":{"line":39,"column":35},"end":{"line":39,"column":62}},"24":{"start":{"line":42,"column":36},"end":{"line":42,"column":50}},"25":{"start":{"line":43,"column":6},"end":{"line":48,"column":7}},"26":{"start":{"line":44,"column":22},"end":{"line":44,"column":42}},"27":{"start":{"line":45,"column":8},"end":{"line":47,"column":64}},"28":{"start":{"line":45,"column":30},"end":{"line":45,"column":59}},"29":{"start":{"line":46,"column":13},"end":{"line":47,"column":64}},"30":{"start":{"line":46,"column":36},"end":{"line":46,"column":66}},"31":{"start":{"line":47,"column":13},"end":{"line":47,"column":64}},"32":{"start":{"line":47,"column":35},"end":{"line":47,"column":64}},"33":{"start":{"line":50,"column":6},"end":{"line":56,"column":8}},"34":{"start":{"line":58,"column":6},"end":{"line":61,"column":8}},"35":{"start":{"line":66,"column":4},"end":{"line":117,"column":5}},"36":{"start":{"line":67,"column":18},"end":{"line":67,"column":63}},"37":{"start":{"line":68,"column":23},"end":{"line":68,"column":65}},"38":{"start":{"line":71,"column":26},"end":{"line":71,"column":58}},"39":{"start":{"line":72,"column":6},"end":{"line":76,"column":7}},"40":{"start":{"line":73,"column":8},"end":{"line":75,"column":9}},"41":{"start":{"line":74,"column":10},"end":{"line":74,"column":66}},"42":{"start":{"line":79,"column":22},"end":{"line":100,"column":null}},"43":{"start":{"line":81,"column":45},"end":{"line":88,"column":12}},"44":{"start":{"line":90,"column":10},"end":{"line":99,"column":34}},"45":{"start":{"line":104,"column":6},"end":{"line":109,"column":9}},"46":{"start":{"line":105,"column":8},"end":{"line":105,"column":79}},"47":{"start":{"line":105,"column":70},"end":{"line":105,"column":79}},"48":{"start":{"line":106,"column":8},"end":{"line":106,"column":49}},"49":{"start":{"line":106,"column":40},"end":{"line":106,"column":49}},"50":{"start":{"line":107,"column":8},"end":{"line":107,"column":50}},"51":{"start":{"line":107,"column":40},"end":{"line":107,"column":50}},"52":{"start":{"line":108,"column":8},"end":{"line":108,"column":55}},"53":{"start":{"line":111,"column":6},"end":{"line":111,"column":21}},"54":{"start":{"line":113,"column":6},"end":{"line":116,"column":8}},"55":{"start":{"line":121,"column":4},"end":{"line":179,"column":5}},"56":{"start":{"line":122,"column":18},"end":{"line":122,"column":63}},"57":{"start":{"line":125,"column":21},"end":{"line":125,"column":null}},"58":{"start":{"line":130,"column":6},"end":{"line":151,"column":7}},"59":{"start":{"line":131,"column":18},"end":{"line":138,"column":10}},"60":{"start":{"line":139,"column":8},"end":{"line":139,"column":25}},"61":{"start":{"line":141,"column":8},"end":{"line":143,"column":60}},"62":{"start":{"line":141,"column":39},"end":{"line":141,"column":55}},"63":{"start":{"line":142,"column":13},"end":{"line":143,"column":60}},"64":{"start":{"line":142,"column":45},"end":{"line":142,"column":62}},"65":{"start":{"line":143,"column":13},"end":{"line":143,"column":60}},"66":{"start":{"line":143,"column":44},"end":{"line":143,"column":60}},"67":{"start":{"line":145,"column":8},"end":{"line":148,"column":9}},"68":{"start":{"line":146,"column":10},"end":{"line":146,"column":50}},"69":{"start":{"line":147,"column":10},"end":{"line":147,"column":30}},"70":{"start":{"line":150,"column":8},"end":{"line":150,"column":41}},"71":{"start":{"line":154,"column":50},"end":{"line":154,"column":52}},"72":{"start":{"line":155,"column":6},"end":{"line":171,"column":7}},"73":{"start":{"line":156,"column":19},"end":{"line":158,"column":10}},"74":{"start":{"line":159,"column":8},"end":{"line":170,"column":11}},"75":{"start":{"line":173,"column":6},"end":{"line":173,"column":21}},"76":{"start":{"line":175,"column":6},"end":{"line":178,"column":8}},"77":{"start":{"line":183,"column":4},"end":{"line":215,"column":5}},"78":{"start":{"line":184,"column":23},"end":{"line":184,"column":65}},"79":{"start":{"line":186,"column":58},"end":{"line":191,"column":8}},"80":{"start":{"line":193,"column":22},"end":{"line":193,"column":23}},"81":{"start":{"line":194,"column":24},"end":{"line":194,"column":25}},"82":{"start":{"line":196,"column":6},"end":{"line":204,"column":7}},"83":{"start":{"line":197,"column":23},"end":{"line":197,"column":42}},"84":{"start":{"line":198,"column":8},"end":{"line":200,"column":9}},"85":{"start":{"line":199,"column":10},"end":{"line":199,"column":40}},"86":{"start":{"line":202,"column":8},"end":{"line":203,"column":67}},"87":{"start":{"line":202,"column":46},"end":{"line":202,"column":58}},"88":{"start":{"line":203,"column":13},"end":{"line":203,"column":67}},"89":{"start":{"line":203,"column":53},"end":{"line":203,"column":67}},"90":{"start":{"line":206,"column":6},"end":{"line":209,"column":8}},"91":{"start":{"line":211,"column":6},"end":{"line":214,"column":8}},"92":{"start":{"line":219,"column":4},"end":{"line":255,"column":5}},"93":{"start":{"line":220,"column":25},"end":{"line":220,"column":53}},"94":{"start":{"line":221,"column":18},"end":{"line":221,"column":63}},"95":{"start":{"line":223,"column":31},"end":{"line":223,"column":45}},"96":{"start":{"line":224,"column":25},"end":{"line":224,"column":39}},"97":{"start":{"line":225,"column":29},"end":{"line":225,"column":43}},"98":{"start":{"line":227,"column":6},"end":{"line":247,"column":7}},"99":{"start":{"line":228,"column":18},"end":{"line":228,"column":55}},"100":{"start":{"line":229,"column":18},"end":{"line":229,"column":49}},"101":{"start":{"line":230,"column":18},"end":{"line":230,"column":53}},"102":{"start":{"line":232,"column":8},"end":{"line":236,"column":9}},"103":{"start":{"line":233,"column":10},"end":{"line":235,"column":63}},"104":{"start":{"line":233,"column":34},"end":{"line":233,"column":58}},"105":{"start":{"line":234,"column":15},"end":{"line":235,"column":63}},"106":{"start":{"line":234,"column":40},"end":{"line":234,"column":65}},"107":{"start":{"line":235,"column":15},"end":{"line":235,"column":63}},"108":{"start":{"line":235,"column":39},"end":{"line":235,"column":63}},"109":{"start":{"line":237,"column":8},"end":{"line":241,"column":9}},"110":{"start":{"line":238,"column":10},"end":{"line":240,"column":57}},"111":{"start":{"line":238,"column":34},"end":{"line":238,"column":52}},"112":{"start":{"line":239,"column":15},"end":{"line":240,"column":57}},"113":{"start":{"line":239,"column":40},"end":{"line":239,"column":59}},"114":{"start":{"line":240,"column":15},"end":{"line":240,"column":57}},"115":{"start":{"line":240,"column":39},"end":{"line":240,"column":57}},"116":{"start":{"line":242,"column":8},"end":{"line":246,"column":9}},"117":{"start":{"line":243,"column":10},"end":{"line":245,"column":61}},"118":{"start":{"line":243,"column":34},"end":{"line":243,"column":56}},"119":{"start":{"line":244,"column":15},"end":{"line":245,"column":61}},"120":{"start":{"line":244,"column":40},"end":{"line":244,"column":63}},"121":{"start":{"line":245,"column":15},"end":{"line":245,"column":61}},"122":{"start":{"line":245,"column":39},"end":{"line":245,"column":61}},"123":{"start":{"line":249,"column":6},"end":{"line":249,"column":62}},"124":{"start":{"line":251,"column":6},"end":{"line":254,"column":8}},"125":{"start":{"line":13,"column":13},"end":{"line":13,"column":28}},"126":{"start":{"line":13,"column":13},"end":{"line":257,"column":null}}},"fnMap":{"0":{"name":"(anonymous_2)","decl":{"start":{"line":14,"column":2},"end":{"line":14,"column":31}},"loc":{"start":{"line":14,"column":52},"end":{"line":14,"column":56}}},"1":{"name":"(anonymous_3)","decl":{"start":{"line":16,"column":10},"end":{"line":16,"column":15}},"loc":{"start":{"line":16,"column":31},"end":{"line":19,"column":3}}},"2":{"name":"(anonymous_4)","decl":{"start":{"line":18,"column":32},"end":{"line":18,"column":33}},"loc":{"start":{"line":18,"column":39},"end":{"line":18,"column":81}}},"3":{"name":"(anonymous_5)","decl":{"start":{"line":21,"column":10},"end":{"line":21,"column":17}},"loc":{"start":{"line":21,"column":17},"end":{"line":23,"column":3}}},"4":{"name":"(anonymous_6)","decl":{"start":{"line":25,"column":2},"end":{"line":25,"column":7}},"loc":{"start":{"line":25,"column":18},"end":{"line":63,"column":3}}},"5":{"name":"(anonymous_7)","decl":{"start":{"line":31,"column":35},"end":{"line":31,"column":36}},"loc":{"start":{"line":31,"column":42},"end":{"line":31,"column":68}}},"6":{"name":"(anonymous_8)","decl":{"start":{"line":65,"column":2},"end":{"line":65,"column":7}},"loc":{"start":{"line":65,"column":27},"end":{"line":118,"column":3}}},"7":{"name":"(anonymous_9)","decl":{"start":{"line":80,"column":16},"end":{"line":80,"column":21}},"loc":{"start":{"line":80,"column":29},"end":{"line":100,"column":9}}},"8":{"name":"(anonymous_10)","decl":{"start":{"line":104,"column":19},"end":{"line":104,"column":20}},"loc":{"start":{"line":104,"column":28},"end":{"line":109,"column":7}}},"9":{"name":"(anonymous_11)","decl":{"start":{"line":120,"column":2},"end":{"line":120,"column":7}},"loc":{"start":{"line":120,"column":33},"end":{"line":180,"column":3}}},"10":{"name":"(anonymous_12)","decl":{"start":{"line":182,"column":2},"end":{"line":182,"column":7}},"loc":{"start":{"line":182,"column":22},"end":{"line":216,"column":3}}},"11":{"name":"(anonymous_13)","decl":{"start":{"line":218,"column":2},"end":{"line":218,"column":7}},"loc":{"start":{"line":218,"column":14},"end":{"line":256,"column":3}}}},"branchMap":{"0":{"loc":{"start":{"line":37,"column":8},"end":{"line":39,"column":62}},"type":"if","locations":[{"start":{"line":37,"column":8},"end":{"line":39,"column":62}},{"start":{"line":38,"column":13},"end":{"line":39,"column":62}}]},"1":{"loc":{"start":{"line":38,"column":13},"end":{"line":39,"column":62}},"type":"if","locations":[{"start":{"line":38,"column":13},"end":{"line":39,"column":62}},{"start":{"line":39,"column":13},"end":{"line":39,"column":62}}]},"2":{"loc":{"start":{"line":39,"column":13},"end":{"line":39,"column":62}},"type":"if","locations":[{"start":{"line":39,"column":13},"end":{"line":39,"column":62}},{"start":{},"end":{}}]},"3":{"loc":{"start":{"line":45,"column":8},"end":{"line":47,"column":64}},"type":"if","locations":[{"start":{"line":45,"column":8},"end":{"line":47,"column":64}},{"start":{"line":46,"column":13},"end":{"line":47,"column":64}}]},"4":{"loc":{"start":{"line":46,"column":13},"end":{"line":47,"column":64}},"type":"if","locations":[{"start":{"line":46,"column":13},"end":{"line":47,"column":64}},{"start":{"line":47,"column":13},"end":{"line":47,"column":64}}]},"5":{"loc":{"start":{"line":47,"column":13},"end":{"line":47,"column":64}},"type":"if","locations":[{"start":{"line":47,"column":13},"end":{"line":47,"column":64}},{"start":{},"end":{}}]},"6":{"loc":{"start":{"line":73,"column":8},"end":{"line":75,"column":9}},"type":"if","locations":[{"start":{"line":73,"column":8},"end":{"line":75,"column":9}},{"start":{},"end":{}}]},"7":{"loc":{"start":{"line":93,"column":24},"end":{"line":93,"column":59}},"type":"binary-expr","locations":[{"start":{"line":93,"column":24},"end":{"line":93,"column":42}},{"start":{"line":93,"column":46},"end":{"line":93,"column":59}}]},"8":{"loc":{"start":{"line":94,"column":26},"end":{"line":94,"column":63}},"type":"binary-expr","locations":[{"start":{"line":94,"column":26},"end":{"line":94,"column":46}},{"start":{"line":94,"column":50},"end":{"line":94,"column":63}}]},"9":{"loc":{"start":{"line":98,"column":28},"end":{"line":98,"column":58}},"type":"binary-expr","locations":[{"start":{"line":98,"column":28},"end":{"line":98,"column":50}},{"start":{"line":98,"column":54},"end":{"line":98,"column":58}}]},"10":{"loc":{"start":{"line":105,"column":8},"end":{"line":105,"column":79}},"type":"if","locations":[{"start":{"line":105,"column":8},"end":{"line":105,"column":79}},{"start":{},"end":{}}]},"11":{"loc":{"start":{"line":105,"column":12},"end":{"line":105,"column":68}},"type":"binary-expr","locations":[{"start":{"line":105,"column":12},"end":{"line":105,"column":38}},{"start":{"line":105,"column":42},"end":{"line":105,"column":68}}]},"12":{"loc":{"start":{"line":106,"column":8},"end":{"line":106,"column":49}},"type":"if","locations":[{"start":{"line":106,"column":8},"end":{"line":106,"column":49}},{"start":{},"end":{}}]},"13":{"loc":{"start":{"line":107,"column":8},"end":{"line":107,"column":50}},"type":"if","locations":[{"start":{"line":107,"column":8},"end":{"line":107,"column":50}},{"start":{},"end":{}}]},"14":{"loc":{"start":{"line":131,"column":18},"end":{"line":138,"column":10}},"type":"binary-expr","locations":[{"start":{"line":131,"column":18},"end":{"line":131,"column":47}},{"start":{"line":131,"column":51},"end":{"line":138,"column":10}}]},"15":{"loc":{"start":{"line":141,"column":8},"end":{"line":143,"column":60}},"type":"if","locations":[{"start":{"line":141,"column":8},"end":{"line":143,"column":60}},{"start":{"line":142,"column":13},"end":{"line":143,"column":60}}]},"16":{"loc":{"start":{"line":142,"column":13},"end":{"line":143,"column":60}},"type":"if","locations":[{"start":{"line":142,"column":13},"end":{"line":143,"column":60}},{"start":{"line":143,"column":13},"end":{"line":143,"column":60}}]},"17":{"loc":{"start":{"line":143,"column":13},"end":{"line":143,"column":60}},"type":"if","locations":[{"start":{"line":143,"column":13},"end":{"line":143,"column":60}},{"start":{},"end":{}}]},"18":{"loc":{"start":{"line":145,"column":8},"end":{"line":148,"column":9}},"type":"if","locations":[{"start":{"line":145,"column":8},"end":{"line":148,"column":9}},{"start":{},"end":{}}]},"19":{"loc":{"start":{"line":161,"column":24},"end":{"line":161,"column":51}},"type":"binary-expr","locations":[{"start":{"line":161,"column":24},"end":{"line":161,"column":34}},{"start":{"line":161,"column":38},"end":{"line":161,"column":51}}]},"20":{"loc":{"start":{"line":167,"column":12},"end":{"line":169,"column":17}},"type":"cond-expr","locations":[{"start":{"line":168,"column":16},"end":{"line":168,"column":78}},{"start":{"line":169,"column":16},"end":{"line":169,"column":17}}]},"21":{"loc":{"start":{"line":198,"column":8},"end":{"line":200,"column":9}},"type":"if","locations":[{"start":{"line":198,"column":8},"end":{"line":200,"column":9}},{"start":{},"end":{}}]},"22":{"loc":{"start":{"line":198,"column":12},"end":{"line":198,"column":51}},"type":"binary-expr","locations":[{"start":{"line":198,"column":12},"end":{"line":198,"column":18}},{"start":{"line":198,"column":22},"end":{"line":198,"column":51}}]},"23":{"loc":{"start":{"line":202,"column":8},"end":{"line":203,"column":67}},"type":"if","locations":[{"start":{"line":202,"column":8},"end":{"line":203,"column":67}},{"start":{"line":203,"column":13},"end":{"line":203,"column":67}}]},"24":{"loc":{"start":{"line":203,"column":13},"end":{"line":203,"column":67}},"type":"if","locations":[{"start":{"line":203,"column":13},"end":{"line":203,"column":67}},{"start":{},"end":{}}]},"25":{"loc":{"start":{"line":232,"column":8},"end":{"line":236,"column":9}},"type":"if","locations":[{"start":{"line":232,"column":8},"end":{"line":236,"column":9}},{"start":{},"end":{}}]},"26":{"loc":{"start":{"line":233,"column":10},"end":{"line":235,"column":63}},"type":"if","locations":[{"start":{"line":233,"column":10},"end":{"line":235,"column":63}},{"start":{"line":234,"column":15},"end":{"line":235,"column":63}}]},"27":{"loc":{"start":{"line":234,"column":15},"end":{"line":235,"column":63}},"type":"if","locations":[{"start":{"line":234,"column":15},"end":{"line":235,"column":63}},{"start":{"line":235,"column":15},"end":{"line":235,"column":63}}]},"28":{"loc":{"start":{"line":235,"column":15},"end":{"line":235,"column":63}},"type":"if","locations":[{"start":{"line":235,"column":15},"end":{"line":235,"column":63}},{"start":{},"end":{}}]},"29":{"loc":{"start":{"line":237,"column":8},"end":{"line":241,"column":9}},"type":"if","locations":[{"start":{"line":237,"column":8},"end":{"line":241,"column":9}},{"start":{},"end":{}}]},"30":{"loc":{"start":{"line":238,"column":10},"end":{"line":240,"column":57}},"type":"if","locations":[{"start":{"line":238,"column":10},"end":{"line":240,"column":57}},{"start":{"line":239,"column":15},"end":{"line":240,"column":57}}]},"31":{"loc":{"start":{"line":239,"column":15},"end":{"line":240,"column":57}},"type":"if","locations":[{"start":{"line":239,"column":15},"end":{"line":240,"column":57}},{"start":{"line":240,"column":15},"end":{"line":240,"column":57}}]},"32":{"loc":{"start":{"line":240,"column":15},"end":{"line":240,"column":57}},"type":"if","locations":[{"start":{"line":240,"column":15},"end":{"line":240,"column":57}},{"start":{},"end":{}}]},"33":{"loc":{"start":{"line":242,"column":8},"end":{"line":246,"column":9}},"type":"if","locations":[{"start":{"line":242,"column":8},"end":{"line":246,"column":9}},{"start":{},"end":{}}]},"34":{"loc":{"start":{"line":243,"column":10},"end":{"line":245,"column":61}},"type":"if","locations":[{"start":{"line":243,"column":10},"end":{"line":245,"column":61}},{"start":{"line":244,"column":15},"end":{"line":245,"column":61}}]},"35":{"loc":{"start":{"line":244,"column":15},"end":{"line":245,"column":61}},"type":"if","locations":[{"start":{"line":244,"column":15},"end":{"line":245,"column":61}},{"start":{"line":245,"column":15},"end":{"line":245,"column":61}}]},"36":{"loc":{"start":{"line":245,"column":15},"end":{"line":245,"column":61}},"type":"if","locations":[{"start":{"line":245,"column":15},"end":{"line":245,"column":61}},{"start":{},"end":{}}]},"37":{"loc":{"start":{"line":14,"column":39},"end":{"line":14,"column":55}},"type":"cond-expr","locations":[{"start":{"line":14,"column":52},"end":{"line":14,"column":55}},{"start":{"line":14,"column":52},"end":{"line":14,"column":55}}]},"38":{"loc":{"start":{"line":14,"column":39},"end":{"line":14,"column":52}},"type":"binary-expr","locations":[{"start":{"line":14,"column":39},"end":{"line":14,"column":55}},{"start":{"line":14,"column":39},"end":{"line":14,"column":52}}]}},"s":{"0":2,"1":2,"2":2,"3":15,"4":3,"5":3,"6":9,"7":10,"8":4,"9":4,"10":2,"11":2,"12":2,"13":3,"14":2,"15":2,"16":2,"17":3,"18":3,"19":1,"20":2,"21":2,"22":0,"23":0,"24":2,"25":2,"26":3,"27":3,"28":0,"29":3,"30":1,"31":2,"32":2,"33":2,"34":2,"35":3,"36":3,"37":2,"38":2,"39":2,"40":2,"41":2,"42":2,"43":2,"44":2,"45":2,"46":1,"47":0,"48":1,"49":0,"50":1,"51":0,"52":1,"53":2,"54":1,"55":3,"56":3,"57":2,"58":2,"59":3,"60":3,"61":3,"62":1,"63":2,"64":1,"65":1,"66":1,"67":3,"68":3,"69":3,"70":3,"71":2,"72":2,"73":2,"74":2,"75":2,"76":1,"77":3,"78":3,"79":2,"80":2,"81":2,"82":2,"83":5,"84":5,"85":5,"86":5,"87":3,"88":2,"89":2,"90":2,"91":1,"92":3,"93":3,"94":3,"95":2,"96":2,"97":2,"98":2,"99":3,"100":3,"101":3,"102":3,"103":3,"104":2,"105":1,"106":1,"107":0,"108":0,"109":3,"110":3,"111":1,"112":2,"113":2,"114":0,"115":0,"116":3,"117":3,"118":1,"119":2,"120":1,"121":1,"122":1,"123":2,"124":1,"125":2,"126":2},"f":{"0":15,"1":3,"2":9,"3":10,"4":4,"5":3,"6":3,"7":2,"8":1,"9":3,"10":3,"11":3},"b":{"0":[1,2],"1":[2,0],"2":[0,0],"3":[0,3],"4":[1,2],"5":[2,0],"6":[2,0],"7":[2,0],"8":[2,0],"9":[2,0],"10":[0,1],"11":[1,0],"12":[0,1],"13":[0,1],"14":[3,2],"15":[1,2],"16":[1,1],"17":[1,0],"18":[3,0],"19":[2,0],"20":[2,0],"21":[5,0],"22":[5,5],"23":[3,2],"24":[2,0],"25":[3,0],"26":[2,1],"27":[1,0],"28":[0,0],"29":[3,0],"30":[1,2],"31":[2,0],"32":[0,0],"33":[3,0],"34":[1,2],"35":[1,1],"36":[1,0],"37":[2,0],"38":[2,2]}}
,"/app/src/reportes/dto/reporte-response.dto.ts": {"path":"/app/src/reportes/dto/reporte-response.dto.ts","statementMap":{"0":{"start":{"line":1,"column":0},"end":{"line":1,"column":13}},"1":{"start":{"line":7,"column":0},"end":{"line":7,"column":13}},"2":{"start":{"line":15,"column":0},"end":{"line":15,"column":13}},"3":{"start":{"line":26,"column":0},"end":{"line":26,"column":13}},"4":{"start":{"line":36,"column":0},"end":{"line":36,"column":13}},"5":{"start":{"line":41,"column":0},"end":{"line":41,"column":13}},"6":{"start":{"line":47,"column":0},"end":{"line":47,"column":13}}},"fnMap":{},"branchMap":{},"s":{"0":1,"1":1,"2":1,"3":1,"4":1,"5":1,"6":1},"f":{},"b":{}}
,"/app/src/valoraciones/calculo-riesgo.service.ts": {"path":"/app/src/valoraciones/calculo-riesgo.service.ts","statementMap":{"0":{"start":{"line":49,"column":0},"end":{"line":49,"column":16}},"1":{"start":{"line":15,"column":2},"end":{"line":15,"column":37}},"2":{"start":{"line":15,"column":23},"end":{"line":15,"column":37}},"3":{"start":{"line":16,"column":2},"end":{"line":16,"column":38}},"4":{"start":{"line":16,"column":23},"end":{"line":16,"column":38}},"5":{"start":{"line":17,"column":2},"end":{"line":17,"column":16}},"6":{"start":{"line":26,"column":2},"end":{"line":28,"column":41}},"7":{"start":{"line":35,"column":2},"end":{"line":35,"column":42}},"8":{"start":{"line":35,"column":23},"end":{"line":35,"column":42}},"9":{"start":{"line":36,"column":2},"end":{"line":36,"column":43}},"10":{"start":{"line":36,"column":23},"end":{"line":36,"column":43}},"11":{"start":{"line":37,"column":2},"end":{"line":37,"column":22}},"12":{"start":{"line":56,"column":27},"end":{"line":56,"column":66}},"13":{"start":{"line":57,"column":22},"end":{"line":57,"column":57}},"14":{"start":{"line":58,"column":28},"end":{"line":58,"column":69}},"15":{"start":{"line":59,"column":22},"end":{"line":59,"column":57}},"16":{"start":{"line":61,"column":34},"end":{"line":70,"column":4}},"17":{"start":{"line":72,"column":2},"end":{"line":85,"column":3}},"18":{"start":{"line":77,"column":6},"end":{"line":77,"column":59}},"19":{"start":{"line":78,"column":31},"end":{"line":78,"column":73}},"20":{"start":{"line":80,"column":6},"end":{"line":80,"column":64}},"21":{"start":{"line":82,"column":4},"end":{"line":82,"column":61}},"22":{"start":{"line":83,"column":4},"end":{"line":83,"column":51}},"23":{"start":{"line":84,"column":4},"end":{"line":84,"column":43}},"24":{"start":{"line":87,"column":2},"end":{"line":87,"column":16}}},"fnMap":{"0":{"name":"deriveNivelRiesgo","decl":{"start":{"line":14,"column":9},"end":{"line":14,"column":26}},"loc":{"start":{"line":14,"column":45},"end":{"line":18,"column":1}}},"1":{"name":"deriveMetodoTratamiento","decl":{"start":{"line":23,"column":9},"end":{"line":23,"column":32}},"loc":{"start":{"line":24,"column":20},"end":{"line":29,"column":1}}},"2":{"name":"deriveTipoControl","decl":{"start":{"line":34,"column":9},"end":{"line":34,"column":26}},"loc":{"start":{"line":34,"column":45},"end":{"line":38,"column":1}}},"3":{"name":"calculateRiesgo","decl":{"start":{"line":49,"column":16},"end":{"line":49,"column":31}},"loc":{"start":{"line":54,"column":37},"end":{"line":88,"column":1}}}},"branchMap":{"0":{"loc":{"start":{"line":15,"column":2},"end":{"line":15,"column":37}},"type":"if","locations":[{"start":{"line":15,"column":2},"end":{"line":15,"column":37}},{"start":{},"end":{}}]},"1":{"loc":{"start":{"line":16,"column":2},"end":{"line":16,"column":38}},"type":"if","locations":[{"start":{"line":16,"column":2},"end":{"line":16,"column":38}},{"start":{},"end":{}}]},"2":{"loc":{"start":{"line":26,"column":9},"end":{"line":28,"column":40}},"type":"cond-expr","locations":[{"start":{"line":27,"column":6},"end":{"line":27,"column":25}},{"start":{"line":28,"column":6},"end":{"line":28,"column":40}}]},"3":{"loc":{"start":{"line":35,"column":2},"end":{"line":35,"column":42}},"type":"if","locations":[{"start":{"line":35,"column":2},"end":{"line":35,"column":42}},{"start":{},"end":{}}]},"4":{"loc":{"start":{"line":36,"column":2},"end":{"line":36,"column":43}},"type":"if","locations":[{"start":{"line":36,"column":2},"end":{"line":36,"column":43}},{"start":{},"end":{}}]},"5":{"loc":{"start":{"line":72,"column":2},"end":{"line":85,"column":3}},"type":"if","locations":[{"start":{"line":72,"column":2},"end":{"line":85,"column":3}},{"start":{},"end":{}}]},"6":{"loc":{"start":{"line":73,"column":4},"end":{"line":74,"column":44}},"type":"binary-expr","locations":[{"start":{"line":73,"column":4},"end":{"line":73,"column":37}},{"start":{"line":74,"column":4},"end":{"line":74,"column":44}}]},"7":{"loc":{"start":{"line":80,"column":6},"end":{"line":80,"column":64}},"type":"cond-expr","locations":[{"start":{"line":80,"column":37},"end":{"line":80,"column":48}},{"start":{"line":80,"column":51},"end":{"line":80,"column":64}}]}},"s":{"0":2,"1":43,"2":21,"3":22,"4":13,"5":9,"6":38,"7":38,"8":18,"9":20,"10":12,"11":8,"12":38,"13":38,"14":38,"15":38,"16":38,"17":38,"18":5,"19":5,"20":5,"21":5,"22":5,"23":5,"24":38},"f":{"0":43,"1":38,"2":38,"3":38},"b":{"0":[21,22],"1":[13,9],"2":[18,20],"3":[18,20],"4":[12,8],"5":[5,33],"6":[38,5],"7":[3,2]}}
,"/app/src/valoraciones/valoraciones.controller.ts": {"path":"/app/src/valoraciones/valoraciones.controller.ts","statementMap":{"0":{"start":{"line":1,"column":0},"end":{"line":1,"column":null}},"1":{"start":{"line":11,"column":0},"end":{"line":11,"column":61}},"2":{"start":{"line":12,"column":0},"end":{"line":12,"column":66}},"3":{"start":{"line":13,"column":0},"end":{"line":13,"column":66}},"4":{"start":{"line":14,"column":0},"end":{"line":14,"column":64}},"5":{"start":{"line":17,"column":7},"end":{"line":56,"column":null}},"6":{"start":{"line":18,"column":31},"end":{"line":18,"column":52}},"7":{"start":{"line":22,"column":4},"end":{"line":22,"column":46}},"8":{"start":{"line":27,"column":4},"end":{"line":27,"column":48}},"9":{"start":{"line":32,"column":4},"end":{"line":32,"column":48}},"10":{"start":{"line":40,"column":4},"end":{"line":40,"column":52}},"11":{"start":{"line":49,"column":4},"end":{"line":49,"column":78}},"12":{"start":{"line":54,"column":4},"end":{"line":54,"column":47}},"13":{"start":{"line":17,"column":13},"end":{"line":17,"column":35}},"14":{"start":{"line":21,"column":2},"end":{"line":23,"column":null}},"15":{"start":{"line":26,"column":2},"end":{"line":28,"column":null}},"16":{"start":{"line":31,"column":2},"end":{"line":33,"column":null}},"17":{"start":{"line":36,"column":2},"end":{"line":41,"column":null}},"18":{"start":{"line":44,"column":2},"end":{"line":50,"column":null}},"19":{"start":{"line":53,"column":2},"end":{"line":55,"column":null}},"20":{"start":{"line":17,"column":13},"end":{"line":56,"column":null}}},"fnMap":{"0":{"name":"(anonymous_4)","decl":{"start":{"line":18,"column":2},"end":{"line":18,"column":31}},"loc":{"start":{"line":18,"column":71},"end":{"line":18,"column":75}}},"1":{"name":"(anonymous_5)","decl":{"start":{"line":21,"column":2},"end":{"line":21,"column":9}},"loc":{"start":{"line":21,"column":9},"end":{"line":23,"column":3}}},"2":{"name":"(anonymous_6)","decl":{"start":{"line":26,"column":2},"end":{"line":26,"column":9}},"loc":{"start":{"line":26,"column":47},"end":{"line":28,"column":3}}},"3":{"name":"(anonymous_7)","decl":{"start":{"line":31,"column":2},"end":{"line":31,"column":8}},"loc":{"start":{"line":31,"column":41},"end":{"line":33,"column":3}}},"4":{"name":"(anonymous_8)","decl":{"start":{"line":36,"column":2},"end":{"line":36,"column":8}},"loc":{"start":{"line":38,"column":36},"end":{"line":41,"column":3}}},"5":{"name":"(anonymous_9)","decl":{"start":{"line":44,"column":2},"end":{"line":44,"column":23}},"loc":{"start":{"line":47,"column":35},"end":{"line":50,"column":3}}},"6":{"name":"(anonymous_10)","decl":{"start":{"line":53,"column":2},"end":{"line":53,"column":8}},"loc":{"start":{"line":53,"column":46},"end":{"line":55,"column":3}}}},"branchMap":{"0":{"loc":{"start":{"line":31,"column":22},"end":{"line":31,"column":null}},"type":"cond-expr","locations":[{"start":{"line":31,"column":41},"end":{"line":31,"column":null}},{"start":{"line":31,"column":41},"end":{"line":31,"column":null}}]},"1":{"loc":{"start":{"line":31,"column":22},"end":{"line":31,"column":41}},"type":"binary-expr","locations":[{"start":{"line":31,"column":22},"end":{"line":31,"column":null}},{"start":{"line":31,"column":22},"end":{"line":31,"column":41}}]},"2":{"loc":{"start":{"line":38,"column":17},"end":{"line":38,"column":null}},"type":"cond-expr","locations":[{"start":{"line":38,"column":36},"end":{"line":38,"column":null}},{"start":{"line":38,"column":36},"end":{"line":38,"column":null}}]},"3":{"loc":{"start":{"line":38,"column":17},"end":{"line":38,"column":36}},"type":"binary-expr","locations":[{"start":{"line":38,"column":17},"end":{"line":38,"column":null}},{"start":{"line":38,"column":17},"end":{"line":38,"column":36}}]},"4":{"loc":{"start":{"line":47,"column":17},"end":{"line":47,"column":null}},"type":"cond-expr","locations":[{"start":{"line":47,"column":35},"end":{"line":47,"column":null}},{"start":{"line":47,"column":35},"end":{"line":47,"column":null}}]},"5":{"loc":{"start":{"line":47,"column":17},"end":{"line":47,"column":35}},"type":"binary-expr","locations":[{"start":{"line":47,"column":17},"end":{"line":47,"column":null}},{"start":{"line":47,"column":17},"end":{"line":47,"column":35}}]},"6":{"loc":{"start":{"line":18,"column":52},"end":{"line":18,"column":74}},"type":"cond-expr","locations":[{"start":{"line":18,"column":71},"end":{"line":18,"column":74}},{"start":{"line":18,"column":71},"end":{"line":18,"column":74}}]},"7":{"loc":{"start":{"line":18,"column":52},"end":{"line":18,"column":71}},"type":"binary-expr","locations":[{"start":{"line":18,"column":52},"end":{"line":18,"column":74}},{"start":{"line":18,"column":52},"end":{"line":18,"column":71}}]}},"s":{"0":0,"1":0,"2":0,"3":0,"4":0,"5":0,"6":0,"7":0,"8":0,"9":0,"10":0,"11":0,"12":0,"13":0,"14":0,"15":0,"16":0,"17":0,"18":0,"19":0,"20":0},"f":{"0":0,"1":0,"2":0,"3":0,"4":0,"5":0,"6":0},"b":{"0":[0,0],"1":[0,0],"2":[0,0],"3":[0,0],"4":[0,0],"5":[0,0],"6":[0,0],"7":[0,0]}}
,"/app/src/valoraciones/valoraciones.module.ts": {"path":"/app/src/valoraciones/valoraciones.module.ts","statementMap":{"0":{"start":{"line":1,"column":0},"end":{"line":1,"column":40}},"1":{"start":{"line":2,"column":0},"end":{"line":2,"column":61}},"2":{"start":{"line":3,"column":0},"end":{"line":3,"column":67}},"3":{"start":{"line":4,"column":0},"end":{"line":4,"column":57}},"4":{"start":{"line":10,"column":7},"end":{"line":10,"column":null}},"5":{"start":{"line":10,"column":13},"end":{"line":10,"column":31}},"6":{"start":{"line":10,"column":13},"end":{"line":10,"column":null}}},"fnMap":{},"branchMap":{},"s":{"0":0,"1":0,"2":0,"3":0,"4":0,"5":0,"6":0},"f":{},"b":{}}
[...]
,"type":"cond-expr","locations":[{"start":{"line":50,"column":14},"end":{"line":52,"column":16}},{"start":{"line":53,"column":14},"end":{"line":53,"column":35}}]},"5":{"loc":{"start":{"line":56,"column":52},"end":{"line":56,"column":65}},"type":"binary-expr","locations":[{"start":{"line":56,"column":52},"end":{"line":56,"column":60}},{"start":{"line":56,"column":64},"end":{"line":56,"column":65}}]},"6":{"loc":{"start":{"line":57,"column":60},"end":{"line":57,"column":73}},"type":"binary-expr","locations":[{"start":{"line":57,"column":60},"end":{"line":57,"column":68}},{"start":{"line":57,"column":72},"end":{"line":57,"column":73}}]},"7":{"loc":{"start":{"line":62,"column":10},"end":{"line":66,"column":35}},"type":"cond-expr","locations":[{"start":{"line":63,"column":14},"end":{"line":65,"column":16}},{"start":{"line":66,"column":14},"end":{"line":66,"column":35}}]},"8":{"loc":{"start":{"line":71,"column":10},"end":{"line":75,"column":35}},"type":"cond-expr","locations":[{"start":{"line":72,"column":14},"end":{"line":74,"column":16}},{"start":{"line":75,"column":14},"end":{"line":75,"column":35}}]},"9":{"loc":{"start":{"line":79,"column":15},"end":{"line":79,"column":36}},"type":"binary-expr","locations":[{"start":{"line":79,"column":15},"end":{"line":79,"column":23}},{"start":{"line":79,"column":27},"end":{"line":79,"column":36}}]},"10":{"loc":{"start":{"line":82,"column":15},"end":{"line":82,"column":36}},"type":"binary-expr","locations":[{"start":{"line":82,"column":15},"end":{"line":82,"column":23}},{"start":{"line":82,"column":27},"end":{"line":82,"column":36}}]},"11":{"loc":{"start":{"line":110,"column":4},"end":{"line":178,"column":5}},"type":"if","locations":[{"start":{"line":110,"column":4},"end":{"line":178,"column":5}},{"start":{},"end":{}}]},"12":{"loc":{"start":{"line":111,"column":6},"end":{"line":113,"column":31}},"type":"binary-expr","locations":[{"start":{"line":111,"column":6},"end":{"line":111,"column":20}},{"start":{"line":112,"column":6},"end":{"line":112,"column":35}},{"start":{"line":113,"column":6},"end":{"line":113,"column":31}}]},"13":{"loc":{"start":{"line":118,"column":10},"end":{"line":120,"column":35}},"type":"cond-expr","locations":[{"start":{"line":119,"column":14},"end":{"line":119,"column":74}},{"start":{"line":120,"column":14},"end":{"line":120,"column":35}}]},"14":{"loc":{"start":{"line":125,"column":10},"end":{"line":129,"column":35}},"type":"cond-expr","locations":[{"start":{"line":126,"column":14},"end":{"line":128,"column":16}},{"start":{"line":129,"column":14},"end":{"line":129,"column":35}}]},"15":{"loc":{"start":{"line":132,"column":52},"end":{"line":132,"column":65}},"type":"binary-expr","locations":[{"start":{"line":132,"column":52},"end":{"line":132,"column":60}},{"start":{"line":132,"column":64},"end":{"line":132,"column":65}}]},"16":{"loc":{"start":{"line":133,"column":60},"end":{"line":133,"column":73}},"type":"binary-expr","locations":[{"start":{"line":133,"column":60},"end":{"line":133,"column":68}},{"start":{"line":133,"column":72},"end":{"line":133,"column":73}}]},"17":{"loc":{"start":{"line":138,"column":10},"end":{"line":142,"column":35}},"type":"cond-expr","locations":[{"start":{"line":139,"column":14},"end":{"line":141,"column":16}},{"start":{"line":142,"column":14},"end":{"line":142,"column":35}}]},"18":{"loc":{"start":{"line":147,"column":10},"end":{"line":151,"column":35}},"type":"cond-expr","locations":[{"start":{"line":148,"column":14},"end":{"line":150,"column":16}},{"start":{"line":151,"column":14},"end":{"line":151,"column":35}}]},"19":{"loc":{"start":{"line":155,"column":15},"end":{"line":155,"column":36}},"type":"binary-expr","locations":[{"start":{"line":155,"column":15},"end":{"line":155,"column":23}},{"start":{"line":155,"column":27},"end":{"line":155,"column":36}}]},"20":{"loc":{"start":{"line":158,"column":15},"end":{"line":158,"column":36}},"type":"binary-expr","locations":[{"start":{"line":158,"column":15},"end":{"line":158,"column":23}},{"start":{"line":158,"column":27},"end":{"line":158,"column":36}}]},"21":{"loc":{"start":{"line":196,"column":4},"end":{"line":200,"column":5}},"type":"if","locations":[{"start":{"line":196,"column":4},"end":{"line":200,"column":5}},{"start":{},"end":{}}]},"22":{"loc":{"start":{"line":201,"column":15},"end":{"line":201,"column":26}},"type":"binary-expr","locations":[{"start":{"line":201,"column":15},"end":{"line":201,"column":21}},{"start":{"line":201,"column":25},"end":{"line":201,"column":26}}]},"23":{"loc":{"start":{"line":229,"column":12},"end":{"line":229,"column":31}},"type":"binary-expr","locations":[{"start":{"line":229,"column":12},"end":{"line":229,"column":18}},{"start":{"line":229,"column":22},"end":{"line":229,"column":31}}]},"24":{"loc":{"start":{"line":230,"column":18},"end":{"line":230,"column":35}},"type":"binary-expr","locations":[{"start":{"line":230,"column":18},"end":{"line":230,"column":30}},{"start":{"line":230,"column":34},"end":{"line":230,"column":35}}]},"25":{"loc":{"start":{"line":232,"column":10},"end":{"line":232,"column":62}},"type":"binary-expr","locations":[{"start":{"line":232,"column":10},"end":{"line":232,"column":34}},{"start":{"line":232,"column":38},"end":{"line":232,"column":62}}]},"26":{"loc":{"start":{"line":233,"column":10},"end":{"line":235,"column":8}},"type":"binary-expr","locations":[{"start":{"line":233,"column":10},"end":{"line":233,"column":48}},{"start":{"line":233,"column":52},"end":{"line":235,"column":8}}]},"27":{"loc":{"start":{"line":236,"column":10},"end":{"line":238,"column":8}},"type":"binary-expr","locations":[{"start":{"line":236,"column":10},"end":{"line":236,"column":42}},{"start":{"line":236,"column":46},"end":{"line":238,"column":8}}]},"28":{"loc":{"start":{"line":239,"column":10},"end":{"line":239,"column":71}},"type":"binary-expr","locations":[{"start":{"line":239,"column":10},"end":{"line":239,"column":37}},{"start":{"line":239,"column":41},"end":{"line":239,"column":71}}]},"29":{"loc":{"start":{"line":240,"column":10},"end":{"line":242,"column":8}},"type":"binary-expr","locations":[{"start":{"line":240,"column":10},"end":{"line":240,"column":43}},{"start":{"line":240,"column":47},"end":{"line":242,"column":8}}]},"30":{"loc":{"start":{"line":244,"column":10},"end":{"line":246,"column":8}},"type":"binary-expr","locations":[{"start":{"line":244,"column":10},"end":{"line":244,"column":41}},{"start":{"line":244,"column":45},"end":{"line":246,"column":8}}]},"31":{"loc":{"start":{"line":247,"column":10},"end":{"line":249,"column":8}},"type":"binary-expr","locations":[{"start":{"line":247,"column":10},"end":{"line":247,"column":49}},{"start":{"line":247,"column":53},"end":{"line":249,"column":8}}]},"32":{"loc":{"start":{"line":250,"column":10},"end":{"line":252,"column":8}},"type":"binary-expr","locations":[{"start":{"line":250,"column":10},"end":{"line":250,"column":49}},{"start":{"line":250,"column":53},"end":{"line":252,"column":8}}]},"33":{"loc":{"start":{"line":253,"column":10},"end":{"line":255,"column":8}},"type":"binary-expr","locations":[{"start":{"line":253,"column":10},"end":{"line":253,"column":44}},{"start":{"line":253,"column":48},"end":{"line":255,"column":8}}]},"34":{"loc":{"start":{"line":256,"column":10},"end":{"line":258,"column":8}},"type":"binary-expr","locations":[{"start":{"line":256,"column":10},"end":{"line":256,"column":40}},{"start":{"line":256,"column":44},"end":{"line":258,"column":8}}]},"35":{"loc":{"start":{"line":260,"column":10},"end":{"line":260,"column":68}},"type":"binary-expr","locations":[{"start":{"line":260,"column":10},"end":{"line":260,"column":36}},{"start":{"line":260,"column":40},"end":{"line":260,"column":68}}]},"36":{"loc":{"start":{"line":261,"column":10},"end":{"line":263,"column":8}},"type":"binary-expr","locations":[{"start":{"line":261,"column":10},"end":{"line":261,"column":43}},{"start":{"line":261,"column":47},"end":{"line":263,"column":8}}]},"37":{"loc":{"start":{"line":264,"column":10},"end":{"line":266,"column":8}},"type":"binary-expr","locations":[{"start":{"line":264,"column":10},"end":{"line":264,"column":48}},{"start":{"line":264,"column":52},"end":{"line":266,"column":8}}]},"38":{"loc":{"start":{"line":267,"column":10},"end":{"line":269,"column":8}},"type":"binary-expr","locations":[{"start":{"line":267,"column":10},"end":{"line":267,"column":39}},{"start":{"line":267,"column":43},"end":{"line":269,"column":8}}]},"39":{"loc":{"start":{"line":271,"column":10},"end":{"line":273,"column":8}},"type":"binary-expr","locations":[{"start":{"line":271,"column":10},"end":{"line":271,"column":48}},{"start":{"line":271,"column":52},"end":{"line":273,"column":8}}]},"40":{"loc":{"start":{"line":279,"column":25},"end":{"line":279,"column":47}},"type":"binary-expr","locations":[{"start":{"line":279,"column":25},"end":{"line":279,"column":42}},{"start":{"line":279,"column":46},"end":{"line":279,"column":47}}]},"41":{"loc":{"start":{"line":280,"column":32},"end":{"line":280,"column":61}},"type":"binary-expr","locations":[{"start":{"line":280,"column":32},"end":{"line":280,"column":56}},{"start":{"line":280,"column":60},"end":{"line":280,"column":61}}]},"42":{"loc":{"start":{"line":329,"column":6},"end":{"line":333,"column":14}},"type":"cond-expr","locations":[{"start":{"line":330,"column":10},"end":{"line":332,"column":12}},{"start":{"line":333,"column":10},"end":{"line":333,"column":14}}]},"43":{"loc":{"start":{"line":14,"column":39},"end":{"line":14,"column":55}},"type":"cond-expr","locations":[{"start":{"line":14,"column":52},"end":{"line":14,"column":55}},{"start":{"line":14,"column":52},"end":{"line":14,"column":55}}]},"44":{"loc":{"start":{"line":14,"column":39},"end":{"line":14,"column":52}},"type":"binary-expr","locations":[{"start":{"line":14,"column":39},"end":{"line":14,"column":55}},{"start":{"line":14,"column":39},"end":{"line":14,"column":52}}]}},"s":{"0":1,"1":1,"2":1,"3":1,"4":14,"5":0,"6":0,"7":0,"8":3,"9":3,"10":0,"11":3,"12":11,"13":11,"14":11,"15":11,"16":11,"17":11,"18":11,"19":11,"20":11,"21":11,"22":11,"23":11,"24":11,"25":11,"26":11,"27":11,"28":11,"29":11,"30":11,"31":11,"32":11,"33":11,"34":1,"35":1,"36":1,"37":1,"38":1,"39":1,"40":1,"41":1,"42":1,"43":1,"44":1,"45":1,"46":1,"47":1,"48":1,"49":1,"50":1,"51":1,"52":1,"53":1,"54":1,"55":1,"56":1,"57":0,"58":0,"59":0,"60":0,"61":0,"62":0,"63":0,"64":0,"65":12,"66":12,"67":12,"68":12,"69":12,"70":12,"71":12,"72":12,"73":12,"74":12,"75":12,"76":12,"77":15,"78":15,"79":15,"80":1,"81":1},"f":{"0":14,"1":0,"2":0,"3":3,"4":11,"5":11,"6":11,"7":11,"8":11,"9":11,"10":11,"11":11,"12":11,"13":11,"14":1,"15":1,"16":1,"17":1,"18":1,"19":1,"20":1,"21":1,"22":1,"23":1,"24":0,"25":0,"26":12,"27":15},"b":{"0":[0,3],"1":[11,0],"2":[11,11,11],"3":[4,7],"4":[1,10],"5":[11,7],"6":[11,10],"7":[2,9],"8":[3,8],"9":[11,9],"10":[11,9],"11":[1,0],"12":[1,1,1],"13":[0,1],"14":[0,1],"15":[1,1],"16":[1,1],"17":[0,1],"18":[0,1],"19":[1,1],"20":[1,1],"21":[0,0],"22":[0,0],"23":[12,0],"24":[12,0],"25":[12,4],"26":[12,1],"27":[12,0],"28":[12,0],"29":[12,0],"30":[12,2],"31":[12,3],"32":[12,0],"33":[12,0],"34":[12,0],"35":[12,11],"36":[12,2],"37":[12,3],"38":[12,0],"39":[12,1],"40":[12,0],"41":[12,0],"42":[0,15],"43":[1,0],"44":[1,1]}}
,"/app/src/valoraciones/dto/calcular-detalle.dto.ts": {"path":"/app/src/valoraciones/dto/calcular-detalle.dto.ts","statementMap":{"0":{"start":{"line":1,"column":0},"end":{"line":1,"column":55}},"1":{"start":{"line":7,"column":0},"end":{"line":7,"column":13}},"2":{"start":{"line":9,"column":2},"end":{"line":9,"column":24}},"3":{"start":{"line":12,"column":2},"end":{"line":12,"column":31}},"4":{"start":{"line":16,"column":2},"end":{"line":16,"column":15}},"5":{"start":{"line":20,"column":2},"end":{"line":20,"column":null}},"6":{"start":{"line":24,"column":2},"end":{"line":24,"column":null}}},"fnMap":{},"branchMap":{},"s":{"0":0,"1":0,"2":0,"3":0,"4":0,"5":0,"6":0},"f":{},"b":{}}
,"/app/src/valoraciones/dto/create-valoracion.dto.ts": {"path":"/app/src/valoraciones/dto/create-valoracion.dto.ts","statementMap":{"0":{"start":{"line":1,"column":0},"end":{"line":1,"column":null}},"1":{"start":{"line":11,"column":0},"end":{"line":11,"column":41}},"2":{"start":{"line":15,"column":7},"end":{"line":47,"column":null}},"3":{"start":{"line":17,"column":16},"end":{"line":17,"column":54}},"4":{"start":{"line":18,"column":23},"end":{"line":18,"column":62}},"5":{"start":{"line":19,"column":30},"end":{"line":19,"column":76}},"6":{"start":{"line":21,"column":23},"end":{"line":21,"column":27}},"7":{"start":{"line":22,"column":30},"end":{"line":22,"column":34}},"8":{"start":{"line":24,"column":4},"end":{"line":31,"column":5}},"9":{"start":{"line":25,"column":6},"end":{"line":30,"column":7}},"10":{"start":{"line":26,"column":23},"end":{"line":26,"column":58}},"11":{"start":{"line":27,"column":8},"end":{"line":27,"column":69}},"12":{"start":{"line":29,"column":8},"end":{"line":29,"column":28}},"13":{"start":{"line":33,"column":4},"end":{"line":40,"column":5}},"14":{"start":{"line":34,"column":6},"end":{"line":39,"column":7}},"15":{"start":{"line":35,"column":23},"end":{"line":35,"column":65}},"16":{"start":{"line":36,"column":8},"end":{"line":36,"column":76}},"17":{"start":{"line":38,"column":8},"end":{"line":38,"column":35}},"18":{"start":{"line":42,"column":4},"end":{"line":42,"column":49}},"19":{"start":{"line":45,"column":4},"end":{"line":45,"column":73}},"20":{"start":{"line":15,"column":13},"end":{"line":15,"column":33}},"21":{"start":{"line":15,"column":13},"end":{"line":47,"column":null}},"22":{"start":{"line":49,"column":0},"end":{"line":49,"column":13}},"23":{"start":{"line":52,"column":2},"end":{"line":52,"column":null}},"24":{"start":{"line":58,"column":2},"end":{"line":58,"column":null}},"25":{"start":{"line":62,"column":2},"end":{"line":62,"column":null}},"26":{"start":{"line":66,"column":2},"end":{"line":66,"column":null}},"27":{"start":{"line":70,"column":2},"end":{"line":70,"column":null}},"28":{"start":{"line":74,"column":2},"end":{"line":74,"column":null}},"29":{"start":{"line":78,"column":2},"end":{"line":78,"column":null}},"30":{"start":{"line":82,"column":2},"end":{"line":82,"column":null}},"31":{"start":{"line":85,"column":2},"end":{"line":85,"column":null}},"32":{"start":{"line":89,"column":2},"end":{"line":89,"column":null}},"33":{"start":{"line":93,"column":2},"end":{"line":93,"column":null}},"34":{"start":{"line":97,"column":2},"end":{"line":97,"column":null}},"35":{"start":{"line":101,"column":2},"end":{"line":101,"column":null}},"36":{"start":{"line":105,"column":2},"end":{"line":105,"column":null}},"37":{"start":{"line":110,"column":2},"end":{"line":110,"column":null}},"38":{"start":{"line":114,"column":2},"end":{"line":114,"column":null}},"39":{"start":{"line":118,"column":2},"end":{"line":118,"column":null}},"40":{"start":{"line":122,"column":2},"end":{"line":122,"column":null}},"41":{"start":{"line":126,"column":2},"end":{"line":126,"column":null}},"42":{"start":{"line":129,"column":0},"end":{"line":129,"column":13}},"43":{"start":{"line":132,"column":2},"end":{"line":132,"column":null}},"44":{"start":{"line":135,"column":2},"end":{"line":135,"column":null}},"45":{"start":{"line":138,"column":2},"end":{"line":138,"column":null}},"46":{"start":{"line":141,"column":2},"end":{"line":141,"column":null}},"47":{"start":{"line":144,"column":2},"end":{"line":144,"column":null}},"48":{"start":{"line":147,"column":2},"end":{"line":147,"column":null}},"49":{"start":{"line":150,"column":2},"end":{"line":150,"column":null}},"50":{"start":{"line":153,"column":2},"end":{"line":153,"column":null}},"51":{"start":{"line":156,"column":2},"end":{"line":156,"column":null}},"52":{"start":{"line":159,"column":2},"end":{"line":159,"column":null}},"53":{"start":{"line":163,"column":2},"end":{"line":163,"column":null}},"54":{"start":{"line":166,"column":2},"end":{"line":166,"column":null}},"55":{"start":{"line":169,"column":2},"end":{"line":169,"column":null}},"56":{"start":{"line":172,"column":2},"end":{"line":172,"column":null}},"57":{"start":{"line":175,"column":2},"end":{"line":175,"column":null}},"58":{"start":{"line":180,"column":2},"end":{"line":180,"column":null}},"59":{"start":{"line":184,"column":2},"end":{"line":184,"column":null}},"60":{"start":{"line":188,"column":2},"end":{"line":188,"column":null}},"61":{"start":{"line":193,"column":2},"end":{"line":193,"column":null}},"62":{"start":{"line":197,"column":2},"end":{"line":197,"column":null}},"63":{"start":{"line":201,"column":2},"end":{"line":201,"column":null}},"64":{"start":{"line":205,"column":2},"end":{"line":205,"column":null}},"65":{"start":{"line":209,"column":2},"end":{"line":209,"column":null}},"66":{"start":{"line":213,"column":2},"end":{"line":213,"column":null}},"67":{"start":{"line":217,"column":2},"end":{"line":217,"column":null}},"68":{"start":{"line":222,"column":2},"end":{"line":222,"column":null}},"69":{"start":{"line":226,"column":2},"end":{"line":226,"column":null}},"70":{"start":{"line":230,"column":2},"end":{"line":230,"column":null}},"71":{"start":{"line":234,"column":2},"end":{"line":234,"column":null}},"72":{"start":{"line":238,"column":2},"end":{"line":238,"column":null}},"73":{"start":{"line":242,"column":2},"end":{"line":242,"column":null}},"74":{"start":{"line":246,"column":2},"end":{"line":246,"column":null}},"75":{"start":{"line":252,"column":2},"end":{"line":252,"column":null}},"76":{"start":{"line":251,"column":14},"end":{"line":251,"column":30}}},"fnMap":{"0":{"name":"(anonymous_2)","decl":{"start":{"line":16,"column":2},"end":{"line":16,"column":10}},"loc":{"start":{"line":16,"column":53},"end":{"line":43,"column":3}}},"1":{"name":"(anonymous_3)","decl":{"start":{"line":44,"column":2},"end":{"line":44,"column":16}},"loc":{"start":{"line":44,"column":16},"end":{"line":46,"column":3}}},"2":{"name":"(anonymous_4)","decl":{"start":{"line":251,"column":8},"end":{"line":251,"column":11}},"loc":{"start":{"line":251,"column":14},"end":{"line":251,"column":30}}}},"branchMap":{"0":{"loc":{"start":{"line":24,"column":4},"end":{"line":31,"column":5}},"type":"if","locations":[{"start":{"line":24,"column":4},"end":{"line":31,"column":5}},{"start":{},"end":{}}]},"1":{"loc":{"start":{"line":27,"column":23},"end":{"line":27,"column":68}},"type":"binary-expr","locations":[{"start":{"line":27,"column":23},"end":{"line":27,"column":45}},{"start":{"line":27,"column":49},"end":{"line":27,"column":68}}]},"2":{"loc":{"start":{"line":33,"column":4},"end":{"line":40,"column":5}},"type":"if","locations":[{"start":{"line":33,"column":4},"end":{"line":40,"column":5}},{"start":{},"end":{}}]},"3":{"loc":{"start":{"line":36,"column":30},"end":{"line":36,"column":75}},"type":"binary-expr","locations":[{"start":{"line":36,"column":30},"end":{"line":36,"column":52}},{"start":{"line":36,"column":56},"end":{"line":36,"column":75}}]},"4":{"loc":{"start":{"line":42,"column":11},"end":{"line":42,"column":48}},"type":"binary-expr","locations":[{"start":{"line":42,"column":11},"end":{"line":42,"column":24}},{"start":{"line":42,"column":28},"end":{"line":42,"column":48}}]}},"s":{"0":1,"1":1,"2":1,"3":7,"4":7,"5":7,"6":7,"7":7,"8":7,"9":4,"10":4,"11":4,"12":0,"13":7,"14":4,"15":4,"16":4,"17":0,"18":7,"19":0,"20":1,"21":1,"22":1,"23":1,"24":1,"25":1,"26":1,"27":1,"28":1,"29":1,"30":1,"31":1,"32":1,"33":1,"34":1,"35":1,"36":1,"37":1,"38":1,"39":1,"40":1,"41":1,"42":1,"43":1,"44":1,"45":1,"46":1,"47":1,"48":1,"49":1,"50":1,"51":1,"52":1,"53":1,"54":1,"55":1,"56":1,"57":1,"58":1,"59":1,"60":1,"61":1,"62":1,"63":1,"64":1,"65":1,"66":1,"67":1,"68":1,"69":1,"70":1,"71":1,"72":1,"73":1,"74":1,"75":1,"76":0},"f":{"0":7,"1":0,"2":0},"b":{"0":[4,3],"1":[4,4],"2":[4,3],"3":[4,4],"4":[7,4]}}
,"/app/src/valoraciones/dto/update-valoracion.dto.ts": {"path":"/app/src/valoraciones/dto/update-valoracion.dto.ts","statementMap":{"0":{"start":{"line":1,"column":0},"end":{"line":1,"column":62}},"1":{"start":{"line":3,"column":0},"end":{"line":3,"column":13}}},"fnMap":{},"branchMap":{},"s":{"0":0,"1":0},"f":{},"b":{}}
}
