{"/app/src/app.controller.ts": {"path":"/app/src/app.controller.ts","statementMap":{"0":{"start":{"line":1,"column":0},"end":{"line":1,"column":49}},"1":{"start":{"line":2,"column":0},"end":{"line":2,"column":43}},"2":{"start":{"line":5,"column":7},"end":{"line":12,"column":null}},"3":{"start":{"line":6,"column":31},"end":{"line":6,"column":43}},"4":{"start":{"line":10,"column":4},"end":{"line":10,"column":38}},"5":{"start":{"line":5,"column":13},"end":{"line":5,"column":26}},"6":{"start":{"line":9,"column":2},"end":{"line":11,"column":null}},"7":{"start":{"line":5,"column":13},"end":{"line":12,"column":null}}},"fnMap":{"0":{"name":"(anonymous_2)","decl":{"start":{"line":6,"column":2},"end":{"line":6,"column":31}},"loc":{"start":{"line":6,"column":53},"end":{"line":6,"column":57}}},"1":{"name":"(anonymous_3)","decl":{"start":{"line":9,"column":2},"end":{"line":9,"column":10}},"loc":{"start":{"line":9,"column":10},"end":{"line":11,"column":3}}}},"branchMap":{"0":{"loc":{"start":{"line":6,"column":43},"end":{"line":6,"column":56}},"type":"cond-expr","locations":[{"start":{"line":6,"column":53},"end":{"line":6,"column":56}},{"start":{"line":6,"column":53},"end":{"line":6,"column":56}}]},"1":{"loc":{"start":{"line":6,"column":43},"end":{"line":6,"column":53}},"type":"binary-expr","locations":[{"start":{"line":6,"column":43},"end":{"line":6,"column":56}},{"start":{"line":6,"column":43},"end":{"line":6,"column":53}}]}},"s":{"0":0,"1":0,"2":0,"3":0,"4":0,"5":0,"6":0,"7":0},"f":{"0":0,"1":0},"b":{"0":[0,0],"1":[0,0]}}
,"/app/src/app.module.ts": {"path":"/app/src/app.module.ts","statementMap":{"0":{"start":{"line":1,"column":0},"end":{"line":1,"column":40}},"1":{"start":{"line":2,"column":0},"end":{"line":2,"column":41}},"2":{"start":{"line":3,"column":0},"end":{"line":3,"column":49}},"3":{"start":{"line":4,"column":0},"end":{"line":4,"column":43}},"4":{"start":{"line":5,"column":0},"end":{"line":5,"column":63}},"5":{"start":{"line":6,"column":0},"end":{"line":6,"column":72}},"6":{"start":{"line":7,"column":0},"end":{"line":7,"column":48}},"7":{"start":{"line":8,"column":0},"end":{"line":8,"column":46}},"8":{"start":{"line":9,"column":0},"end":{"line":9,"column":48}},"9":{"start":{"line":10,"column":0},"end":{"line":10,"column":60}},"10":{"start":{"line":11,"column":0},"end":{"line":11,"column":66}},"11":{"start":{"line":12,"column":0},"end":{"line":12,"column":51}},"12":{"start":{"line":13,"column":0},"end":{"line":13,"column":60}},"13":{"start":{"line":14,"column":0},"end":{"line":14,"column":83}},"14":{"start":{"line":34,"column":7},"end":{"line":34,"column":null}},"15":{"start":{"line":34,"column":13},"end":{"line":34,"column":22}},"16":{"start":{"line":34,"column":13},"end":{"line":34,"column":null}}},"fnMap":{},"branchMap":{},"s":{"0":0,"1":0,"2":0,"3":0,"4":0,"5":0,"6":0,"7":0,"8":0,"9":0,"10":0,"11":0,"12":0,"13":0,"14":0,"15":0,"16":0},"f":{},"b":{}}
,"/app/src/app.service.ts": {"path":"/app/src/app.service.ts","statementMap":{"0":{"start":{"line":1,"column":0},"end":{"line":1,"column":44}},"1":{"start":{"line":4,"column":7},"end":{"line":8,"column":null}},"2":{"start":{"line":6,"column":4},"end":{"line":6,"column":26}},"3":{"start":{"line":4,"column":13},"end":{"line":4,"column":23}},"4":{"start":{"line":4,"column":13},"end":{"line":8,"column":null}}},"fnMap":{"0":{"name":"(anonymous_1)","decl":{"start":{"line":5,"column":2},"end":{"line":5,"column":10}},"loc":{"start":{"line":5,"column":10},"end":{"line":7,"column":3}}}},"branchMap":{},"s":{"0":0,"1":0,"2":0,"3":0,"4":0},"f":{"0":0},"b":{}}
,"/app/src/main.ts": {"path":"/app/src/main.ts","statementMap":{"0":{"start":{"line":1,"column":0},"end":{"line":1,"column":23}},"1":{"start":{"line":2,"column":0},"end":{"line":2,"column":43}},"2":{"start":{"line":3,"column":0},"end":{"line":3,"column":48}},"3":{"start":{"line":4,"column":0},"end":{"line":4,"column":41}},"4":{"start":{"line":7,"column":14},"end":{"line":7,"column":49}},"5":{"start":{"line":8,"column":2},"end":{"line":8,"column":73}},"6":{"start":{"line":9,"column":2},"end":{"line":15,"column":4}},"7":{"start":{"line":16,"column":2},"end":{"line":16,"column":45}},"8":{"start":{"line":18,"column":0},"end":{"line":18,"column":17}}},"fnMap":{"0":{"name":"bootstrap","decl":{"start":{"line":6,"column":15},"end":{"line":6,"column":24}},"loc":{"start":{"line":6,"column":24},"end":{"line":17,"column":1}}}},"branchMap":{"0":{"loc":{"start":{"line":16,"column":19},"end":{"line":16,"column":43}},"type":"binary-expr","locations":[{"start":{"line":16,"column":19},"end":{"line":16,"column":35}},{"start":{"line":16,"column":39},"end":{"line":16,"column":43}}]}},"s":{"0":0,"1":0,"2":0,"3":0,"4":0,"5":0,"6":0,"7":0,"8":0},"f":{"0":0},"b":{"0":[0,0]}}
,"/app/src/audit/audit.controller.ts": {"path":"/app/src/audit/audit.controller.ts","statementMap":{"0":{"start":{"line":1,"column":0},"end":{"line":1,"column":78}},"1":{"start":{"line":3,"column":0},"end":{"line":3,"column":47}},"2":{"start":{"line":4,"column":0},"end":{"line":4,"column":54}},"3":{"start":{"line":5,"column":0},"end":{"line":5,"column":52}},"4":{"start":{"line":6,"column":0},"end":{"line":6,"column":38}},"5":{"start":{"line":7,"column":0},"end":{"line":7,"column":72}},"6":{"start":{"line":10,"column":7},"end":{"line":72,"column":null}},"7":{"start":{"line":11,"column":31},"end":{"line":11,"column":45}},"8":{"start":{"line":18,"column":4},"end":{"line":27,"column":7}},"9":{"start":{"line":36,"column":4},"end":{"line":46,"column":7}},"10":{"start":{"line":51,"column":4},"end":{"line":51,"column":44}},"11":{"start":{"line":59,"column":19},"end":{"line":59,"column":61}},"12":{"start":{"line":60,"column":4},"end":{"line":63,"column":6}},"13":{"start":{"line":64,"column":4},"end":{"line":67,"column":6}},"14":{"start":{"line":68,"column":4},"end":{"line":68,"column":51}},"15":{"start":{"line":69,"column":4},"end":{"line":69,"column":22}},"16":{"start":{"line":70,"column":4},"end":{"line":70,"column":14}},"17":{"start":{"line":10,"column":13},"end":{"line":10,"column":28}},"18":{"start":{"line":14,"column":2},"end":{"line":28,"column":null}},"19":{"start":{"line":31,"column":2},"end":{"line":47,"column":null}},"20":{"start":{"line":50,"column":2},"end":{"line":52,"column":null}},"21":{"start":{"line":55,"column":8},"end":{"line":71,"column":null}},"22":{"start":{"line":10,"column":13},"end":{"line":72,"column":null}}},"fnMap":{"0":{"name":"(anonymous_4)","decl":{"start":{"line":11,"column":2},"end":{"line":11,"column":31}},"loc":{"start":{"line":11,"column":57},"end":{"line":11,"column":61}}},"1":{"name":"(anonymous_5)","decl":{"start":{"line":14,"column":2},"end":{"line":14,"column":10}},"loc":{"start":{"line":16,"column":68},"end":{"line":28,"column":3}}},"2":{"name":"(anonymous_6)","decl":{"start":{"line":31,"column":2},"end":{"line":31,"column":14}},"loc":{"start":{"line":34,"column":29},"end":{"line":47,"column":3}}},"3":{"name":"(anonymous_7)","decl":{"start":{"line":50,"column":2},"end":{"line":50,"column":9}},"loc":{"start":{"line":50,"column":39},"end":{"line":52,"column":3}}},"4":{"name":"(anonymous_8)","decl":{"start":{"line":55,"column":8},"end":{"line":55,"column":23}},"loc":{"start":{"line":57,"column":24},"end":{"line":71,"column":3}}}},"branchMap":{"0":{"loc":{"start":{"line":34,"column":17},"end":{"line":34,"column":null}},"type":"cond-expr","locations":[{"start":{"line":34,"column":29},"end":{"line":34,"column":null}},{"start":{"line":34,"column":29},"end":{"line":34,"column":null}}]},"1":{"loc":{"start":{"line":34,"column":17},"end":{"line":34,"column":29}},"type":"binary-expr","locations":[{"start":{"line":34,"column":17},"end":{"line":34,"column":null}},{"start":{"line":34,"column":17},"end":{"line":34,"column":29}}]},"2":{"loc":{"start":{"line":50,"column":26},"end":{"line":50,"column":null}},"type":"cond-expr","locations":[{"start":{"line":50,"column":39},"end":{"line":50,"column":null}},{"start":{"line":50,"column":39},"end":{"line":50,"column":null}}]},"3":{"loc":{"start":{"line":50,"column":26},"end":{"line":50,"column":39}},"type":"binary-expr","locations":[{"start":{"line":50,"column":26},"end":{"line":50,"column":null}},{"start":{"line":50,"column":26},"end":{"line":50,"column":39}}]},"4":{"loc":{"start":{"line":56,"column":20},"end":{"line":56,"column":null}},"type":"cond-expr","locations":[{"start":{"line":56,"column":33},"end":{"line":56,"column":null}},{"start":{"line":56,"column":33},"end":{"line":56,"column":null}}]},"5":{"loc":{"start":{"line":56,"column":20},"end":{"line":56,"column":33}},"type":"binary-expr","locations":[{"start":{"line":56,"column":20},"end":{"line":56,"column":null}},{"start":{"line":56,"column":20},"end":{"line":56,"column":33}}]},"6":{"loc":{"start":{"line":58,"column":5},"end":{"line":58,"column":null}},"type":"cond-expr","locations":[{"start":{"line":58,"column":12},"end":{"line":58,"column":null}},{"start":{"line":58,"column":12},"end":{"line":58,"column":null}}]},"7":{"loc":{"start":{"line":58,"column":5},"end":{"line":58,"column":12}},"type":"binary-expr","locations":[{"start":{"line":58,"column":5},"end":{"line":58,"column":null}},{"start":{"line":58,"column":5},"end":{"line":58,"column":12}}]},"8":{"loc":{"start":{"line":11,"column":45},"end":{"line":11,"column":60}},"type":"cond-expr","locations":[{"start":{"line":11,"column":57},"end":{"line":11,"column":60}},{"start":{"line":11,"column":57},"end":{"line":11,"column":60}}]},"9":{"loc":{"start":{"line":11,"column":45},"end":{"line":11,"column":57}},"type":"binary-expr","locations":[{"start":{"line":11,"column":45},"end":{"line":11,"column":60}},{"start":{"line":11,"column":45},"end":{"line":11,"column":57}}]}},"s":{"0":0,"1":0,"2":0,"3":0,"4":0,"5":0,"6":0,"7":0,"8":0,"9":0,"10":0,"11":0,"12":0,"13":0,"14":0,"15":0,"16":0,"17":0,"18":0,"19":0,"20":0,"21":0,"22":0},"f":{"0":0,"1":0,"2":0,"3":0,"4":0},"b":{"0":[0,0],"1":[0,0],"2":[0,0],"3":[0,0],"4":[0,0],"5":[0,0],"6":[0,0],"7":[0,0],"8":[0,0],"9":[0,0]}}
,"/app/src/audit/audit.interceptor.ts": {"path":"/app/src/audit/audit.interceptor.ts","statementMap":{"0":{"start":{"line":1,"column":0},"end":{"line":1,"column":null}},"1":{"start":{"line":7,"column":0},"end":{"line":7,"column":39}},"2":{"start":{"line":8,"column":0},"end":{"line":8,"column":47}},"3":{"start":{"line":9,"column":0},"end":{"line":9,"column":38}},"4":{"start":{"line":11,"column":24},"end":{"line":11,"column":64}},"5":{"start":{"line":14,"column":7},"end":{"line":65,"column":null}},"6":{"start":{"line":15,"column":31},"end":{"line":15,"column":45}},"7":{"start":{"line":18,"column":16},"end":{"line":18,"column":51}},"8":{"start":{"line":19,"column":16},"end":{"line":19,"column":52}},"9":{"start":{"line":20,"column":17},"end":{"line":20,"column":34}},"10":{"start":{"line":23,"column":4},"end":{"line":25,"column":5}},"11":{"start":{"line":24,"column":6},"end":{"line":24,"column":27}},"12":{"start":{"line":27,"column":18},"end":{"line":27,"column":28}},"13":{"start":{"line":28,"column":17},"end":{"line":28,"column":77}},"14":{"start":{"line":30,"column":4},"end":{"line":63,"column":6}},"15":{"start":{"line":33,"column":29},"end":{"line":33,"column":47}},"16":{"start":{"line":34,"column":10},"end":{"line":45,"column":13}},"17":{"start":{"line":48,"column":29},"end":{"line":48,"column":47}},"18":{"start":{"line":49,"column":10},"end":{"line":60,"column":13}},"19":{"start":{"line":14,"column":13},"end":{"line":14,"column":29}},"20":{"start":{"line":14,"column":13},"end":{"line":65,"column":null}}},"fnMap":{"0":{"name":"(anonymous_2)","decl":{"start":{"line":15,"column":2},"end":{"line":15,"column":31}},"loc":{"start":{"line":15,"column":57},"end":{"line":15,"column":61}}},"1":{"name":"(anonymous_3)","decl":{"start":{"line":17,"column":2},"end":{"line":17,"column":11}},"loc":{"start":{"line":17,"column":56},"end":{"line":64,"column":3}}},"2":{"name":"(anonymous_4)","decl":{"start":{"line":32,"column":14},"end":{"line":32,"column":17}},"loc":{"start":{"line":32,"column":19},"end":{"line":46,"column":9}}},"3":{"name":"(anonymous_5)","decl":{"start":{"line":47,"column":15},"end":{"line":47,"column":18}},"loc":{"start":{"line":47,"column":20},"end":{"line":61,"column":9}}}},"branchMap":{"0":{"loc":{"start":{"line":23,"column":4},"end":{"line":25,"column":5}},"type":"if","locations":[{"start":{"line":23,"column":4},"end":{"line":25,"column":5}},{"start":{},"end":{}}]},"1":{"loc":{"start":{"line":15,"column":45},"end":{"line":15,"column":60}},"type":"cond-expr","locations":[{"start":{"line":15,"column":57},"end":{"line":15,"column":60}},{"start":{"line":15,"column":57},"end":{"line":15,"column":60}}]},"2":{"loc":{"start":{"line":15,"column":45},"end":{"line":15,"column":57}},"type":"binary-expr","locations":[{"start":{"line":15,"column":45},"end":{"line":15,"column":60}},{"start":{"line":15,"column":45},"end":{"line":15,"column":57}}]}},"s":{"0":0,"1":0,"2":0,"3":0,"4":0,"5":0,"6":0,"7":0,"8":0,"9":0,"10":0,"11":0,"12":0,"13":0,"14":0,"15":0,"16":0,"17":0,"18":0,"19":0,"20":0},"f":{"0":0,"1":0,"2":0,"3":0},"b":{"0":[0,0],"1":[0,0],"2":[0,0]}}
,"/app/src/audit/audit.module.ts": {"path":"/app/src/audit/audit.module.ts","statementMap":{"0":{"start":{"line":1,"column":0},"end":{"line":1,"column":48}},"1":{"start":{"line":2,"column":0},"end":{"line":2,"column":47}},"2":{"start":{"line":3,"column":0},"end":{"line":3,"column":47}},"3":{"start":{"line":4,"column":0},"end":{"line":4,"column":53}},"4":{"start":{"line":5,"column":0},"end":{"line":5,"column":55}},"5":{"start":{"line":6,"column":0},"end":{"line":6,"column":57}},"6":{"start":{"line":19,"column":7},"end":{"line":19,"column":null}},"7":{"start":{"line":19,"column":13},"end":{"line":19,"column":24}},"8":{"start":{"line":19,"column":13},"end":{"line":19,"column":null}}},"fnMap":{},"branchMap":{},"s":{"0":0,"1":0,"2":0,"3":0,"4":0,"5":0,"6":0,"7":0,"8":0},"f":{},"b":{}}
,"/app/src/audit/audit.service.ts": {"path":"/app/src/audit/audit.service.ts","statementMap":{"0":{"start":{"line":1,"column":0},"end":{"line":1,"column":63}},"1":{"start":{"line":2,"column":0},"end":{"line":2,"column":57}},"2":{"start":{"line":6,"column":0},"end":{"line":6,"column":44}},"3":{"start":{"line":9,"column":7},"end":{"line":150,"column":null}},"4":{"start":{"line":10,"column":31},"end":{"line":10,"column":39}},"5":{"start":{"line":16,"column":4},"end":{"line":20,"column":5}},"6":{"start":{"line":17,"column":6},"end":{"line":17,"column":55}},"7":{"start":{"line":19,"column":6},"end":{"line":19,"column":53}},"8":{"start":{"line":27,"column":45},"end":{"line":27,"column":47}},"9":{"start":{"line":29,"column":4},"end":{"line":31,"column":5}},"10":{"start":{"line":30,"column":6},"end":{"line":30,"column":34}},"11":{"start":{"line":32,"column":4},"end":{"line":34,"column":5}},"12":{"start":{"line":33,"column":6},"end":{"line":33,"column":34}},"13":{"start":{"line":35,"column":4},"end":{"line":37,"column":5}},"14":{"start":{"line":36,"column":6},"end":{"line":36,"column":36}},"15":{"start":{"line":38,"column":4},"end":{"line":40,"column":5}},"16":{"start":{"line":39,"column":6},"end":{"line":39,"column":40}},"17":{"start":{"line":41,"column":4},"end":{"line":49,"column":5}},"18":{"start":{"line":42,"column":6},"end":{"line":42,"column":27}},"19":{"start":{"line":43,"column":6},"end":{"line":45,"column":7}},"20":{"start":{"line":44,"column":8},"end":{"line":44,"column":57}},"21":{"start":{"line":46,"column":6},"end":{"line":48,"column":7}},"22":{"start":{"line":47,"column":8},"end":{"line":47,"column":57}},"23":{"start":{"line":51,"column":4},"end":{"line":51,"column":17}},"24":{"start":{"line":55,"column":17},"end":{"line":55,"column":32}},"25":{"start":{"line":56,"column":18},"end":{"line":56,"column":35}},"26":{"start":{"line":57,"column":17},"end":{"line":57,"column":35}},"27":{"start":{"line":59,"column":18},"end":{"line":59,"column":40}},"28":{"start":{"line":61,"column":26},"end":{"line":69,"column":6}},"29":{"start":{"line":71,"column":4},"end":{"line":71,"column":27}},"30":{"start":{"line":78,"column":18},"end":{"line":78,"column":40}},"31":{"start":{"line":80,"column":4},"end":{"line":83,"column":7}},"32":{"start":{"line":87,"column":16},"end":{"line":87,"column":72}},"33":{"start":{"line":88,"column":4},"end":{"line":90,"column":5}},"34":{"start":{"line":89,"column":6},"end":{"line":89,"column":62}},"35":{"start":{"line":91,"column":4},"end":{"line":91,"column":15}},"36":{"start":{"line":98,"column":17},"end":{"line":98,"column":50}},"37":{"start":{"line":100,"column":20},"end":{"line":112,"column":6}},"38":{"start":{"line":114,"column":17},"end":{"line":126,"column":6}},"39":{"start":{"line":114,"column":35},"end":{"line":126,"column":6}},"40":{"start":{"line":128,"column":15},"end":{"line":128,"column":64}},"41":{"start":{"line":129,"column":15},"end":{"line":129,"column":42}},"42":{"start":{"line":130,"column":4},"end":{"line":130,"column":60}},"43":{"start":{"line":133,"column":24},"end":{"line":137,"column":6}},"44":{"start":{"line":138,"column":18},"end":{"line":138,"column":67}},"45":{"start":{"line":139,"column":4},"end":{"line":142,"column":5}},"46":{"start":{"line":139,"column":19},"end":{"line":139,"column":28}},"47":{"start":{"line":140,"column":22},"end":{"line":140,"column":68}},"48":{"start":{"line":141,"column":6},"end":{"line":141,"column":51}},"49":{"start":{"line":141,"column":23},"end":{"line":141,"column":51}},"50":{"start":{"line":145,"column":4},"end":{"line":145,"column":51}},"51":{"start":{"line":145,"column":37},"end":{"line":145,"column":48}},"52":{"start":{"line":147,"column":18},"end":{"line":147,"column":75}},"53":{"start":{"line":148,"column":4},"end":{"line":148,"column":30}},"54":{"start":{"line":9,"column":13},"end":{"line":9,"column":25}},"55":{"start":{"line":9,"column":13},"end":{"line":150,"column":null}}},"fnMap":{"0":{"name":"(anonymous_11)","decl":{"start":{"line":10,"column":2},"end":{"line":10,"column":31}},"loc":{"start":{"line":10,"column":52},"end":{"line":10,"column":56}}},"1":{"name":"(anonymous_12)","decl":{"start":{"line":15,"column":2},"end":{"line":15,"column":7}},"loc":{"start":{"line":15,"column":36},"end":{"line":21,"column":3}}},"2":{"name":"(anonymous_13)","decl":{"start":{"line":26,"column":10},"end":{"line":26,"column":20}},"loc":{"start":{"line":26,"column":41},"end":{"line":52,"column":3}}},"3":{"name":"(anonymous_14)","decl":{"start":{"line":54,"column":2},"end":{"line":54,"column":7}},"loc":{"start":{"line":54,"column":36},"end":{"line":72,"column":3}}},"4":{"name":"(anonymous_15)","decl":{"start":{"line":77,"column":2},"end":{"line":77,"column":7}},"loc":{"start":{"line":77,"column":42},"end":{"line":84,"column":3}}},"5":{"name":"(anonymous_16)","decl":{"start":{"line":86,"column":2},"end":{"line":86,"column":7}},"loc":{"start":{"line":86,"column":27},"end":{"line":92,"column":3}}},"6":{"name":"(anonymous_17)","decl":{"start":{"line":97,"column":2},"end":{"line":97,"column":7}},"loc":{"start":{"line":97,"column":42},"end":{"line":149,"column":3}}},"7":{"name":"(anonymous_18)","decl":{"start":{"line":114,"column":26},"end":{"line":114,"column":27}},"loc":{"start":{"line":114,"column":35},"end":{"line":126,"column":6}}},"8":{"name":"(anonymous_19)","decl":{"start":{"line":145,"column":30},"end":{"line":145,"column":33}},"loc":{"start":{"line":145,"column":37},"end":{"line":145,"column":48}}}},"branchMap":{"0":{"loc":{"start":{"line":29,"column":4},"end":{"line":31,"column":5}},"type":"if","locations":[{"start":{"line":29,"column":4},"end":{"line":31,"column":5}},{"start":{},"end":{}}]},"1":{"loc":{"start":{"line":32,"column":4},"end":{"line":34,"column":5}},"type":"if","locations":[{"start":{"line":32,"column":4},"end":{"line":34,"column":5}},{"start":{},"end":{}}]},"2":{"loc":{"start":{"line":35,"column":4},"end":{"line":37,"column":5}},"type":"if","locations":[{"start":{"line":35,"column":4},"end":{"line":37,"column":5}},{"start":{},"end":{}}]},"3":{"loc":{"start":{"line":38,"column":4},"end":{"line":40,"column":5}},"type":"if","locations":[{"start":{"line":38,"column":4},"end":{"line":40,"column":5}},{"start":{},"end":{}}]},"4":{"loc":{"start":{"line":41,"column":4},"end":{"line":49,"column":5}},"type":"if","locations":[{"start":{"line":41,"column":4},"end":{"line":49,"column":5}},{"start":{},"end":{}}]},"5":{"loc":{"start":{"line":41,"column":8},"end":{"line":41,"column":44}},"type":"binary-expr","locations":[{"start":{"line":41,"column":8},"end":{"line":41,"column":24}},{"start":{"line":41,"column":28},"end":{"line":41,"column":44}}]},"6":{"loc":{"start":{"line":43,"column":6},"end":{"line":45,"column":7}},"type":"if","locations":[{"start":{"line":43,"column":6},"end":{"line":45,"column":7}},{"start":{},"end":{}}]},"7":{"loc":{"start":{"line":46,"column":6},"end":{"line":48,"column":7}},"type":"if","locations":[{"start":{"line":46,"column":6},"end":{"line":48,"column":7}},{"start":{},"end":{}}]},"8":{"loc":{"start":{"line":55,"column":17},"end":{"line":55,"column":32}},"type":"binary-expr","locations":[{"start":{"line":55,"column":17},"end":{"line":55,"column":27}},{"start":{"line":55,"column":31},"end":{"line":55,"column":32}}]},"9":{"loc":{"start":{"line":56,"column":18},"end":{"line":56,"column":35}},"type":"binary-expr","locations":[{"start":{"line":56,"column":18},"end":{"line":56,"column":29}},{"start":{"line":56,"column":33},"end":{"line":56,"column":35}}]},"10":{"loc":{"start":{"line":88,"column":4},"end":{"line":90,"column":5}},"type":"if","locations":[{"start":{"line":88,"column":4},"end":{"line":90,"column":5}},{"start":{},"end":{}}]},"11":{"loc":{"start":{"line":115,"column":6},"end":{"line":115,"column":40}},"type":"binary-expr","locations":[{"start":{"line":115,"column":6},"end":{"line":115,"column":34}},{"start":{"line":115,"column":38},"end":{"line":115,"column":40}}]},"12":{"loc":{"start":{"line":118,"column":6},"end":{"line":118,"column":23}},"type":"binary-expr","locations":[{"start":{"line":118,"column":6},"end":{"line":118,"column":17}},{"start":{"line":118,"column":21},"end":{"line":118,"column":23}}]},"13":{"loc":{"start":{"line":119,"column":6},"end":{"line":119,"column":23}},"type":"binary-expr","locations":[{"start":{"line":119,"column":6},"end":{"line":119,"column":17}},{"start":{"line":119,"column":21},"end":{"line":119,"column":23}}]},"14":{"loc":{"start":{"line":120,"column":6},"end":{"line":120,"column":23}},"type":"binary-expr","locations":[{"start":{"line":120,"column":6},"end":{"line":120,"column":17}},{"start":{"line":120,"column":21},"end":{"line":120,"column":23}}]},"15":{"loc":{"start":{"line":121,"column":6},"end":{"line":121,"column":18}},"type":"binary-expr","locations":[{"start":{"line":121,"column":6},"end":{"line":121,"column":12}},{"start":{"line":121,"column":16},"end":{"line":121,"column":18}}]},"16":{"loc":{"start":{"line":122,"column":6},"end":{"line":122,"column":27}},"type":"binary-expr","locations":[{"start":{"line":122,"column":6},"end":{"line":122,"column":21}},{"start":{"line":122,"column":25},"end":{"line":122,"column":27}}]},"17":{"loc":{"start":{"line":123,"column":6},"end":{"line":123,"column":20}},"type":"binary-expr","locations":[{"start":{"line":123,"column":6},"end":{"line":123,"column":14}},{"start":{"line":123,"column":18},"end":{"line":123,"column":20}}]},"18":{"loc":{"start":{"line":124,"column":6},"end":{"line":124,"column":22}},"type":"binary-expr","locations":[{"start":{"line":124,"column":6},"end":{"line":124,"column":16}},{"start":{"line":124,"column":20},"end":{"line":124,"column":22}}]},"19":{"loc":{"start":{"line":125,"column":6},"end":{"line":125,"column":26}},"type":"binary-expr","locations":[{"start":{"line":125,"column":6},"end":{"line":125,"column":20}},{"start":{"line":125,"column":24},"end":{"line":125,"column":26}}]},"20":{"loc":{"start":{"line":138,"column":48},"end":{"line":138,"column":66}},"type":"binary-expr","locations":[{"start":{"line":138,"column":48},"end":{"line":138,"column":58}},{"start":{"line":138,"column":62},"end":{"line":138,"column":66}}]},"21":{"loc":{"start":{"line":141,"column":6},"end":{"line":141,"column":51}},"type":"if","locations":[{"start":{"line":141,"column":6},"end":{"line":141,"column":51}},{"start":{},"end":{}}]},"22":{"loc":{"start":{"line":10,"column":39},"end":{"line":10,"column":55}},"type":"cond-expr","locations":[{"start":{"line":10,"column":52},"end":{"line":10,"column":55}},{"start":{"line":10,"column":52},"end":{"line":10,"column":55}}]},"23":{"loc":{"start":{"line":10,"column":39},"end":{"line":10,"column":52}},"type":"binary-expr","locations":[{"start":{"line":10,"column":39},"end":{"line":10,"column":55}},{"start":{"line":10,"column":39},"end":{"line":10,"column":52}}]}},"s":{"0":0,"1":0,"2":0,"3":0,"4":0,"5":0,"6":0,"7":0,"8":0,"9":0,"10":0,"11":0,"12":0,"13":0,"14":0,"15":0,"16":0,"17":0,"18":0,"19":0,"20":0,"21":0,"22":0,"23":0,"24":0,"25":0,"26":0,"27":0,"28":0,"29":0,"30":0,"31":0,"32":0,"33":0,"34":0,"35":0,"36":0,"37":0,"38":0,"39":0,"40":0,"41":0,"42":0,"43":0,"44":0,"45":0,"46":0,"47":0,"48":0,"49":0,"50":0,"51":0,"52":0,"53":0,"54":0,"55":0},"f":{"0":0,"1":0,"2":0,"3":0,"4":0,"5":0,"6":0,"7":0,"8":0},"b":{"0":[0,0],"1":[0,0],"2":[0,0],"3":[0,0],"4":[0,0],"5":[0,0],"6":[0,0],"7":[0,0],"8":[0,0],"9":[0,0],"10":[0,0],"11":[0,0],"12":[0,0],"13":[0,0],"14":[0,0],"15":[0,0],"16":[0,0],"17":[0,0],"18":[0,0],"19":[0,0],"20":[0,0],"21":[0,0],"22":[0,0],"23":[0,0]}}
,"/app/src/audit/ip.util.ts": {"path":"/app/src/audit/ip.util.ts","statementMap":{"0":{"start":{"line":1,"column":0},"end":{"line":1,"column":16}},"1":{"start":{"line":2,"column":20},"end":{"line":2,"column":56}},"2":{"start":{"line":3,"column":2},"end":{"line":5,"column":3}},"3":{"start":{"line":4,"column":4},"end":{"line":4,"column":42}},"4":{"start":{"line":6,"column":2},"end":{"line":6,"column":33}}},"fnMap":{"0":{"name":"extractIp","decl":{"start":{"line":1,"column":16},"end":{"line":1,"column":25}},"loc":{"start":{"line":1,"column":38},"end":{"line":7,"column":1}}}},"branchMap":{"0":{"loc":{"start":{"line":3,"column":2},"end":{"line":5,"column":3}},"type":"if","locations":[{"start":{"line":3,"column":2},"end":{"line":5,"column":3}},{"start":{},"end":{}}]},"1":{"loc":{"start":{"line":3,"column":6},"end":{"line":3,"column":42}},"type":"binary-expr","locations":[{"start":{"line":3,"column":6},"end":{"line":3,"column":15}},{"start":{"line":3,"column":19},"end":{"line":3,"column":42}}]},"2":{"loc":{"start":{"line":6,"column":9},"end":{"line":6,"column":32}},"type":"binary-expr","locations":[{"start":{"line":6,"column":9},"end":{"line":6,"column":19}},{"start":{"line":6,"column":23},"end":{"line":6,"column":32}}]}},"s":{"0":0,"1":0,"2":0,"3":0,"4":0},"f":{"0":0},"b":{"0":[0,0],"1":[0,0],"2":[0,0]}}
,"/app/src/audit/dto/audit-event.dto.ts": {"path":"/app/src/audit/dto/audit-event.dto.ts","statementMap":{"0":{"start":{"line":1,"column":0},"end":{"line":1,"column":65}},"1":{"start":{"line":3,"column":0},"end":{"line":3,"column":13}},"2":{"start":{"line":5,"column":2},"end":{"line":5,"column":null}},"3":{"start":{"line":8,"column":2},"end":{"line":8,"column":null}},"4":{"start":{"line":12,"column":2},"end":{"line":12,"column":null}},"5":{"start":{"line":16,"column":2},"end":{"line":16,"column":null}},"6":{"start":{"line":20,"column":2},"end":{"line":20,"column":null}},"7":{"start":{"line":24,"column":2},"end":{"line":24,"column":null}},"8":{"start":{"line":28,"column":2},"end":{"line":28,"column":null}},"9":{"start":{"line":32,"column":2},"end":{"line":32,"column":null}},"10":{"start":{"line":36,"column":2},"end":{"line":36,"column":null}},"11":{"start":{"line":40,"column":2},"end":{"line":40,"column":null}},"12":{"start":{"line":44,"column":2},"end":{"line":44,"column":null}},"13":{"start":{"line":48,"column":2},"end":{"line":48,"column":null}}},"fnMap":{},"branchMap":{},"s":{"0":0,"1":0,"2":0,"3":0,"4":0,"5":0,"6":0,"7":0,"8":0,"9":0,"10":0,"11":0,"12":0,"13":0},"f":{},"b":{}}
,"/app/src/audit/dto/audit-query.dto.ts": {"path":"/app/src/audit/dto/audit-query.dto.ts","statementMap":{"0":{"start":{"line":1,"column":0},"end":{"line":1,"column":67}},"1":{"start":{"line":2,"column":0},"end":{"line":2,"column":41}},"2":{"start":{"line":9,"column":18},"end":{"line":9,"column":19}},"3":{"start":{"line":15,"column":19},"end":{"line":15,"column":21}},"4":{"start":{"line":4,"column":0},"end":{"line":4,"column":13}},"5":{"start":{"line":9,"column":2},"end":{"line":9,"column":null}},"6":{"start":{"line":6,"column":14},"end":{"line":6,"column":20}},"7":{"start":{"line":15,"column":2},"end":{"line":15,"column":null}},"8":{"start":{"line":12,"column":14},"end":{"line":12,"column":20}},"9":{"start":{"line":19,"column":2},"end":{"line":19,"column":null}},"10":{"start":{"line":23,"column":2},"end":{"line":23,"column":null}},"11":{"start":{"line":27,"column":2},"end":{"line":27,"column":null}},"12":{"start":{"line":31,"column":2},"end":{"line":31,"column":null}},"13":{"start":{"line":35,"column":2},"end":{"line":35,"column":null}},"14":{"start":{"line":39,"column":2},"end":{"line":39,"column":null}}},"fnMap":{"0":{"name":"(anonymous_2)","decl":{"start":{"line":6,"column":8},"end":{"line":6,"column":11}},"loc":{"start":{"line":6,"column":14},"end":{"line":6,"column":20}}},"1":{"name":"(anonymous_3)","decl":{"start":{"line":12,"column":8},"end":{"line":12,"column":11}},"loc":{"start":{"line":12,"column":14},"end":{"line":12,"column":20}}}},"branchMap":{},"s":{"0":0,"1":0,"2":0,"3":0,"4":0,"5":0,"6":0,"7":0,"8":0,"9":0,"10":0,"11":0,"12":0,"13":0,"14":0},"f":{"0":0,"1":0},"b":{}}
,"/app/src/audit/dto/page-visit.dto.ts": {"path":"/app/src/audit/dto/page-visit.dto.ts","statementMap":{"0":{"start":{"line":1,"column":0},"end":{"line":1,"column":55}},"1":{"start":{"line":3,"column":0},"end":{"line":3,"column":13}},"2":{"start":{"line":6,"column":2},"end":{"line":6,"column":null}}},"fnMap":{},"branchMap":{},"s":{"0":0,"1":0,"2":0},"f":{},"b":{}}
,"/app/src/auth/auth.controller.ts": {"path":"/app/src/auth/auth.controller.ts","statementMap":{"0":{"start":{"line":1,"column":0},"end":{"line":1,"column":66}},"1":{"start":{"line":2,"column":0},"end":{"line":2,"column":75}},"2":{"start":{"line":3,"column":0},"end":{"line":3,"column":45}},"3":{"start":{"line":4,"column":0},"end":{"line":4,"column":66}},"4":{"start":{"line":5,"column":0},"end":{"line":5,"column":55}},"5":{"start":{"line":10,"column":2},"end":{"line":10,"column":null}},"6":{"start":{"line":14,"column":2},"end":{"line":14,"column":null}},"7":{"start":{"line":21,"column":2},"end":{"line":21,"column":null}},"8":{"start":{"line":27,"column":2},"end":{"line":27,"column":null}},"9":{"start":{"line":32,"column":2},"end":{"line":32,"column":null}},"10":{"start":{"line":35,"column":2},"end":{"line":35,"column":null}},"11":{"start":{"line":39,"column":7},"end":{"line":68,"column":null}},"12":{"start":{"line":40,"column":31},"end":{"line":40,"column":44}},"13":{"start":{"line":46,"column":17},"end":{"line":48,"column":null}},"14":{"start":{"line":50,"column":4},"end":{"line":50,"column":48}},"15":{"start":{"line":57,"column":17},"end":{"line":57,"column":64}},"16":{"start":{"line":58,"column":4},"end":{"line":58,"column":48}},"17":{"start":{"line":66,"column":4},"end":{"line":66,"column":68}},"18":{"start":{"line":39,"column":13},"end":{"line":39,"column":27}},"19":{"start":{"line":45,"column":8},"end":{"line":51,"column":null}},"20":{"start":{"line":56,"column":8},"end":{"line":59,"column":null}},"21":{"start":{"line":62,"column":2},"end":{"line":67,"column":null}},"22":{"start":{"line":39,"column":13},"end":{"line":68,"column":null}}},"fnMap":{"0":{"name":"(anonymous_4)","decl":{"start":{"line":40,"column":2},"end":{"line":40,"column":31}},"loc":{"start":{"line":40,"column":55},"end":{"line":40,"column":59}}},"1":{"name":"(anonymous_5)","decl":{"start":{"line":45,"column":8},"end":{"line":45,"column":13}},"loc":{"start":{"line":45,"column":36},"end":{"line":51,"column":3}}},"2":{"name":"(anonymous_6)","decl":{"start":{"line":56,"column":8},"end":{"line":56,"column":17}},"loc":{"start":{"line":56,"column":44},"end":{"line":59,"column":3}}},"3":{"name":"(anonymous_7)","decl":{"start":{"line":62,"column":2},"end":{"line":62,"column":13}},"loc":{"start":{"line":64,"column":32},"end":{"line":67,"column":3}}}},"branchMap":{"0":{"loc":{"start":{"line":40,"column":44},"end":{"line":40,"column":58}},"type":"cond-expr","locations":[{"start":{"line":40,"column":55},"end":{"line":40,"column":58}},{"start":{"line":40,"column":55},"end":{"line":40,"column":58}}]},"1":{"loc":{"start":{"line":40,"column":44},"end":{"line":40,"column":55}},"type":"binary-expr","locations":[{"start":{"line":40,"column":44},"end":{"line":40,"column":58}},{"start":{"line":40,"column":44},"end":{"line":40,"column":55}}]}},"s":{"0":0,"1":0,"2":0,"3":0,"4":0,"5":0,"6":0,"7":0,"8":0,"9":0,"10":0,"11":0,"12":0,"13":0,"14":0,"15":0,"16":0,"17":0,"18":0,"19":0,"20":0,"21":0,"22":0},"f":{"0":0,"1":0,"2":0,"3":0},"b":{"0":[0,0],"1":[0,0]}}
,"/app/src/auth/auth.guard.ts": {"path":"/app/src/auth/auth.guard.ts","statementMap":{"0":{"start":{"line":1,"column":0},"end":{"line":1,"column":null}},"1":{"start":{"line":7,"column":0},"end":{"line":7,"column":41}},"2":{"start":{"line":8,"column":0},"end":{"line":8,"column":32}},"3":{"start":{"line":9,"column":0},"end":{"line":9,"column":36}},"4":{"start":{"line":10,"column":0},"end":{"line":10,"column":62}},"5":{"start":{"line":13,"column":7},"end":{"line":97,"column":null}},"6":{"start":{"line":14,"column":31},"end":{"line":14,"column":42}},"7":{"start":{"line":18,"column":21},"end":{"line":21,"column":6}},"8":{"start":{"line":22,"column":4},"end":{"line":24,"column":5}},"9":{"start":{"line":23,"column":6},"end":{"line":23,"column":18}},"10":{"start":{"line":26,"column":20},"end":{"line":26,"column":55}},"11":{"start":{"line":27,"column":21},"end":{"line":27,"column":57}},"12":{"start":{"line":30,"column":4},"end":{"line":38,"column":5}},"13":{"start":{"line":31,"column":19},"end":{"line":31,"column":47}},"14":{"start":{"line":32,"column":6},"end":{"line":35,"column":7}},"15":{"start":{"line":33,"column":8},"end":{"line":33,"column":28}},"16":{"start":{"line":34,"column":8},"end":{"line":34,"column":20}},"17":{"start":{"line":41,"column":4},"end":{"line":49,"column":5}},"18":{"start":{"line":42,"column":19},"end":{"line":42,"column":60}},"19":{"start":{"line":43,"column":6},"end":{"line":46,"column":7}},"20":{"start":{"line":44,"column":8},"end":{"line":44,"column":28}},"21":{"start":{"line":45,"column":8},"end":{"line":45,"column":20}},"22":{"start":{"line":51,"column":4},"end":{"line":51,"column":38}},"23":{"start":{"line":55,"column":24},"end":{"line":56,"column":33}},"24":{"start":{"line":57,"column":4},"end":{"line":57,"column":56}},"25":{"start":{"line":57,"column":44},"end":{"line":57,"column":56}},"26":{"start":{"line":59,"column":18},"end":{"line":59,"column":41}},"27":{"start":{"line":60,"column":19},"end":{"line":60,"column":69}},"28":{"start":{"line":62,"column":4},"end":{"line":79,"column":5}},"29":{"start":{"line":63,"column":22},"end":{"line":65,"column":35}},"30":{"start":{"line":68,"column":6},"end":{"line":68,"column":50}},"31":{"start":{"line":68,"column":38},"end":{"line":68,"column":50}},"32":{"start":{"line":70,"column":6},"end":{"line":76,"column":8}},"33":{"start":{"line":78,"column":6},"end":{"line":78,"column":18}},"34":{"start":{"line":83,"column":4},"end":{"line":95,"column":7}},"35":{"start":{"line":84,"column":6},"end":{"line":94,"column":27}},"36":{"start":{"line":88,"column":10},"end":{"line":92,"column":11}},"37":{"start":{"line":89,"column":12},"end":{"line":89,"column":55}},"38":{"start":{"line":91,"column":12},"end":{"line":91,"column":26}},"39":{"start":{"line":13,"column":13},"end":{"line":13,"column":22}},"40":{"start":{"line":13,"column":13},"end":{"line":97,"column":null}}},"fnMap":{"0":{"name":"(anonymous_12)","decl":{"start":{"line":14,"column":2},"end":{"line":14,"column":31}},"loc":{"start":{"line":14,"column":51},"end":{"line":14,"column":55}}},"1":{"name":"(anonymous_13)","decl":{"start":{"line":16,"column":2},"end":{"line":16,"column":7}},"loc":{"start":{"line":16,"column":45},"end":{"line":52,"column":3}}},"2":{"name":"(anonymous_14)","decl":{"start":{"line":54,"column":10},"end":{"line":54,"column":18}},"loc":{"start":{"line":54,"column":35},"end":{"line":80,"column":3}}},"3":{"name":"(anonymous_15)","decl":{"start":{"line":82,"column":10},"end":{"line":82,"column":21}},"loc":{"start":{"line":82,"column":57},"end":{"line":96,"column":3}}},"4":{"name":"(anonymous_16)","decl":{"start":{"line":83,"column":23},"end":{"line":83,"column":24}},"loc":{"start":{"line":83,"column":43},"end":{"line":95,"column":5}}},"5":{"name":"(anonymous_17)","decl":{"start":{"line":87,"column":8},"end":{"line":87,"column":9}},"loc":{"start":{"line":87,"column":45},"end":{"line":93,"column":9}}}},"branchMap":{"0":{"loc":{"start":{"line":22,"column":4},"end":{"line":24,"column":5}},"type":"if","locations":[{"start":{"line":22,"column":4},"end":{"line":24,"column":5}},{"start":{},"end":{}}]},"1":{"loc":{"start":{"line":32,"column":6},"end":{"line":35,"column":7}},"type":"if","locations":[{"start":{"line":32,"column":6},"end":{"line":35,"column":7}},{"start":{},"end":{}}]},"2":{"loc":{"start":{"line":43,"column":6},"end":{"line":46,"column":7}},"type":"if","locations":[{"start":{"line":43,"column":6},"end":{"line":46,"column":7}},{"start":{},"end":{}}]},"3":{"loc":{"start":{"line":57,"column":4},"end":{"line":57,"column":56}},"type":"if","locations":[{"start":{"line":57,"column":4},"end":{"line":57,"column":56}},{"start":{},"end":{}}]},"4":{"loc":{"start":{"line":60,"column":19},"end":{"line":60,"column":69}},"type":"binary-expr","locations":[{"start":{"line":60,"column":19},"end":{"line":60,"column":44}},{"start":{"line":60,"column":48},"end":{"line":60,"column":69}}]},"5":{"loc":{"start":{"line":68,"column":6},"end":{"line":68,"column":50}},"type":"if","locations":[{"start":{"line":68,"column":6},"end":{"line":68,"column":50}},{"start":{},"end":{}}]},"6":{"loc":{"start":{"line":72,"column":18},"end":{"line":72,"column":40}},"type":"binary-expr","locations":[{"start":{"line":72,"column":18},"end":{"line":72,"column":34}},{"start":{"line":72,"column":38},"end":{"line":72,"column":40}}]},"7":{"loc":{"start":{"line":73,"column":15},"end":{"line":73,"column":34}},"type":"binary-expr","locations":[{"start":{"line":73,"column":15},"end":{"line":73,"column":28}},{"start":{"line":73,"column":32},"end":{"line":73,"column":34}}]},"8":{"loc":{"start":{"line":74,"column":15},"end":{"line":74,"column":34}},"type":"binary-expr","locations":[{"start":{"line":74,"column":15},"end":{"line":74,"column":28}},{"start":{"line":74,"column":32},"end":{"line":74,"column":34}}]},"9":{"loc":{"start":{"line":88,"column":10},"end":{"line":92,"column":11}},"type":"if","locations":[{"start":{"line":88,"column":10},"end":{"line":92,"column":11}},{"start":{"line":90,"column":17},"end":{"line":92,"column":11}}]},"10":{"loc":{"start":{"line":88,"column":14},"end":{"line":88,"column":26}},"type":"binary-expr","locations":[{"start":{"line":88,"column":14},"end":{"line":88,"column":17}},{"start":{"line":88,"column":21},"end":{"line":88,"column":26}}]},"11":{"loc":{"start":{"line":89,"column":19},"end":{"line":89,"column":53}},"type":"binary-expr","locations":[{"start":{"line":89,"column":19},"end":{"line":89,"column":22}},{"start":{"line":89,"column":26},"end":{"line":89,"column":53}}]},"12":{"loc":{"start":{"line":14,"column":42},"end":{"line":14,"column":54}},"type":"cond-expr","locations":[{"start":{"line":14,"column":51},"end":{"line":14,"column":54}},{"start":{"line":14,"column":51},"end":{"line":14,"column":54}}]},"13":{"loc":{"start":{"line":14,"column":42},"end":{"line":14,"column":51}},"type":"binary-expr","locations":[{"start":{"line":14,"column":42},"end":{"line":14,"column":54}},{"start":{"line":14,"column":42},"end":{"line":14,"column":51}}]}},"s":{"0":0,"1":0,"2":0,"3":0,"4":0,"5":0,"6":0,"7":0,"8":0,"9":0,"10":0,"11":0,"12":0,"13":0,"14":0,"15":0,"16":0,"17":0,"18":0,"19":0,"20":0,"21":0,"22":0,"23":0,"24":0,"25":0,"26":0,"27":0,"28":0,"29":0,"30":0,"31":0,"32":0,"33":0,"34":0,"35":0,"36":0,"37":0,"38":0,"39":0,"40":0},"f":{"0":0,"1":0,"2":0,"3":0,"4":0,"5":0},"b":{"0":[0,0],"1":[0,0],"2":[0,0],"3":[0,0],"4":[0,0],"5":[0,0],"6":[0,0],"7":[0,0],"8":[0,0],"9":[0,0],"10":[0,0],"11":[0,0],"12":[0,0],"13":[0,0]}}
,"/app/src/auth/auth.module.ts": {"path":"/app/src/auth/auth.module.ts","statementMap":{"0":{"start":{"line":1,"column":0},"end":{"line":1,"column":40}},"1":{"start":{"line":2,"column":0},"end":{"line":2,"column":47}},"2":{"start":{"line":3,"column":0},"end":{"line":3,"column":50}},"3":{"start":{"line":4,"column":0},"end":{"line":4,"column":40}},"4":{"start":{"line":5,"column":0},"end":{"line":5,"column":45}},"5":{"start":{"line":6,"column":0},"end":{"line":6,"column":56}},"6":{"start":{"line":7,"column":0},"end":{"line":7,"column":49}},"7":{"start":{"line":8,"column":0},"end":{"line":8,"column":41}},"8":{"start":{"line":9,"column":0},"end":{"line":9,"column":43}},"9":{"start":{"line":10,"column":0},"end":{"line":10,"column":51}},"10":{"start":{"line":11,"column":0},"end":{"line":11,"column":45}},"11":{"start":{"line":12,"column":0},"end":{"line":12,"column":53}},"12":{"start":{"line":13,"column":0},"end":{"line":13,"column":57}},"13":{"start":{"line":15,"column":13},"end":{"line":15,"column":39}},"14":{"start":{"line":39,"column":7},"end":{"line":39,"column":null}},"15":{"start":{"line":39,"column":13},"end":{"line":39,"column":23}},"16":{"start":{"line":39,"column":13},"end":{"line":39,"column":null}}},"fnMap":{},"branchMap":{"0":{"loc":{"start":{"line":21,"column":14},"end":{"line":21,"column":64}},"type":"binary-expr","locations":[{"start":{"line":21,"column":14},"end":{"line":21,"column":39}},{"start":{"line":21,"column":43},"end":{"line":21,"column":64}}]}},"s":{"0":0,"1":0,"2":0,"3":0,"4":0,"5":0,"6":0,"7":0,"8":0,"9":0,"10":0,"11":0,"12":0,"13":0,"14":0,"15":0,"16":0},"f":{},"b":{"0":[0,0]}}
,"/app/src/auth/auth.service.ts": {"path":"/app/src/auth/auth.service.ts","statementMap":{"0":{"start":{"line":1,"column":0},"end":{"line":1,"column":null}},"1":{"start":{"line":6,"column":0},"end":{"line":6,"column":41}},"2":{"start":{"line":7,"column":0},"end":{"line":7,"column":33}},"3":{"start":{"line":8,"column":0},"end":{"line":8,"column":57}},"4":{"start":{"line":31,"column":7},"end":{"line":152,"column":null}},"5":{"start":{"line":33,"column":21},"end":{"line":33,"column":33}},"6":{"start":{"line":34,"column":21},"end":{"line":34,"column":29}},"7":{"start":{"line":38,"column":20},"end":{"line":44,"column":6}},"8":{"start":{"line":46,"column":25},"end":{"line":48,"column":6}},"9":{"start":{"line":50,"column":4},"end":{"line":59,"column":6}},"10":{"start":{"line":66,"column":20},"end":{"line":68,"column":6}},"11":{"start":{"line":70,"column":4},"end":{"line":72,"column":5}},"12":{"start":{"line":71,"column":6},"end":{"line":71,"column":40}},"13":{"start":{"line":74,"column":18},"end":{"line":74,"column":70}},"14":{"start":{"line":75,"column":4},"end":{"line":77,"column":5}},"15":{"start":{"line":76,"column":6},"end":{"line":76,"column":40}},"16":{"start":{"line":79,"column":28},"end":{"line":79,"column":65}},"17":{"start":{"line":81,"column":4},"end":{"line":88,"column":6}},"18":{"start":{"line":96,"column":18},"end":{"line":96,"column":51}},"19":{"start":{"line":97,"column":4},"end":{"line":101,"column":5}},"20":{"start":{"line":98,"column":6},"end":{"line":100,"column":8}},"21":{"start":{"line":103,"column":25},"end":{"line":103,"column":61}},"22":{"start":{"line":104,"column":18},"end":{"line":104,"column":51}},"23":{"start":{"line":106,"column":20},"end":{"line":115,"column":6}},"24":{"start":{"line":117,"column":4},"end":{"line":124,"column":6}},"25":{"start":{"line":128,"column":20},"end":{"line":130,"column":6}},"26":{"start":{"line":132,"column":4},"end":{"line":134,"column":5}},"27":{"start":{"line":133,"column":6},"end":{"line":133,"column":61}},"28":{"start":{"line":136,"column":4},"end":{"line":138,"column":5}},"29":{"start":{"line":137,"column":6},"end":{"line":137,"column":72}},"30":{"start":{"line":140,"column":25},"end":{"line":140,"column":56}},"31":{"start":{"line":142,"column":4},"end":{"line":148,"column":7}},"32":{"start":{"line":150,"column":4},"end":{"line":150,"column":49}},"33":{"start":{"line":31,"column":13},"end":{"line":31,"column":24}},"34":{"start":{"line":31,"column":13},"end":{"line":152,"column":null}}},"fnMap":{"0":{"name":"(anonymous_11)","decl":{"start":{"line":32,"column":2},"end":{"line":32,"column":null}},"loc":{"start":{"line":34,"column":42},"end":{"line":35,"column":6}}},"1":{"name":"(anonymous_12)","decl":{"start":{"line":37,"column":2},"end":{"line":37,"column":15}},"loc":{"start":{"line":37,"column":31},"end":{"line":60,"column":3}}},"2":{"name":"(anonymous_13)","decl":{"start":{"line":62,"column":2},"end":{"line":62,"column":7}},"loc":{"start":{"line":64,"column":20},"end":{"line":89,"column":3}}},"3":{"name":"(anonymous_14)","decl":{"start":{"line":91,"column":2},"end":{"line":91,"column":7}},"loc":{"start":{"line":95,"column":3},"end":{"line":125,"column":3}}},"4":{"name":"(anonymous_15)","decl":{"start":{"line":127,"column":2},"end":{"line":127,"column":7}},"loc":{"start":{"line":127,"column":52},"end":{"line":151,"column":3}}}},"branchMap":{"0":{"loc":{"start":{"line":57,"column":22},"end":{"line":57,"column":48}},"type":"binary-expr","locations":[{"start":{"line":57,"column":22},"end":{"line":57,"column":39}},{"start":{"line":57,"column":43},"end":{"line":57,"column":48}}]},"1":{"loc":{"start":{"line":70,"column":4},"end":{"line":72,"column":5}},"type":"if","locations":[{"start":{"line":70,"column":4},"end":{"line":72,"column":5}},{"start":{},"end":{}}]},"2":{"loc":{"start":{"line":70,"column":8},"end":{"line":70,"column":64}},"type":"binary-expr","locations":[{"start":{"line":70,"column":8},"end":{"line":70,"column":16}},{"start":{"line":70,"column":20},"end":{"line":70,"column":39}},{"start":{"line":70,"column":43},"end":{"line":70,"column":64}}]},"3":{"loc":{"start":{"line":75,"column":4},"end":{"line":77,"column":5}},"type":"if","locations":[{"start":{"line":75,"column":4},"end":{"line":77,"column":5}},{"start":{},"end":{}}]},"4":{"loc":{"start":{"line":97,"column":4},"end":{"line":101,"column":5}},"type":"if","locations":[{"start":{"line":97,"column":4},"end":{"line":101,"column":5}},{"start":{},"end":{}}]},"5":{"loc":{"start":{"line":132,"column":4},"end":{"line":134,"column":5}},"type":"if","locations":[{"start":{"line":132,"column":4},"end":{"line":134,"column":5}},{"start":{},"end":{}}]},"6":{"loc":{"start":{"line":136,"column":4},"end":{"line":138,"column":5}},"type":"if","locations":[{"start":{"line":136,"column":4},"end":{"line":138,"column":5}},{"start":{},"end":{}}]},"7":{"loc":{"start":{"line":33,"column":33},"end":{"line":33,"column":null}},"type":"cond-expr","locations":[{"start":{"line":33,"column":43},"end":{"line":33,"column":null}},{"start":{"line":33,"column":43},"end":{"line":33,"column":null}}]},"8":{"loc":{"start":{"line":33,"column":33},"end":{"line":33,"column":43}},"type":"binary-expr","locations":[{"start":{"line":33,"column":33},"end":{"line":33,"column":null}},{"start":{"line":33,"column":33},"end":{"line":33,"column":43}}]},"9":{"loc":{"start":{"line":33,"column":43},"end":{"line":34,"column":null}},"type":"cond-expr","locations":[{"start":{"line":34,"column":42},"end":{"line":34,"column":null}},{"start":{"line":34,"column":42},"end":{"line":34,"column":null}}]},"10":{"loc":{"start":{"line":33,"column":43},"end":{"line":34,"column":42}},"type":"binary-expr","locations":[{"start":{"line":33,"column":43},"end":{"line":34,"column":null}},{"start":{"line":34,"column":29},"end":{"line":34,"column":42}}]}},"s":{"0":0,"1":0,"2":0,"3":0,"4":0,"5":0,"6":0,"7":0,"8":0,"9":0,"10":0,"11":0,"12":0,"13":0,"14":0,"15":0,"16":0,"17":0,"18":0,"19":0,"20":0,"21":0,"22":0,"23":0,"24":0,"25":0,"26":0,"27":0,"28":0,"29":0,"30":0,"31":0,"32":0,"33":0,"34":0},"f":{"0":0,"1":0,"2":0,"3":0,"4":0},"b":{"0":[0,0],"1":[0,0],"2":[0,0,0],"3":[0,0],"4":[0,0],"5":[0,0],"6":[0,0],"7":[0,0],"8":[0,0],"9":[0,0],"10":[0,0]}}
,"/app/src/auth/jwt.strategy.ts": {"path":"/app/src/auth/jwt.strategy.ts","statementMap":{"0":{"start":{"line":1,"column":0},"end":{"line":1,"column":44}},"1":{"start":{"line":2,"column":0},"end":{"line":2,"column":52}},"2":{"start":{"line":3,"column":0},"end":{"line":3,"column":52}},"3":{"start":{"line":4,"column":0},"end":{"line":4,"column":45}},"4":{"start":{"line":5,"column":0},"end":{"line":5,"column":60}},"5":{"start":{"line":8,"column":7},"end":{"line":35,"column":null}},"6":{"start":{"line":10,"column":20},"end":{"line":10,"column":52}},"7":{"start":{"line":12,"column":4},"end":{"line":14,"column":5}},"8":{"start":{"line":13,"column":6},"end":{"line":13,"column":75}},"9":{"start":{"line":17,"column":4},"end":{"line":25,"column":7}},"10":{"start":{"line":30,"column":4},"end":{"line":33,"column":6}},"11":{"start":{"line":8,"column":13},"end":{"line":8,"column":24}},"12":{"start":{"line":8,"column":13},"end":{"line":35,"column":null}}},"fnMap":{"0":{"name":"(anonymous_2)","decl":{"start":{"line":9,"column":2},"end":{"line":9,"column":null}},"loc":{"start":{"line":9,"column":2},"end":{"line":26,"column":3}}},"1":{"name":"(anonymous_3)","decl":{"start":{"line":29,"column":2},"end":{"line":29,"column":7}},"loc":{"start":{"line":29,"column":36},"end":{"line":34,"column":3}}}},"branchMap":{"0":{"loc":{"start":{"line":12,"column":4},"end":{"line":14,"column":5}},"type":"if","locations":[{"start":{"line":12,"column":4},"end":{"line":14,"column":5}},{"start":{},"end":{}}]}},"s":{"0":0,"1":0,"2":0,"3":0,"4":0,"5":0,"6":0,"7":0,"8":0,"9":0,"10":0,"11":0,"12":0},"f":{"0":0,"1":0},"b":{"0":[0,0]}}
,"/app/src/auth/jwt.types.ts": {"path":"/app/src/auth/jwt.types.ts","statementMap":{"0":{"start":{"line":15,"column":0},"end":{"line":15,"column":16}},"1":{"start":{"line":16,"column":21},"end":{"line":16,"column":54}},"2":{"start":{"line":17,"column":22},"end":{"line":19,"column":8}},"3":{"start":{"line":18,"column":60},"end":{"line":18,"column":67}},"4":{"start":{"line":21,"column":2},"end":{"line":26,"column":4}}},"fnMap":{"0":{"name":"extractJwtPayload","decl":{"start":{"line":15,"column":16},"end":{"line":15,"column":33}},"loc":{"start":{"line":15,"column":53},"end":{"line":27,"column":1}}},"1":{"name":"(anonymous_1)","decl":{"start":{"line":18,"column":53},"end":{"line":18,"column":54}},"loc":{"start":{"line":18,"column":60},"end":{"line":18,"column":67}}}},"branchMap":{"0":{"loc":{"start":{"line":16,"column":21},"end":{"line":16,"column":54}},"type":"binary-expr","locations":[{"start":{"line":16,"column":21},"end":{"line":16,"column":48}},{"start":{"line":16,"column":52},"end":{"line":16,"column":54}}]},"1":{"loc":{"start":{"line":17,"column":22},"end":{"line":19,"column":8}},"type":"cond-expr","locations":[{"start":{"line":18,"column":6},"end":{"line":18,"column":68}},{"start":{"line":19,"column":6},"end":{"line":19,"column":8}}]},"2":{"loc":{"start":{"line":23,"column":14},"end":{"line":23,"column":46}},"type":"binary-expr","locations":[{"start":{"line":23,"column":14},"end":{"line":23,"column":40}},{"start":{"line":23,"column":44},"end":{"line":23,"column":46}}]},"3":{"loc":{"start":{"line":24,"column":11},"end":{"line":24,"column":30}},"type":"binary-expr","locations":[{"start":{"line":24,"column":11},"end":{"line":24,"column":24}},{"start":{"line":24,"column":28},"end":{"line":24,"column":30}}]}},"s":{"0":0,"1":0,"2":0,"3":0,"4":0},"f":{"0":0,"1":0},"b":{"0":[0,0],"1":[0,0],"2":[0,0],"3":[0,0]}}
,"/app/src/auth/local-jwt.strategy.ts": {"path":"/app/src/auth/local-jwt.strategy.ts","statementMap":{"0":{"start":{"line":1,"column":0},"end":{"line":1,"column":44}},"1":{"start":{"line":2,"column":0},"end":{"line":2,"column":52}},"2":{"start":{"line":3,"column":0},"end":{"line":3,"column":52}},"3":{"start":{"line":14,"column":7},"end":{"line":35,"column":null}},"4":{"start":{"line":16,"column":19},"end":{"line":16,"column":69}},"5":{"start":{"line":18,"column":4},"end":{"line":23,"column":7}},"6":{"start":{"line":27,"column":4},"end":{"line":33,"column":6}},"7":{"start":{"line":14,"column":13},"end":{"line":14,"column":29}},"8":{"start":{"line":14,"column":13},"end":{"line":35,"column":null}}},"fnMap":{"0":{"name":"(anonymous_2)","decl":{"start":{"line":15,"column":2},"end":{"line":15,"column":null}},"loc":{"start":{"line":15,"column":2},"end":{"line":24,"column":3}}},"1":{"name":"(anonymous_3)","decl":{"start":{"line":26,"column":2},"end":{"line":26,"column":7}},"loc":{"start":{"line":26,"column":41},"end":{"line":34,"column":3}}}},"branchMap":{"0":{"loc":{"start":{"line":16,"column":19},"end":{"line":16,"column":69}},"type":"binary-expr","locations":[{"start":{"line":16,"column":19},"end":{"line":16,"column":44}},{"start":{"line":16,"column":48},"end":{"line":16,"column":69}}]},"1":{"loc":{"start":{"line":29,"column":16},"end":{"line":29,"column":38}},"type":"binary-expr","locations":[{"start":{"line":29,"column":16},"end":{"line":29,"column":32}},{"start":{"line":29,"column":36},"end":{"line":29,"column":38}}]},"2":{"loc":{"start":{"line":30,"column":13},"end":{"line":30,"column":32}},"type":"binary-expr","locations":[{"start":{"line":30,"column":13},"end":{"line":30,"column":26}},{"start":{"line":30,"column":30},"end":{"line":30,"column":32}}]},"3":{"loc":{"start":{"line":31,"column":13},"end":{"line":31,"column":32}},"type":"binary-expr","locations":[{"start":{"line":31,"column":13},"end":{"line":31,"column":26}},{"start":{"line":31,"column":30},"end":{"line":31,"column":32}}]}},"s":{"0":0,"1":0,"2":0,"3":0,"4":0,"5":0,"6":0,"7":0,"8":0},"f":{"0":0,"1":0},"b":{"0":[0,0],"1":[0,0],"2":[0,0],"3":[0,0]}}
,"/app/src/auth/local.strategy.ts": {"path":"/app/src/auth/local.strategy.ts","statementMap":{"0":{"start":{"line":1,"column":0},"end":{"line":1,"column":67}},"1":{"start":{"line":2,"column":0},"end":{"line":2,"column":52}},"2":{"start":{"line":3,"column":0},"end":{"line":3,"column":42}},"3":{"start":{"line":4,"column":0},"end":{"line":4,"column":33}},"4":{"start":{"line":5,"column":0},"end":{"line":5,"column":57}},"5":{"start":{"line":8,"column":7},"end":{"line":46,"column":null}},"6":{"start":{"line":10,"column":4},"end":{"line":10,"column":68}},"7":{"start":{"line":9,"column":31},"end":{"line":9,"column":39}},"8":{"start":{"line":14,"column":20},"end":{"line":16,"column":6}},"9":{"start":{"line":18,"column":4},"end":{"line":20,"column":5}},"10":{"start":{"line":19,"column":6},"end":{"line":19,"column":40}},"11":{"start":{"line":22,"column":4},"end":{"line":24,"column":5}},"12":{"start":{"line":23,"column":6},"end":{"line":23,"column":40}},"13":{"start":{"line":26,"column":4},"end":{"line":28,"column":5}},"14":{"start":{"line":27,"column":6},"end":{"line":27,"column":40}},"15":{"start":{"line":30,"column":18},"end":{"line":30,"column":70}},"16":{"start":{"line":31,"column":4},"end":{"line":33,"column":5}},"17":{"start":{"line":32,"column":6},"end":{"line":32,"column":40}},"18":{"start":{"line":35,"column":28},"end":{"line":35,"column":65}},"19":{"start":{"line":37,"column":4},"end":{"line":44,"column":6}},"20":{"start":{"line":8,"column":13},"end":{"line":8,"column":26}},"21":{"start":{"line":8,"column":13},"end":{"line":46,"column":null}}},"fnMap":{"0":{"name":"(anonymous_11)","decl":{"start":{"line":9,"column":2},"end":{"line":9,"column":31}},"loc":{"start":{"line":9,"column":52},"end":{"line":11,"column":3}}},"1":{"name":"(anonymous_12)","decl":{"start":{"line":13,"column":2},"end":{"line":13,"column":7}},"loc":{"start":{"line":13,"column":51},"end":{"line":45,"column":3}}}},"branchMap":{"0":{"loc":{"start":{"line":18,"column":4},"end":{"line":20,"column":5}},"type":"if","locations":[{"start":{"line":18,"column":4},"end":{"line":20,"column":5}},{"start":{},"end":{}}]},"1":{"loc":{"start":{"line":22,"column":4},"end":{"line":24,"column":5}},"type":"if","locations":[{"start":{"line":22,"column":4},"end":{"line":24,"column":5}},{"start":{},"end":{}}]},"2":{"loc":{"start":{"line":26,"column":4},"end":{"line":28,"column":5}},"type":"if","locations":[{"start":{"line":26,"column":4},"end":{"line":28,"column":5}},{"start":{},"end":{}}]},"3":{"loc":{"start":{"line":31,"column":4},"end":{"line":33,"column":5}},"type":"if","locations":[{"start":{"line":31,"column":4},"end":{"line":33,"column":5}},{"start":{},"end":{}}]},"4":{"loc":{"start":{"line":9,"column":39},"end":{"line":9,"column":null}},"type":"cond-expr","locations":[{"start":{"line":9,"column":52},"end":{"line":9,"column":null}},{"start":{"line":9,"column":52},"end":{"line":9,"column":null}}]},"5":{"loc":{"start":{"line":9,"column":39},"end":{"line":9,"column":52}},"type":"binary-expr","locations":[{"start":{"line":9,"column":39},"end":{"line":9,"column":null}},{"start":{"line":9,"column":39},"end":{"line":9,"column":52}}]}},"s":{"0":0,"1":0,"2":0,"3":0,"4":0,"5":0,"6":0,"7":0,"8":0,"9":0,"10":0,"11":0,"12":0,"13":0,"14":0,"15":0,"16":0,"17":0,"18":0,"19":0,"20":0,"21":0},"f":{"0":0,"1":0},"b":{"0":[0,0],"1":[0,0],"2":[0,0],"3":[0,0],"4":[0,0],"5":[0,0]}}
,"/app/src/auth/roles.guard.ts": {"path":"/app/src/auth/roles.guard.ts","statementMap":{"0":{"start":{"line":17,"column":0},"end":{"line":17,"column":16}},"1":{"start":{"line":1,"column":0},"end":{"line":1,"column":null}},"2":{"start":{"line":7,"column":0},"end":{"line":7,"column":41}},"3":{"start":{"line":8,"column":0},"end":{"line":8,"column":57}},"4":{"start":{"line":9,"column":0},"end":{"line":9,"column":62}},"5":{"start":{"line":11,"column":13},"end":{"line":15,"column":2}},"6":{"start":{"line":18,"column":2},"end":{"line":18,"column":58}},"7":{"start":{"line":18,"column":38},"end":{"line":18,"column":54}},"8":{"start":{"line":22,"column":7},"end":{"line":63,"column":null}},"9":{"start":{"line":23,"column":31},"end":{"line":23,"column":42}},"10":{"start":{"line":26,"column":21},"end":{"line":29,"column":6}},"11":{"start":{"line":30,"column":4},"end":{"line":32,"column":5}},"12":{"start":{"line":31,"column":6},"end":{"line":31,"column":18}},"13":{"start":{"line":34,"column":26},"end":{"line":36,"column":null}},"14":{"start":{"line":39,"column":4},"end":{"line":41,"column":5}},"15":{"start":{"line":40,"column":6},"end":{"line":40,"column":18}},"16":{"start":{"line":43,"column":20},"end":{"line":43,"column":55}},"17":{"start":{"line":44,"column":44},"end":{"line":44,"column":63}},"18":{"start":{"line":46,"column":4},"end":{"line":50,"column":5}},"19":{"start":{"line":47,"column":6},"end":{"line":49,"column":8}},"20":{"start":{"line":52,"column":23},"end":{"line":52,"column":48}},"21":{"start":{"line":53,"column":20},"end":{"line":53,"column":75}},"22":{"start":{"line":53,"column":49},"end":{"line":53,"column":74}},"23":{"start":{"line":55,"column":4},"end":{"line":59,"column":5}},"24":{"start":{"line":56,"column":6},"end":{"line":58,"column":8}},"25":{"start":{"line":61,"column":4},"end":{"line":61,"column":16}},"26":{"start":{"line":22,"column":13},"end":{"line":22,"column":23}},"27":{"start":{"line":22,"column":13},"end":{"line":63,"column":null}}},"fnMap":{"0":{"name":"normalizeRoles","decl":{"start":{"line":17,"column":16},"end":{"line":17,"column":30}},"loc":{"start":{"line":17,"column":46},"end":{"line":19,"column":1}}},"1":{"name":"(anonymous_3)","decl":{"start":{"line":18,"column":31},"end":{"line":18,"column":32}},"loc":{"start":{"line":18,"column":38},"end":{"line":18,"column":54}}},"2":{"name":"(anonymous_4)","decl":{"start":{"line":23,"column":2},"end":{"line":23,"column":31}},"loc":{"start":{"line":23,"column":51},"end":{"line":23,"column":55}}},"3":{"name":"(anonymous_5)","decl":{"start":{"line":25,"column":2},"end":{"line":25,"column":13}},"loc":{"start":{"line":25,"column":39},"end":{"line":62,"column":3}}},"4":{"name":"(anonymous_6)","decl":{"start":{"line":53,"column":39},"end":{"line":53,"column":40}},"loc":{"start":{"line":53,"column":49},"end":{"line":53,"column":74}}}},"branchMap":{"0":{"loc":{"start":{"line":18,"column":38},"end":{"line":18,"column":54}},"type":"binary-expr","locations":[{"start":{"line":18,"column":38},"end":{"line":18,"column":49}},{"start":{"line":18,"column":53},"end":{"line":18,"column":54}}]},"1":{"loc":{"start":{"line":30,"column":4},"end":{"line":32,"column":5}},"type":"if","locations":[{"start":{"line":30,"column":4},"end":{"line":32,"column":5}},{"start":{},"end":{}}]},"2":{"loc":{"start":{"line":39,"column":4},"end":{"line":41,"column":5}},"type":"if","locations":[{"start":{"line":39,"column":4},"end":{"line":41,"column":5}},{"start":{},"end":{}}]},"3":{"loc":{"start":{"line":39,"column":8},"end":{"line":39,"column":52}},"type":"binary-expr","locations":[{"start":{"line":39,"column":8},"end":{"line":39,"column":22}},{"start":{"line":39,"column":26},"end":{"line":39,"column":52}}]},"4":{"loc":{"start":{"line":46,"column":4},"end":{"line":50,"column":5}},"type":"if","locations":[{"start":{"line":46,"column":4},"end":{"line":50,"column":5}},{"start":{},"end":{}}]},"5":{"loc":{"start":{"line":46,"column":8},"end":{"line":46,"column":47}},"type":"binary-expr","locations":[{"start":{"line":46,"column":8},"end":{"line":46,"column":18}},{"start":{"line":46,"column":22},"end":{"line":46,"column":47}}]},"6":{"loc":{"start":{"line":55,"column":4},"end":{"line":59,"column":5}},"type":"if","locations":[{"start":{"line":55,"column":4},"end":{"line":59,"column":5}},{"start":{},"end":{}}]},"7":{"loc":{"start":{"line":23,"column":42},"end":{"line":23,"column":54}},"type":"cond-expr","locations":[{"start":{"line":23,"column":51},"end":{"line":23,"column":54}},{"start":{"line":23,"column":51},"end":{"line":23,"column":54}}]},"8":{"loc":{"start":{"line":23,"column":42},"end":{"line":23,"column":51}},"type":"binary-expr","locations":[{"start":{"line":23,"column":42},"end":{"line":23,"column":54}},{"start":{"line":23,"column":42},"end":{"line":23,"column":51}}]}},"s":{"0":0,"1":0,"2":0,"3":0,"4":0,"5":0,"6":0,"7":0,"8":0,"9":0,"10":0,"11":0,"12":0,"13":0,"14":0,"15":0,"16":0,"17":0,"18":0,"19":0,"20":0,"21":0,"22":0,"23":0,"24":0,"25":0,"26":0,"27":0},"f":{"0":0,"1":0,"2":0,"3":0,"4":0},"b":{"0":[0,0],"1":[0,0],"2":[0,0],"3":[0,0],"4":[0,0],"5":[0,0],"6":[0,0],"7":[0,0],"8":[0,0]}}
,"/app/src/auth/sync.interceptor.ts": {"path":"/app/src/auth/sync.interceptor.ts","statementMap":{"0":{"start":{"line":1,"column":0},"end":{"line":1,"column":null}},"1":{"start":{"line":8,"column":0},"end":{"line":8,"column":57}},"2":{"start":{"line":11,"column":7},"end":{"line":49,"column":null}},"3":{"start":{"line":12,"column":31},"end":{"line":12,"column":39}},"4":{"start":{"line":15,"column":20},"end":{"line":15,"column":55}},"5":{"start":{"line":16,"column":17},"end":{"line":16,"column":29}},"6":{"start":{"line":18,"column":4},"end":{"line":45,"column":5}},"7":{"start":{"line":19,"column":26},"end":{"line":19,"column":57}},"8":{"start":{"line":21,"column":8},"end":{"line":23,"column":16}},"9":{"start":{"line":26,"column":6},"end":{"line":44,"column":11}},"10":{"start":{"line":47,"column":4},"end":{"line":47,"column":25}},"11":{"start":{"line":11,"column":13},"end":{"line":11,"column":28}},"12":{"start":{"line":11,"column":13},"end":{"line":49,"column":null}}},"fnMap":{"0":{"name":"(anonymous_2)","decl":{"start":{"line":12,"column":2},"end":{"line":12,"column":31}},"loc":{"start":{"line":12,"column":52},"end":{"line":12,"column":56}}},"1":{"name":"(anonymous_3)","decl":{"start":{"line":14,"column":2},"end":{"line":14,"column":11}},"loc":{"start":{"line":14,"column":56},"end":{"line":48,"column":3}}},"2":{"name":"(anonymous_4)","decl":{"start":{"line":42,"column":15},"end":{"line":42,"column":18}},"loc":{"start":{"line":42,"column":20},"end":{"line":44,"column":9}}}},"branchMap":{"0":{"loc":{"start":{"line":18,"column":4},"end":{"line":45,"column":5}},"type":"if","locations":[{"start":{"line":18,"column":4},"end":{"line":45,"column":5}},{"start":{},"end":{}}]},"1":{"loc":{"start":{"line":18,"column":8},"end":{"line":18,"column":50}},"type":"binary-expr","locations":[{"start":{"line":18,"column":8},"end":{"line":18,"column":35}},{"start":{"line":18,"column":39},"end":{"line":18,"column":50}}]},"2":{"loc":{"start":{"line":19,"column":26},"end":{"line":19,"column":57}},"type":"binary-expr","locations":[{"start":{"line":19,"column":26},"end":{"line":19,"column":42}},{"start":{"line":19,"column":46},"end":{"line":19,"column":57}}]},"3":{"loc":{"start":{"line":21,"column":8},"end":{"line":23,"column":16}},"type":"cond-expr","locations":[{"start":{"line":22,"column":12},"end":{"line":22,"column":38}},{"start":{"line":23,"column":12},"end":{"line":23,"column":16}}]},"4":{"loc":{"start":{"line":21,"column":8},"end":{"line":21,"column":47}},"type":"binary-expr","locations":[{"start":{"line":21,"column":8},"end":{"line":21,"column":18}},{"start":{"line":21,"column":22},"end":{"line":21,"column":47}}]},"5":{"loc":{"start":{"line":31,"column":22},"end":{"line":31,"column":50}},"type":"binary-expr","locations":[{"start":{"line":31,"column":22},"end":{"line":31,"column":35}},{"start":{"line":31,"column":39},"end":{"line":31,"column":50}}]},"6":{"loc":{"start":{"line":32,"column":19},"end":{"line":32,"column":35}},"type":"binary-expr","locations":[{"start":{"line":32,"column":19},"end":{"line":32,"column":29}},{"start":{"line":32,"column":33},"end":{"line":32,"column":35}}]},"7":{"loc":{"start":{"line":37,"column":22},"end":{"line":37,"column":50}},"type":"binary-expr","locations":[{"start":{"line":37,"column":22},"end":{"line":37,"column":35}},{"start":{"line":37,"column":39},"end":{"line":37,"column":50}}]},"8":{"loc":{"start":{"line":38,"column":19},"end":{"line":38,"column":35}},"type":"binary-expr","locations":[{"start":{"line":38,"column":19},"end":{"line":38,"column":29}},{"start":{"line":38,"column":33},"end":{"line":38,"column":35}}]},"9":{"loc":{"start":{"line":12,"column":39},"end":{"line":12,"column":55}},"type":"cond-expr","locations":[{"start":{"line":12,"column":52},"end":{"line":12,"column":55}},{"start":{"line":12,"column":52},"end":{"line":12,"column":55}}]},"10":{"loc":{"start":{"line":12,"column":39},"end":{"line":12,"column":52}},"type":"binary-expr","locations":[{"start":{"line":12,"column":39},"end":{"line":12,"column":55}},{"start":{"line":12,"column":39},"end":{"line":12,"column":52}}]}},"s":{"0":0,"1":0,"2":0,"3":0,"4":0,"5":0,"6":0,"7":0,"8":0,"9":0,"10":0,"11":0,"12":0},"f":{"0":0,"1":0,"2":0},"b":{"0":[0,0],"1":[0,0],"2":[0,0],"3":[0,0],"4":[0,0],"5":[0,0],"6":[0,0],"7":[0,0],"8":[0,0],"9":[0,0],"10":[0,0]}}
,"/app/src/auth/decorators/current-user.decorator.ts": {"path":"/app/src/auth/decorators/current-user.decorator.ts","statementMap":{"0":{"start":{"line":7,"column":0},"end":{"line":7,"column":16}},"1":{"start":{"line":1,"column":0},"end":{"line":1,"column":72}},"2":{"start":{"line":8,"column":2},"end":{"line":8,"column":54}},"3":{"start":{"line":11,"column":13},"end":{"line":11,"column":72}}},"fnMap":{"0":{"name":"extractUserFromRequest","decl":{"start":{"line":7,"column":16},"end":{"line":7,"column":38}},"loc":{"start":{"line":7,"column":76},"end":{"line":9,"column":1}}}},"branchMap":{"0":{"loc":{"start":{"line":8,"column":9},"end":{"line":8,"column":53}},"type":"binary-expr","locations":[{"start":{"line":8,"column":9},"end":{"line":8,"column":45}},{"start":{"line":8,"column":49},"end":{"line":8,"column":53}}]}},"s":{"0":0,"1":0,"2":0,"3":0},"f":{"0":0},"b":{"0":[0,0]}}
,"/app/src/auth/decorators/public.decorator.ts": {"path":"/app/src/auth/decorators/public.decorator.ts","statementMap":{"0":{"start":{"line":1,"column":0},"end":{"line":1,"column":45}},"1":{"start":{"line":3,"column":13},"end":{"line":3,"column":40}},"2":{"start":{"line":4,"column":22},"end":{"line":4,"column":60}},"3":{"start":{"line":4,"column":28},"end":{"line":4,"column":60}},"4":{"start":{"line":4,"column":13},"end":{"line":4,"column":22}}},"fnMap":{"0":{"name":"(anonymous_0)","decl":{"start":{"line":4,"column":22},"end":{"line":4,"column":25}},"loc":{"start":{"line":4,"column":28},"end":{"line":4,"column":60}}}},"branchMap":{},"s":{"0":0,"1":0,"2":0,"3":0,"4":0},"f":{"0":0},"b":{}}
,"/app/src/auth/decorators/roles.decorator.ts": {"path":"/app/src/auth/decorators/roles.decorator.ts","statementMap":{"0":{"start":{"line":1,"column":0},"end":{"line":1,"column":45}},"1":{"start":{"line":3,"column":13},"end":{"line":3,"column":33}},"2":{"start":{"line":4,"column":21},"end":{"line":4,"column":74}},"3":{"start":{"line":4,"column":45},"end":{"line":4,"column":74}},"4":{"start":{"line":4,"column":13},"end":{"line":4,"column":21}}},"fnMap":{"0":{"name":"(anonymous_0)","decl":{"start":{"line":4,"column":21},"end":{"line":4,"column":22}},"loc":{"start":{"line":4,"column":45},"end":{"line":4,"column":74}}}},"branchMap":{},"s":{"0":0,"1":0,"2":0,"3":0,"4":0},"f":{"0":0},"b":{}}
,"/app/src/catalogos/catalogos.controller.ts": {"path":"/app/src/catalogos/catalogos.controller.ts","statementMap":{"0":{"start":{"line":1,"column":0},"end":{"line":1,"column":null}},"1":{"start":{"line":11,"column":0},"end":{"line":11,"column":59}},"2":{"start":{"line":12,"column":0},"end":{"line":12,"column":55}},"3":{"start":{"line":13,"column":0},"end":{"line":13,"column":62}},"4":{"start":{"line":14,"column":0},"end":{"line":14,"column":62}},"5":{"start":{"line":17,"column":7},"end":{"line":88,"column":null}},"6":{"start":{"line":18,"column":31},"end":{"line":18,"column":49}},"7":{"start":{"line":22,"column":4},"end":{"line":22,"column":44}},"8":{"start":{"line":27,"column":4},"end":{"line":27,"column":63}},"9":{"start":{"line":37,"column":4},"end":{"line":37,"column":65}},"10":{"start":{"line":46,"column":4},"end":{"line":46,"column":69}},"11":{"start":{"line":52,"column":4},"end":{"line":52,"column":64}},"12":{"start":{"line":59,"column":4},"end":{"line":59,"column":47}},"13":{"start":{"line":64,"column":4},"end":{"line":64,"column":51}},"14":{"start":{"line":70,"column":4},"end":{"line":70,"column":51}},"15":{"start":{"line":80,"column":4},"end":{"line":80,"column":55}},"16":{"start":{"line":86,"column":4},"end":{"line":86,"column":50}},"17":{"start":{"line":17,"column":13},"end":{"line":17,"column":32}},"18":{"start":{"line":21,"column":2},"end":{"line":23,"column":null}},"19":{"start":{"line":26,"column":2},"end":{"line":28,"column":null}},"20":{"start":{"line":36,"column":2},"end":{"line":38,"column":null}},"21":{"start":{"line":42,"column":2},"end":{"line":47,"column":null}},"22":{"start":{"line":51,"column":2},"end":{"line":53,"column":null}},"23":{"start":{"line":58,"column":2},"end":{"line":60,"column":null}},"24":{"start":{"line":63,"column":2},"end":{"line":65,"column":null}},"25":{"start":{"line":69,"column":2},"end":{"line":71,"column":null}},"26":{"start":{"line":75,"column":2},"end":{"line":81,"column":null}},"27":{"start":{"line":85,"column":2},"end":{"line":87,"column":null}},"28":{"start":{"line":17,"column":13},"end":{"line":88,"column":null}}},"fnMap":{"0":{"name":"(anonymous_4)","decl":{"start":{"line":18,"column":2},"end":{"line":18,"column":31}},"loc":{"start":{"line":18,"column":65},"end":{"line":18,"column":69}}},"1":{"name":"(anonymous_5)","decl":{"start":{"line":21,"column":2},"end":{"line":21,"column":10}},"loc":{"start":{"line":21,"column":10},"end":{"line":23,"column":3}}},"2":{"name":"(anonymous_6)","decl":{"start":{"line":26,"column":2},"end":{"line":26,"column":29}},"loc":{"start":{"line":26,"column":29},"end":{"line":28,"column":3}}},"3":{"name":"(anonymous_7)","decl":{"start":{"line":36,"column":2},"end":{"line":36,"column":28}},"loc":{"start":{"line":36,"column":59},"end":{"line":38,"column":3}}},"4":{"name":"(anonymous_8)","decl":{"start":{"line":42,"column":2},"end":{"line":42,"column":28}},"loc":{"start":{"line":44,"column":34},"end":{"line":47,"column":3}}},"5":{"name":"(anonymous_9)","decl":{"start":{"line":51,"column":2},"end":{"line":51,"column":28}},"loc":{"start":{"line":51,"column":66},"end":{"line":53,"column":3}}},"6":{"name":"(anonymous_10)","decl":{"start":{"line":58,"column":2},"end":{"line":58,"column":9}},"loc":{"start":{"line":58,"column":37},"end":{"line":60,"column":3}}},"7":{"name":"(anonymous_11)","decl":{"start":{"line":63,"column":2},"end":{"line":63,"column":9}},"loc":{"start":{"line":63,"column":76},"end":{"line":65,"column":3}}},"8":{"name":"(anonymous_12)","decl":{"start":{"line":69,"column":2},"end":{"line":69,"column":8}},"loc":{"start":{"line":69,"column":68},"end":{"line":71,"column":3}}},"9":{"name":"(anonymous_13)","decl":{"start":{"line":75,"column":2},"end":{"line":75,"column":8}},"loc":{"start":{"line":78,"column":34},"end":{"line":81,"column":3}}},"10":{"name":"(anonymous_14)","decl":{"start":{"line":85,"column":2},"end":{"line":85,"column":8}},"loc":{"start":{"line":85,"column":75},"end":{"line":87,"column":3}}}},"branchMap":{"0":{"loc":{"start":{"line":36,"column":42},"end":{"line":36,"column":null}},"type":"cond-expr","locations":[{"start":{"line":36,"column":59},"end":{"line":36,"column":null}},{"start":{"line":36,"column":59},"end":{"line":36,"column":null}}]},"1":{"loc":{"start":{"line":36,"column":42},"end":{"line":36,"column":59}},"type":"binary-expr","locations":[{"start":{"line":36,"column":42},"end":{"line":36,"column":null}},{"start":{"line":36,"column":42},"end":{"line":36,"column":59}}]},"2":{"loc":{"start":{"line":44,"column":17},"end":{"line":44,"column":null}},"type":"cond-expr","locations":[{"start":{"line":44,"column":34},"end":{"line":44,"column":null}},{"start":{"line":44,"column":34},"end":{"line":44,"column":null}}]},"3":{"loc":{"start":{"line":44,"column":17},"end":{"line":44,"column":34}},"type":"binary-expr","locations":[{"start":{"line":44,"column":17},"end":{"line":44,"column":null}},{"start":{"line":44,"column":17},"end":{"line":44,"column":34}}]},"4":{"loc":{"start":{"line":69,"column":51},"end":{"line":69,"column":null}},"type":"cond-expr","locations":[{"start":{"line":69,"column":68},"end":{"line":69,"column":null}},{"start":{"line":69,"column":68},"end":{"line":69,"column":null}}]},"5":{"loc":{"start":{"line":69,"column":51},"end":{"line":69,"column":68}},"type":"binary-expr","locations":[{"start":{"line":69,"column":51},"end":{"line":69,"column":null}},{"start":{"line":69,"column":51},"end":{"line":69,"column":68}}]},"6":{"loc":{"start":{"line":78,"column":17},"end":{"line":78,"column":null}},"type":"cond-expr","locations":[{"start":{"line":78,"column":34},"end":{"line":78,"column":null}},{"start":{"line":78,"column":34},"end":{"line":78,"column":null}}]},"7":{"loc":{"start":{"line":78,"column":17},"end":{"line":78,"column":34}},"type":"binary-expr","locations":[{"start":{"line":78,"column":17},"end":{"line":78,"column":null}},{"start":{"line":78,"column":17},"end":{"line":78,"column":34}}]},"8":{"loc":{"start":{"line":18,"column":49},"end":{"line":18,"column":68}},"type":"cond-expr","locations":[{"start":{"line":18,"column":65},"end":{"line":18,"column":68}},{"start":{"line":18,"column":65},"end":{"line":18,"column":68}}]},"9":{"loc":{"start":{"line":18,"column":49},"end":{"line":18,"column":65}},"type":"binary-expr","locations":[{"start":{"line":18,"column":49},"end":{"line":18,"column":68}},{"start":{"line":18,"column":49},"end":{"line":18,"column":65}}]}},"s":{"0":0,"1":0,"2":0,"3":0,"4":0,"5":0,"6":0,"7":0,"8":0,"9":0,"10":0,"11":0,"12":0,"13":0,"14":0,"15":0,"16":0,"17":0,"18":0,"19":0,"20":0,"21":0,"22":0,"23":0,"24":0,"25":0,"26":0,"27":0,"28":0},"f":{"0":0,"1":0,"2":0,"3":0,"4":0,"5":0,"6":0,"7":0,"8":0,"9":0,"10":0},"b":{"0":[0,0],"1":[0,0],"2":[0,0],"3":[0,0],"4":[0,0],"5":[0,0],"6":[0,0],"7":[0,0],"8":[0,0],"9":[0,0]}}
,"/app/src/catalogos/catalogos.module.ts": {"path":"/app/src/catalogos/catalogos.module.ts","statementMap":{"0":{"start":{"line":1,"column":0},"end":{"line":1,"column":40}},"1":{"start":{"line":2,"column":0},"end":{"line":2,"column":55}},"2":{"start":{"line":3,"column":0},"end":{"line":3,"column":61}},"3":{"start":{"line":4,"column":0},"end":{"line":4,"column":57}},"4":{"start":{"line":11,"column":7},"end":{"line":11,"column":null}},"5":{"start":{"line":11,"column":13},"end":{"line":11,"column":28}},"6":{"start":{"line":11,"column":13},"end":{"line":11,"column":null}}},"fnMap":{},"branchMap":{},"s":{"0":0,"1":0,"2":0,"3":0,"4":0,"5":0,"6":0},"f":{},"b":{}}
,"/app/src/catalogos/catalogos.service.ts": {"path":"/app/src/catalogos/catalogos.service.ts","statementMap":{"0":{"start":{"line":1,"column":0},"end":{"line":1,"column":null}},"1":{"start":{"line":7,"column":0},"end":{"line":7,"column":57}},"2":{"start":{"line":11,"column":41},"end":{"line":29,"column":2}},"3":{"start":{"line":31,"column":53},"end":{"line":49,"column":2}},"4":{"start":{"line":52,"column":7},"end":{"line":216,"column":null}},"5":{"start":{"line":53,"column":31},"end":{"line":53,"column":39}},"6":{"start":{"line":56,"column":18},"end":{"line":56,"column":32}},"7":{"start":{"line":57,"column":4},"end":{"line":57,"column":72}},"8":{"start":{"line":57,"column":16},"end":{"line":57,"column":72}},"9":{"start":{"line":58,"column":4},"end":{"line":64,"column":43}},"10":{"start":{"line":68,"column":18},"end":{"line":68,"column":32}},"11":{"start":{"line":69,"column":4},"end":{"line":69,"column":72}},"12":{"start":{"line":69,"column":16},"end":{"line":69,"column":72}},"13":{"start":{"line":70,"column":21},"end":{"line":70,"column":null}},"14":{"start":{"line":73,"column":17},"end":{"line":73,"column":61}},"15":{"start":{"line":74,"column":4},"end":{"line":75,"column":73}},"16":{"start":{"line":75,"column":6},"end":{"line":75,"column":73}},"17":{"start":{"line":76,"column":4},"end":{"line":76,"column":16}},"18":{"start":{"line":80,"column":18},"end":{"line":80,"column":32}},"19":{"start":{"line":81,"column":4},"end":{"line":81,"column":72}},"20":{"start":{"line":81,"column":16},"end":{"line":81,"column":72}},"21":{"start":{"line":82,"column":19},"end":{"line":82,"column":35}},"22":{"start":{"line":83,"column":42},"end":{"line":83,"column":44}},"23":{"start":{"line":84,"column":4},"end":{"line":87,"column":5}},"24":{"start":{"line":85,"column":19},"end":{"line":85,"column":57}},"25":{"start":{"line":86,"column":6},"end":{"line":86,"column":47}},"26":{"start":{"line":86,"column":29},"end":{"line":86,"column":47}},"27":{"start":{"line":88,"column":4},"end":{"line":92,"column":5}},"28":{"start":{"line":89,"column":6},"end":{"line":91,"column":8}},"29":{"start":{"line":93,"column":4},"end":{"line":97,"column":23}},"30":{"start":{"line":101,"column":18},"end":{"line":101,"column":32}},"31":{"start":{"line":102,"column":4},"end":{"line":102,"column":72}},"32":{"start":{"line":102,"column":16},"end":{"line":102,"column":72}},"33":{"start":{"line":103,"column":4},"end":{"line":103,"column":33}},"34":{"start":{"line":104,"column":19},"end":{"line":104,"column":35}},"35":{"start":{"line":105,"column":42},"end":{"line":105,"column":44}},"36":{"start":{"line":106,"column":4},"end":{"line":109,"column":5}},"37":{"start":{"line":107,"column":19},"end":{"line":107,"column":57}},"38":{"start":{"line":108,"column":6},"end":{"line":108,"column":47}},"39":{"start":{"line":108,"column":29},"end":{"line":108,"column":47}},"40":{"start":{"line":110,"column":4},"end":{"line":114,"column":5}},"41":{"start":{"line":111,"column":6},"end":{"line":113,"column":8}},"42":{"start":{"line":115,"column":4},"end":{"line":122,"column":38}},"43":{"start":{"line":126,"column":18},"end":{"line":126,"column":32}},"44":{"start":{"line":127,"column":4},"end":{"line":127,"column":72}},"45":{"start":{"line":127,"column":16},"end":{"line":127,"column":72}},"46":{"start":{"line":128,"column":4},"end":{"line":128,"column":33}},"47":{"start":{"line":129,"column":4},"end":{"line":141,"column":5}},"48":{"start":{"line":130,"column":6},"end":{"line":134,"column":34}},"49":{"start":{"line":136,"column":6},"end":{"line":137,"column":78}},"50":{"start":{"line":137,"column":8},"end":{"line":137,"column":78}},"51":{"start":{"line":138,"column":6},"end":{"line":139,"column":71}},"52":{"start":{"line":139,"column":8
[...]
e":556,"column":22},"end":{"line":556,"column":31}}]},"70":{"loc":{"start":{"line":557,"column":18},"end":{"line":557,"column":35}},"type":"binary-expr","locations":[{"start":{"line":557,"column":18},"end":{"line":557,"column":30}},{"start":{"line":557,"column":34},"end":{"line":557,"column":35}}]},"71":{"loc":{"start":{"line":559,"column":10},"end":{"line":559,"column":62}},"type":"binary-expr","locations":[{"start":{"line":559,"column":10},"end":{"line":559,"column":34}},{"start":{"line":559,"column":38},"end":{"line":559,"column":62}}]},"72":{"loc":{"start":{"line":560,"column":10},"end":{"line":562,"column":8}},"type":"binary-expr","locations":[{"start":{"line":560,"column":10},"end":{"line":560,"column":48}},{"start":{"line":560,"column":52},"end":{"line":562,"column":8}}]},"73":{"loc":{"start":{"line":563,"column":10},"end":{"line":565,"column":8}},"type":"binary-expr","locations":[{"start":{"line":563,"column":10},"end":{"line":563,"column":42}},{"start":{"line":563,"column":46},"end":{"line":565,"column":8}}]},"74":{"loc":{"start":{"line":566,"column":10},"end":{"line":566,"column":71}},"type":"binary-expr","locations":[{"start":{"line":566,"column":10},"end":{"line":566,"column":37}},{"start":{"line":566,"column":41},"end":{"line":566,"column":71}}]},"75":{"loc":{"start":{"line":567,"column":10},"end":{"line":569,"column":8}},"type":"binary-expr","locations":[{"start":{"line":567,"column":10},"end":{"line":567,"column":43}},{"start":{"line":567,"column":47},"end":{"line":569,"column":8}}]},"76":{"loc":{"start":{"line":571,"column":10},"end":{"line":573,"column":8}},"type":"binary-expr","locations":[{"start":{"line":571,"column":10},"end":{"line":571,"column":41}},{"start":{"line":571,"column":45},"end":{"line":573,"column":8}}]},"77":{"loc":{"start":{"line":574,"column":10},"end":{"line":576,"column":8}},"type":"binary-expr","locations":[{"start":{"line":574,"column":10},"end":{"line":574,"column":49}},{"start":{"line":574,"column":53},"end":{"line":576,"column":8}}]},"78":{"loc":{"start":{"line":577,"column":10},"end":{"line":579,"column":8}},"type":"binary-expr","locations":[{"start":{"line":577,"column":10},"end":{"line":577,"column":49}},{"start":{"line":577,"column":53},"end":{"line":579,"column":8}}]},"79":{"loc":{"start":{"line":580,"column":10},"end":{"line":582,"column":8}},"type":"binary-expr","locations":[{"start":{"line":580,"column":10},"end":{"line":580,"column":44}},{"start":{"line":580,"column":48},"end":{"line":582,"column":8}}]},"80":{"loc":{"start":{"line":583,"column":10},"end":{"line":585,"column":8}},"type":"binary-expr","locations":[{"start":{"line":583,"column":10},"end":{"line":583,"column":40}},{"start":{"line":583,"column":44},"end":{"line":585,"column":8}}]},"81":{"loc":{"start":{"line":587,"column":10},"end":{"line":587,"column":68}},"type":"binary-expr","locations":[{"start":{"line":587,"column":10},"end":{"line":587,"column":36}},{"start":{"line":587,"column":40},"end":{"line":587,"column":68}}]},"82":{"loc":{"start":{"line":588,"column":10},"end":{"line":590,"column":8}},"type":"binary-expr","locations":[{"start":{"line":588,"column":10},"end":{"line":588,"column":43}},{"start":{"line":588,"column":47},"end":{"line":590,"column":8}}]},"83":{"loc":{"start":{"line":591,"column":10},"end":{"line":593,"column":8}},"type":"binary-expr","locations":[{"start":{"line":591,"column":10},"end":{"line":591,"column":48}},{"start":{"line":591,"column":52},"end":{"line":593,"column":8}}]},"84":{"loc":{"start":{"line":594,"column":10},"end":{"line":596,"column":8}},"type":"binary-expr","locations":[{"start":{"line":594,"column":10},"end":{"line":594,"column":39}},{"start":{"line":594,"column":43},"end":{"line":596,"column":8}}]},"85":{"loc":{"start":{"line":598,"column":10},"end":{"line":600,"column":8}},"type":"binary-expr","locations":[{"start":{"line":598,"column":10},"end":{"line":598,"column":48}},{"start":{"line":598,"column":52},"end":{"line":600,"column":8}}]},"86":{"loc":{"start":{"line":606,"column":25},"end":{"line":606,"column":47}},"type":"binary-expr","locations":[{"start":{"line":606,"column":25},"end":{"line":606,"column":42}},{"start":{"line":606,"column":46},"end":{"line":606,"column":47}}]},"87":{"loc":{"start":{"line":607,"column":32},"end":{"line":607,"column":61}},"type":"binary-expr","locations":[{"start":{"line":607,"column":32},"end":{"line":607,"column":56}},{"start":{"line":607,"column":60},"end":{"line":607,"column":61}}]},"88":{"loc":{"start":{"line":642,"column":4},"end":{"line":642,"column":29}},"type":"if","locations":[{"start":{"line":642,"column":4},"end":{"line":642,"column":29}},{"start":{},"end":{}}]},"89":{"loc":{"start":{"line":656,"column":4},"end":{"line":656,"column":53}},"type":"if","locations":[{"start":{"line":656,"column":4},"end":{"line":656,"column":53}},{"start":{},"end":{}}]},"90":{"loc":{"start":{"line":656,"column":8},"end":{"line":656,"column":39}},"type":"binary-expr","locations":[{"start":{"line":656,"column":8},"end":{"line":656,"column":16}},{"start":{"line":656,"column":20},"end":{"line":656,"column":27}},{"start":{"line":656,"column":31},"end":{"line":656,"column":39}}]},"91":{"loc":{"start":{"line":674,"column":6},"end":{"line":674,"column":60}},"type":"if","locations":[{"start":{"line":674,"column":6},"end":{"line":674,"column":60}},{"start":{},"end":{}}]},"92":{"loc":{"start":{"line":674,"column":10},"end":{"line":674,"column":49}},"type":"binary-expr","locations":[{"start":{"line":674,"column":10},"end":{"line":674,"column":30}},{"start":{"line":674,"column":34},"end":{"line":674,"column":49}}]},"93":{"loc":{"start":{"line":676,"column":6},"end":{"line":678,"column":7}},"type":"if","locations":[{"start":{"line":676,"column":6},"end":{"line":678,"column":7}},{"start":{},"end":{}}]},"94":{"loc":{"start":{"line":713,"column":6},"end":{"line":717,"column":14}},"type":"cond-expr","locations":[{"start":{"line":714,"column":10},"end":{"line":716,"column":12}},{"start":{"line":717,"column":10},"end":{"line":717,"column":14}}]},"95":{"loc":{"start":{"line":23,"column":29},"end":{"line":23,"column":null}},"type":"cond-expr","locations":[{"start":{"line":23,"column":42},"end":{"line":23,"column":null}},{"start":{"line":23,"column":42},"end":{"line":23,"column":null}}]},"96":{"loc":{"start":{"line":23,"column":29},"end":{"line":23,"column":42}},"type":"binary-expr","locations":[{"start":{"line":23,"column":29},"end":{"line":23,"column":null}},{"start":{"line":23,"column":29},"end":{"line":23,"column":42}}]},"97":{"loc":{"start":{"line":23,"column":42},"end":{"line":24,"column":null}},"type":"cond-expr","locations":[{"start":{"line":24,"column":57},"end":{"line":24,"column":null}},{"start":{"line":24,"column":57},"end":{"line":24,"column":null}}]},"98":{"loc":{"start":{"line":23,"column":42},"end":{"line":24,"column":57}},"type":"binary-expr","locations":[{"start":{"line":23,"column":42},"end":{"line":24,"column":null}},{"start":{"line":24,"column":40},"end":{"line":24,"column":57}}]},"99":{"loc":{"start":{"line":24,"column":57},"end":{"line":25,"column":null}},"type":"cond-expr","locations":[{"start":{"line":25,"column":47},"end":{"line":25,"column":null}},{"start":{"line":25,"column":47},"end":{"line":25,"column":null}}]},"100":{"loc":{"start":{"line":24,"column":57},"end":{"line":25,"column":47}},"type":"binary-expr","locations":[{"start":{"line":24,"column":57},"end":{"line":25,"column":null}},{"start":{"line":25,"column":35},"end":{"line":25,"column":47}}]}},"s":{"0":0,"1":0,"2":0,"3":0,"4":0,"5":0,"6":0,"7":0,"8":0,"9":0,"10":0,"11":0,"12":0,"13":0,"14":0,"15":0,"16":0,"17":0,"18":0,"19":0,"20":0,"21":0,"22":0,"23":0,"24":0,"25":0,"26":0,"27":0,"28":0,"29":0,"30":0,"31":0,"32":0,"33":0,"34":0,"35":0,"36":0,"37":0,"38":0,"39":0,"40":0,"41":0,"42":0,"43":0,"44":0,"45":0,"46":0,"47":0,"48":0,"49":0,"50":0,"51":0,"52":0,"53":0,"54":0,"55":0,"56":0,"57":0,"58":0,"59":0,"60":0,"61":0,"62":0,"63":0,"64":0,"65":0,"66":0,"67":0,"68":0,"69":0,"70":0,"71":0,"72":0,"73":0,"74":0,"75":0,"76":0,"77":0,"78":0,"79":0,"80":0,"81":0,"82":0,"83":0,"84":0,"85":0,"86":0,"87":0,"88":0,"89":0,"90":0,"91":0,"92":0,"93":0,"94":0,"95":0,"96":0,"97":0,"98":0,"99":0,"100":0,"101":0,"102":0,"103":0,"104":0,"105":0,"106":0,"107":0,"108":0,"109":0,"110":0,"111":0,"112":0,"113":0,"114":0,"115":0,"116":0,"117":0,"118":0,"119":0,"120":0,"121":0,"122":0,"123":0,"124":0,"125":0,"126":0,"127":0,"128":0,"129":0,"130":0,"131":0,"132":0,"133":0,"134":0,"135":0,"136":0,"137":0,"138":0,"139":0,"140":0,"141":0,"142":0,"143":0,"144":0,"145":0,"146":0,"147":0,"148":0,"149":0,"150":0,"151":0,"152":0,"153":0,"154":0,"155":0,"156":0,"157":0,"158":0,"159":0,"160":0,"161":0,"162":0,"163":0,"164":0,"165":0,"166":0,"167":0,"168":0,"169":0,"170":0,"171":0,"172":0,"173":0,"174":0,"175":0,"176":0,"177":0,"178":0,"179":0},"f":{"0":0,"1":0,"2":0,"3":0,"4":0,"5":0,"6":0,"7":0,"8":0,"9":0,"10":0,"11":0,"12":0,"13":0,"14":0,"15":0,"16":0,"17":0,"18":0,"19":0,"20":0,"21":0,"22":0,"23":0,"24":0,"25":0,"26":0,"27":0,"28":0,"29":0,"30":0,"31":0,"32":0,"33":0,"34":0,"35":0,"36":0,"37":0,"38":0,"39":0,"40":0,"41":0,"42":0,"43":0,"44":0,"45":0,"46":0,"47":0},"b":{"0":[0,0],"1":[0,0],"2":[0,0],"3":[0,0,0],"4":[0,0],"5":[0,0,0],"6":[0,0],"7":[0,0],"8":[0,0],"9":[0,0],"10":[0,0],"11":[0,0],"12":[0,0],"13":[0,0],"14":[0,0],"15":[0,0],"16":[0,0],"17":[0,0],"18":[0,0],"19":[0,0],"20":[0,0],"21":[0,0],"22":[0,0],"23":[0,0],"24":[0,0,0],"25":[0,0],"26":[0,0,0],"27":[0,0],"28":[0,0],"29":[0,0],"30":[0,0],"31":[0,0],"32":[0,0],"33":[0,0],"34":[0,0],"35":[0,0],"36":[0,0],"37":[0,0],"38":[0,0],"39":[0,0],"40":[0,0,0],"41":[0,0],"42":[0,0],"43":[0,0],"44":[0,0],"45":[0,0,0],"46":[0,0],"47":[0,0],"48":[0,0],"49":[0,0],"50":[0,0],"51":[0,0],"52":[0,0],"53":[0,0],"54":[0,0],"55":[0,0],"56":[0,0],"57":[0,0],"58":[0,0],"59":[0,0],"60":[0,0],"61":[0,0],"62":[0,0],"63":[0,0],"64":[0,0],"65":[0,0],"66":[0,0],"67":[0],"68":[0],"69":[0,0],"70":[0,0],"71":[0,0],"72":[0,0],"73":[0,0],"74":[0,0],"75":[0,0],"76":[0,0],"77":[0,0],"78":[0,0],"79":[0,0],"80":[0,0],"81":[0,0],"82":[0,0],"83":[0,0],"84":[0,0],"85":[0,0],"86":[0,0],"87":[0,0],"88":[0,0],"89":[0,0],"90":[0,0,0],"91":[0,0],"92":[0,0],"93":[0,0],"94":[0,0],"95":[0,0],"96":[0,0],"97":[0,0],"98":[0,0],"99":[0,0],"100":[0,0]}}
,"/app/src/valoraciones/dto/calcular-detalle.dto.ts": {"path":"/app/src/valoraciones/dto/calcular-detalle.dto.ts","statementMap":{"0":{"start":{"line":1,"column":0},"end":{"line":1,"column":71}},"1":{"start":{"line":2,"column":0},"end":{"line":2,"column":41}},"2":{"start":{"line":6,"column":2},"end":{"line":6,"column":null}},"3":{"start":{"line":9,"column":2},"end":{"line":9,"column":null}},"4":{"start":{"line":12,"column":2},"end":{"line":12,"column":null}},"5":{"start":{"line":15,"column":2},"end":{"line":15,"column":null}},"6":{"start":{"line":18,"column":2},"end":{"line":18,"column":null}},"7":{"start":{"line":21,"column":2},"end":{"line":21,"column":null}},"8":{"start":{"line":24,"column":2},"end":{"line":24,"column":null}},"9":{"start":{"line":31,"column":0},"end":{"line":31,"column":13}},"10":{"start":{"line":33,"column":2},"end":{"line":33,"column":24}},"11":{"start":{"line":36,"column":2},"end":{"line":36,"column":31}},"12":{"start":{"line":40,"column":2},"end":{"line":40,"column":15}},"13":{"start":{"line":44,"column":2},"end":{"line":44,"column":null}},"14":{"start":{"line":48,"column":2},"end":{"line":48,"column":null}},"15":{"start":{"line":53,"column":2},"end":{"line":53,"column":null}},"16":{"start":{"line":52,"column":14},"end":{"line":52,"column":36}}},"fnMap":{"0":{"name":"(anonymous_2)","decl":{"start":{"line":52,"column":8},"end":{"line":52,"column":11}},"loc":{"start":{"line":52,"column":14},"end":{"line":52,"column":36}}}},"branchMap":{},"s":{"0":0,"1":0,"2":0,"3":0,"4":0,"5":0,"6":0,"7":0,"8":0,"9":0,"10":0,"11":0,"12":0,"13":0,"14":0,"15":0,"16":0},"f":{"0":0},"b":{}}
,"/app/src/valoraciones/dto/create-valoracion.dto.ts": {"path":"/app/src/valoraciones/dto/create-valoracion.dto.ts","statementMap":{"0":{"start":{"line":1,"column":0},"end":{"line":1,"column":null}},"1":{"start":{"line":11,"column":0},"end":{"line":11,"column":41}},"2":{"start":{"line":15,"column":7},"end":{"line":47,"column":null}},"3":{"start":{"line":17,"column":16},"end":{"line":17,"column":54}},"4":{"start":{"line":18,"column":23},"end":{"line":18,"column":62}},"5":{"start":{"line":19,"column":30},"end":{"line":19,"column":76}},"6":{"start":{"line":21,"column":23},"end":{"line":21,"column":27}},"7":{"start":{"line":22,"column":30},"end":{"line":22,"column":34}},"8":{"start":{"line":24,"column":4},"end":{"line":31,"column":5}},"9":{"start":{"line":25,"column":6},"end":{"line":30,"column":7}},"10":{"start":{"line":26,"column":23},"end":{"line":26,"column":58}},"11":{"start":{"line":27,"column":8},"end":{"line":27,"column":69}},"12":{"start":{"line":29,"column":8},"end":{"line":29,"column":28}},"13":{"start":{"line":33,"column":4},"end":{"line":40,"column":5}},"14":{"start":{"line":34,"column":6},"end":{"line":39,"column":7}},"15":{"start":{"line":35,"column":23},"end":{"line":35,"column":65}},"16":{"start":{"line":36,"column":8},"end":{"line":36,"column":76}},"17":{"start":{"line":38,"column":8},"end":{"line":38,"column":35}},"18":{"start":{"line":42,"column":4},"end":{"line":42,"column":49}},"19":{"start":{"line":45,"column":4},"end":{"line":45,"column":73}},"20":{"start":{"line":15,"column":13},"end":{"line":15,"column":33}},"21":{"start":{"line":15,"column":13},"end":{"line":47,"column":null}},"22":{"start":{"line":49,"column":0},"end":{"line":49,"column":13}},"23":{"start":{"line":52,"column":2},"end":{"line":52,"column":null}},"24":{"start":{"line":58,"column":2},"end":{"line":58,"column":null}},"25":{"start":{"line":62,"column":2},"end":{"line":62,"column":null}},"26":{"start":{"line":66,"column":2},"end":{"line":66,"column":null}},"27":{"start":{"line":70,"column":2},"end":{"line":70,"column":null}},"28":{"start":{"line":74,"column":2},"end":{"line":74,"column":null}},"29":{"start":{"line":78,"column":2},"end":{"line":78,"column":null}},"30":{"start":{"line":82,"column":2},"end":{"line":82,"column":null}},"31":{"start":{"line":85,"column":2},"end":{"line":85,"column":null}},"32":{"start":{"line":89,"column":2},"end":{"line":89,"column":null}},"33":{"start":{"line":93,"column":2},"end":{"line":93,"column":null}},"34":{"start":{"line":97,"column":2},"end":{"line":97,"column":null}},"35":{"start":{"line":101,"column":2},"end":{"line":101,"column":null}},"36":{"start":{"line":105,"column":2},"end":{"line":105,"column":null}},"37":{"start":{"line":110,"column":2},"end":{"line":110,"column":null}},"38":{"start":{"line":114,"column":2},"end":{"line":114,"column":null}},"39":{"start":{"line":118,"column":2},"end":{"line":118,"column":null}},"40":{"start":{"line":122,"column":2},"end":{"line":122,"column":null}},"41":{"start":{"line":126,"column":2},"end":{"line":126,"column":null}},"42":{"start":{"line":129,"column":0},"end":{"line":129,"column":13}},"43":{"start":{"line":132,"column":2},"end":{"line":132,"column":null}},"44":{"start":{"line":135,"column":2},"end":{"line":135,"column":null}},"45":{"start":{"line":138,"column":2},"end":{"line":138,"column":null}},"46":{"start":{"line":141,"column":2},"end":{"line":141,"column":null}},"47":{"start":{"line":144,"column":2},"end":{"line":144,"column":null}},"48":{"start":{"line":147,"column":2},"end":{"line":147,"column":null}},"49":{"start":{"line":150,"column":2},"end":{"line":150,"column":null}},"50":{"start":{"line":153,"column":2},"end":{"line":153,"column":null}},"51":{"start":{"line":156,"column":2},"end":{"line":156,"column":null}},"52":{"start":{"line":159,"column":2},"end":{"line":159,"column":null}},"53":{"start":{"line":163,"column":2},"end":{"line":163,"column":null}},"54":{"start":{"line":166,"column":2},"end":{"line":166,"column":null}},"55":{"start":{"line":169,"column":2},"end":{"line":169,"column":null}},"56":{"start":{"line":172,"column":2},"end":{"line":172,"column":null}},"57":{"start":{"line":175,"column":2},"end":{"line":175,"column":null}},"58":{"start":{"line":180,"column":2},"end":{"line":180,"column":null}},"59":{"start":{"line":184,"column":2},"end":{"line":184,"column":null}},"60":{"start":{"line":188,"column":2},"end":{"line":188,"column":null}},"61":{"start":{"line":193,"column":2},"end":{"line":193,"column":null}},"62":{"start":{"line":197,"column":2},"end":{"line":197,"column":null}},"63":{"start":{"line":201,"column":2},"end":{"line":201,"column":null}},"64":{"start":{"line":205,"column":2},"end":{"line":205,"column":null}},"65":{"start":{"line":209,"column":2},"end":{"line":209,"column":null}},"66":{"start":{"line":213,"column":2},"end":{"line":213,"column":null}},"67":{"start":{"line":217,"column":2},"end":{"line":217,"column":null}},"68":{"start":{"line":222,"column":2},"end":{"line":222,"column":null}},"69":{"start":{"line":226,"column":2},"end":{"line":226,"column":null}},"70":{"start":{"line":230,"column":2},"end":{"line":230,"column":null}},"71":{"start":{"line":234,"column":2},"end":{"line":234,"column":null}},"72":{"start":{"line":238,"column":2},"end":{"line":238,"column":null}},"73":{"start":{"line":242,"column":2},"end":{"line":242,"column":null}},"74":{"start":{"line":246,"column":2},"end":{"line":246,"column":null}},"75":{"start":{"line":252,"column":2},"end":{"line":252,"column":null}},"76":{"start":{"line":251,"column":14},"end":{"line":251,"column":30}}},"fnMap":{"0":{"name":"(anonymous_2)","decl":{"start":{"line":16,"column":2},"end":{"line":16,"column":10}},"loc":{"start":{"line":16,"column":53},"end":{"line":43,"column":3}}},"1":{"name":"(anonymous_3)","decl":{"start":{"line":44,"column":2},"end":{"line":44,"column":16}},"loc":{"start":{"line":44,"column":16},"end":{"line":46,"column":3}}},"2":{"name":"(anonymous_4)","decl":{"start":{"line":251,"column":8},"end":{"line":251,"column":11}},"loc":{"start":{"line":251,"column":14},"end":{"line":251,"column":30}}}},"branchMap":{"0":{"loc":{"start":{"line":24,"column":4},"end":{"line":31,"column":5}},"type":"if","locations":[{"start":{"line":24,"column":4},"end":{"line":31,"column":5}},{"start":{},"end":{}}]},"1":{"loc":{"start":{"line":27,"column":23},"end":{"line":27,"column":68}},"type":"binary-expr","locations":[{"start":{"line":27,"column":23},"end":{"line":27,"column":45}},{"start":{"line":27,"column":49},"end":{"line":27,"column":68}}]},"2":{"loc":{"start":{"line":33,"column":4},"end":{"line":40,"column":5}},"type":"if","locations":[{"start":{"line":33,"column":4},"end":{"line":40,"column":5}},{"start":{},"end":{}}]},"3":{"loc":{"start":{"line":36,"column":30},"end":{"line":36,"column":75}},"type":"binary-expr","locations":[{"start":{"line":36,"column":30},"end":{"line":36,"column":52}},{"start":{"line":36,"column":56},"end":{"line":36,"column":75}}]},"4":{"loc":{"start":{"line":42,"column":11},"end":{"line":42,"column":48}},"type":"binary-expr","locations":[{"start":{"line":42,"column":11},"end":{"line":42,"column":24}},{"start":{"line":42,"column":28},"end":{"line":42,"column":48}}]}},"s":{"0":0,"1":0,"2":0,"3":0,"4":0,"5":0,"6":0,"7":0,"8":0,"9":0,"10":0,"11":0,"12":0,"13":0,"14":0,"15":0,"16":0,"17":0,"18":0,"19":0,"20":0,"21":0,"22":0,"23":0,"24":0,"25":0,"26":0,"27":0,"28":0,"29":0,"30":0,"31":0,"32":0,"33":0,"34":0,"35":0,"36":0,"37":0,"38":0,"39":0,"40":0,"41":0,"42":0,"43":0,"44":0,"45":0,"46":0,"47":0,"48":0,"49":0,"50":0,"51":0,"52":0,"53":0,"54":0,"55":0,"56":0,"57":0,"58":0,"59":0,"60":0,"61":0,"62":0,"63":0,"64":0,"65":0,"66":0,"67":0,"68":0,"69":0,"70":0,"71":0,"72":0,"73":0,"74":0,"75":0,"76":0},"f":{"0":0,"1":0,"2":0},"b":{"0":[0,0],"1":[0,0],"2":[0,0],"3":[0,0],"4":[0,0]}}
,"/app/src/valoraciones/dto/update-valoracion.dto.ts": {"path":"/app/src/valoraciones/dto/update-valoracion.dto.ts","statementMap":{"0":{"start":{"line":1,"column":0},"end":{"line":1,"column":62}},"1":{"start":{"line":3,"column":0},"end":{"line":3,"column":13}}},"fnMap":{},"branchMap":{},"s":{"0":0,"1":0},"f":{},"b":{}}
}
