TN:
SF:src/app.controller.ts
FN:6,(anonymous_2)
FN:9,(anonymous_3)
FNF:2
FNH:0
FNDA:0,(anonymous_2)
FNDA:0,(anonymous_3)
DA:1,0
DA:2,0
DA:5,0
DA:6,0
DA:9,0
DA:10,0
LF:6
LH:0
BRDA:6,0,0,0
BRDA:6,0,1,0
BRDA:6,1,0,0
BRDA:6,1,1,0
BRF:4
BRH:0
end_of_record
TN:
SF:src/app.module.ts
FNF:0
FNH:0
DA:1,0
DA:2,0
DA:3,0
DA:4,0
DA:5,0
DA:6,0
DA:7,0
DA:8,0
DA:9,0
DA:10,0
DA:11,0
DA:12,0
DA:13,0
DA:14,0
DA:34,0
LF:15
LH:0
BRF:0
BRH:0
end_of_record
TN:
SF:src/app.service.ts
FN:5,(anonymous_1)
FNF:1
FNH:0
FNDA:0,(anonymous_1)
DA:1,0
DA:4,0
DA:6,0
LF:3
LH:0
BRF:0
BRH:0
end_of_record
TN:
SF:src/main.ts
FN:6,bootstrap
FNF:1
FNH:0
FNDA:0,bootstrap
DA:1,0
DA:2,0
DA:3,0
DA:4,0
DA:7,0
DA:8,0
DA:9,0
DA:16,0
DA:18,0
LF:9
LH:0
BRDA:16,0,0,0
BRDA:16,0,1,0
BRF:2
BRH:0
end_of_record
TN:
SF:src/audit/audit.controller.ts
FN:11,(anonymous_4)
FN:14,(anonymous_5)
FN:31,(anonymous_6)
FN:50,(anonymous_7)
FN:55,(anonymous_8)
FNF:5
FNH:0
FNDA:0,(anonymous_4)
FNDA:0,(anonymous_5)
FNDA:0,(anonymous_6)
FNDA:0,(anonymous_7)
FNDA:0,(anonymous_8)
DA:1,0
DA:3,0
DA:4,0
DA:5,0
DA:6,0
DA:7,0
DA:10,0
DA:11,0
DA:14,0
DA:18,0
DA:31,0
DA:36,0
DA:50,0
DA:51,0
DA:55,0
DA:59,0
DA:60,0
DA:64,0
DA:68,0
DA:69,0
DA:70,0
LF:21
LH:0
BRDA:34,0,0,0
BRDA:34,0,1,0
BRDA:34,1,0,0
BRDA:34,1,1,0
BRDA:50,2,0,0
BRDA:50,2,1,0
BRDA:50,3,0,0
BRDA:50,3,1,0
BRDA:56,4,0,0
BRDA:56,4,1,0
BRDA:56,5,0,0
BRDA:56,5,1,0
BRDA:58,6,0,0
BRDA:58,6,1,0
BRDA:58,7,0,0
BRDA:58,7,1,0
BRDA:11,8,0,0
BRDA:11,8,1,0
BRDA:11,9,0,0
BRDA:11,9,1,0
BRF:20
BRH:0
end_of_record
TN:
SF:src/audit/audit.interceptor.ts
FN:15,(anonymous_2)
FN:17,(anonymous_3)
FN:32,(anonymous_4)
FN:47,(anonymous_5)
FNF:4
FNH:0
FNDA:0,(anonymous_2)
FNDA:0,(anonymous_3)
FNDA:0,(anonymous_4)
FNDA:0,(anonymous_5)
DA:1,0
DA:7,0
DA:8,0
DA:9,0
DA:11,0
DA:14,0
DA:15,0
DA:18,0
DA:19,0
DA:20,0
DA:23,0
DA:24,0
DA:27,0
DA:28,0
DA:30,0
DA:33,0
DA:34,0
DA:48,0
DA:49,0
LF:19
LH:0
BRDA:23,0,0,0
BRDA:23,0,1,0
BRDA:15,1,0,0
BRDA:15,1,1,0
BRDA:15,2,0,0
BRDA:15,2,1,0
BRF:6
BRH:0
end_of_record
TN:
SF:src/audit/audit.module.ts
FNF:0
FNH:0
DA:1,0
DA:2,0
DA:3,0
DA:4,0
DA:5,0
DA:6,0
DA:19,0
LF:7
LH:0
BRF:0
BRH:0
end_of_record
TN:
SF:src/audit/audit.service.ts
FN:10,(anonymous_11)
FN:15,(anonymous_12)
FN:26,(anonymous_13)
FN:54,(anonymous_14)
FN:77,(anonymous_15)
FN:86,(anonymous_16)
FN:97,(anonymous_17)
FN:114,(anonymous_18)
FN:145,(anonymous_19)
FNF:9
FNH:0
FNDA:0,(anonymous_11)
FNDA:0,(anonymous_12)
FNDA:0,(anonymous_13)
FNDA:0,(anonymous_14)
FNDA:0,(anonymous_15)
FNDA:0,(anonymous_16)
FNDA:0,(anonymous_17)
FNDA:0,(anonymous_18)
FNDA:0,(anonymous_19)
DA:1,0
DA:2,0
DA:6,0
DA:9,0
DA:10,0
DA:16,0
DA:17,0
DA:19,0
DA:27,0
DA:29,0
DA:30,0
DA:32,0
DA:33,0
DA:35,0
DA:36,0
DA:38,0
DA:39,0
DA:41,0
DA:42,0
DA:43,0
DA:44,0
DA:46,0
DA:47,0
DA:51,0
DA:55,0
DA:56,0
DA:57,0
DA:59,0
DA:61,0
DA:71,0
DA:78,0
DA:80,0
DA:87,0
DA:88,0
DA:89,0
DA:91,0
DA:98,0
DA:100,0
DA:114,0
DA:128,0
DA:129,0
DA:130,0
DA:133,0
DA:138,0
DA:139,0
DA:140,0
DA:141,0
DA:145,0
DA:147,0
DA:148,0
LF:50
LH:0
BRDA:29,0,0,0
BRDA:29,0,1,0
BRDA:32,1,0,0
BRDA:32,1,1,0
BRDA:35,2,0,0
BRDA:35,2,1,0
BRDA:38,3,0,0
BRDA:38,3,1,0
BRDA:41,4,0,0
BRDA:41,4,1,0
BRDA:41,5,0,0
BRDA:41,5,1,0
BRDA:43,6,0,0
BRDA:43,6,1,0
BRDA:46,7,0,0
BRDA:46,7,1,0
BRDA:55,8,0,0
BRDA:55,8,1,0
BRDA:56,9,0,0
BRDA:56,9,1,0
BRDA:88,10,0,0
BRDA:88,10,1,0
BRDA:115,11,0,0
BRDA:115,11,1,0
BRDA:118,12,0,0
BRDA:118,12,1,0
BRDA:119,13,0,0
BRDA:119,13,1,0
BRDA:120,14,0,0
BRDA:120,14,1,0
BRDA:121,15,0,0
BRDA:121,15,1,0
BRDA:122,16,0,0
BRDA:122,16,1,0
BRDA:123,17,0,0
BRDA:123,17,1,0
BRDA:124,18,0,0
BRDA:124,18,1,0
BRDA:125,19,0,0
BRDA:125,19,1,0
BRDA:138,20,0,0
BRDA:138,20,1,0
BRDA:141,21,0,0
BRDA:141,21,1,0
BRDA:10,22,0,0
BRDA:10,22,1,0
BRDA:10,23,0,0
BRDA:10,23,1,0
BRF:48
BRH:0
end_of_record
TN:
SF:src/audit/ip.util.ts
FN:1,extractIp
FNF:1
FNH:0
FNDA:0,extractIp
DA:1,0
DA:2,0
DA:3,0
DA:4,0
DA:6,0
LF:5
LH:0
BRDA:3,0,0,0
BRDA:3,0,1,0
BRDA:3,1,0,0
BRDA:3,1,1,0
BRDA:6,2,0,0
BRDA:6,2,1,0
BRF:6
BRH:0
end_of_record
TN:
SF:src/audit/dto/audit-event.dto.ts
FNF:0
FNH:0
DA:1,0
DA:3,0
DA:5,0
DA:8,0
DA:12,0
DA:16,0
DA:20,0
DA:24,0
DA:28,0
DA:32,0
DA:36,0
DA:40,0
DA:44,0
DA:48,0
LF:14
LH:0
BRF:0
BRH:0
end_of_record
TN:
SF:src/audit/dto/audit-query.dto.ts
FN:6,(anonymous_2)
FN:12,(anonymous_3)
FNF:2
FNH:0
FNDA:0,(anonymous_2)
FNDA:0,(anonymous_3)
DA:1,0
DA:2,0
DA:4,0
DA:6,0
DA:9,0
DA:12,0
DA:15,0
DA:19,0
DA:23,0
DA:27,0
DA:31,0
DA:35,0
DA:39,0
LF:13
LH:0
BRF:0
BRH:0
end_of_record
TN:
SF:src/audit/dto/page-visit.dto.ts
FNF:0
FNH:0
DA:1,0
DA:3,0
DA:6,0
LF:3
LH:0
BRF:0
BRH:0
end_of_record
TN:
SF:src/auth/auth.controller.ts
FN:40,(anonymous_4)
FN:45,(anonymous_5)
FN:56,(anonymous_6)
FN:62,(anonymous_7)
FNF:4
FNH:0
FNDA:0,(anonymous_4)
FNDA:0,(anonymous_5)
FNDA:0,(anonymous_6)
FNDA:0,(anonymous_7)
DA:1,0
DA:2,0
DA:3,0
DA:4,0
DA:5,0
DA:10,0
DA:14,0
DA:21,0
DA:27,0
DA:32,0
DA:35,0
DA:39,0
DA:40,0
DA:45,0
DA:46,0
DA:50,0
DA:56,0
DA:57,0
DA:58,0
DA:62,0
DA:66,0
LF:21
LH:0
BRDA:40,0,0,0
BRDA:40,0,1,0
BRDA:40,1,0,0
BRDA:40,1,1,0
BRF:4
BRH:0
end_of_record
TN:
SF:src/auth/auth.guard.ts
FN:14,(anonymous_12)
FN:16,(anonymous_13)
FN:54,(anonymous_14)
FN:82,(anonymous_15)
FN:83,(anonymous_16)
FN:87,(anonymous_17)
FNF:6
FNH:0
FNDA:0,(anonymous_12)
FNDA:0,(anonymous_13)
FNDA:0,(anonymous_14)
FNDA:0,(anonymous_15)
FNDA:0,(anonymous_16)
FNDA:0,(anonymous_17)
DA:1,0
DA:7,0
DA:8,0
DA:9,0
DA:10,0
DA:13,0
DA:14,0
DA:18,0
DA:22,0
DA:23,0
DA:26,0
DA:27,0
DA:30,0
DA:31,0
DA:32,0
DA:33,0
DA:34,0
DA:41,0
DA:42,0
DA:43,0
DA:44,0
DA:45,0
DA:51,0
DA:55,0
DA:57,0
DA:59,0
DA:60,0
DA:62,0
DA:63,0
DA:68,0
DA:70,0
DA:78,0
DA:83,0
DA:84,0
DA:88,0
DA:89,0
DA:91,0
LF:37
LH:0
BRDA:22,0,0,0
BRDA:22,0,1,0
BRDA:32,1,0,0
BRDA:32,1,1,0
BRDA:43,2,0,0
BRDA:43,2,1,0
BRDA:57,3,0,0
BRDA:57,3,1,0
BRDA:60,4,0,0
BRDA:60,4,1,0
BRDA:68,5,0,0
BRDA:68,5,1,0
BRDA:72,6,0,0
BRDA:72,6,1,0
BRDA:73,7,0,0
BRDA:73,7,1,0
BRDA:74,8,0,0
BRDA:74,8,1,0
BRDA:88,9,0,0
BRDA:88,9,1,0
BRDA:88,10,0,0
BRDA:88,10,1,0
BRDA:89,11,0,0
BRDA:89,11,1,0
BRDA:14,12,0,0
BRDA:14,12,1,0
BRDA:14,13,0,0
BRDA:14,13,1,0
BRF:28
BRH:0
end_of_record
TN:
SF:src/auth/auth.module.ts
FNF:0
FNH:0
DA:1,0
DA:2,0
DA:3,0
DA:4,0
DA:5,0
DA:6,0
DA:7,0
DA:8,0
DA:9,0
DA:10,0
DA:11,0
DA:12,0
DA:13,0
DA:15,0
DA:39,0
LF:15
LH:0
BRDA:21,0,0,0
BRDA:21,0,1,0
BRF:2
BRH:0
end_of_record
TN:
SF:src/auth/auth.service.ts
FN:32,(anonymous_11)
FN:37,(anonymous_12)
FN:62,(anonymous_13)
FN:91,(anonymous_14)
FN:127,(anonymous_15)
FNF:5
FNH:0
FNDA:0,(anonymous_11)
FNDA:0,(anonymous_12)
FNDA:0,(anonymous_13)
FNDA:0,(anonymous_14)
FNDA:0,(anonymous_15)
DA:1,0
DA:6,0
DA:7,0
DA:8,0
DA:31,0
DA:33,0
DA:34,0
DA:38,0
DA:46,0
DA:50,0
DA:66,0
DA:70,0
DA:71,0
DA:74,0
DA:75,0
DA:76,0
DA:79,0
DA:81,0
DA:96,0
DA:97,0
DA:98,0
DA:103,0
DA:104,0
DA:106,0
DA:117,0
DA:128,0
DA:132,0
DA:133,0
DA:136,0
DA:137,0
DA:140,0
DA:142,0
DA:150,0
LF:33
LH:0
BRDA:57,0,0,0
BRDA:57,0,1,0
BRDA:70,1,0,0
BRDA:70,1,1,0
BRDA:70,2,0,0
BRDA:70,2,1,0
BRDA:70,2,2,0
BRDA:75,3,0,0
BRDA:75,3,1,0
BRDA:97,4,0,0
BRDA:97,4,1,0
BRDA:132,5,0,0
BRDA:132,5,1,0
BRDA:136,6,0,0
BRDA:136,6,1,0
BRDA:33,7,0,0
BRDA:33,7,1,0
BRDA:33,8,0,0
BRDA:33,8,1,0
BRDA:33,9,0,0
BRDA:33,9,1,0
BRDA:33,10,0,0
BRDA:33,10,1,0
BRF:23
BRH:0
end_of_record
TN:
SF:src/auth/jwt.strategy.ts
FN:9,(anonymous_2)
FN:29,(anonymous_3)
FNF:2
FNH:0
FNDA:0,(anonymous_2)
FNDA:0,(anonymous_3)
DA:1,0
DA:2,0
DA:3,0
DA:4,0
DA:5,0
DA:8,0
DA:10,0
DA:12,0
DA:13,0
DA:17,0
DA:30,0
LF:11
LH:0
BRDA:12,0,0,0
BRDA:12,0,1,0
BRF:2
BRH:0
end_of_record
TN:
SF:src/auth/jwt.types.ts
FN:15,extractJwtPayload
FN:18,(anonymous_1)
FNF:2
FNH:0
FNDA:0,extractJwtPayload
FNDA:0,(anonymous_1)
DA:15,0
DA:16,0
DA:17,0
DA:18,0
DA:21,0
LF:5
LH:0
BRDA:16,0,0,0
BRDA:16,0,1,0
BRDA:17,1,0,0
BRDA:17,1,1,0
BRDA:23,2,0,0
BRDA:23,2,1,0
BRDA:24,3,0,0
BRDA:24,3,1,0
BRF:8
BRH:0
end_of_record
TN:
SF:src/auth/local-jwt.strategy.ts
FN:15,(anonymous_2)
FN:26,(anonymous_3)
FNF:2
FNH:0
FNDA:0,(anonymous_2)
FNDA:0,(anonymous_3)
DA:1,0
DA:2,0
DA:3,0
DA:14,0
DA:16,0
DA:18,0
DA:27,0
LF:7
LH:0
BRDA:16,0,0,0
BRDA:16,0,1,0
BRDA:29,1,0,0
BRDA:29,1,1,0
BRDA:30,2,0,0
BRDA:30,2,1,0
BRDA:31,3,0,0
BRDA:31,3,1,0
BRF:8
BRH:0
end_of_record
TN:
SF:src/auth/local.strategy.ts
FN:9,(anonymous_11)
FN:13,(anonymous_12)
FNF:2
FNH:0
FNDA:0,(anonymous_11)
FNDA:0,(anonymous_12)
DA:1,0
DA:2,0
DA:3,0
DA:4,0
DA:5,0
DA:8,0
DA:9,0
DA:10,0
DA:14,0
DA:18,0
DA:19,0
DA:22,0
DA:23,0
DA:26,0
DA:27,0
DA:30,0
DA:31,0
DA:32,0
DA:35,0
DA:37,0
LF:20
LH:0
BRDA:18,0,0,0
BRDA:18,0,1,0
BRDA:22,1,0,0
BRDA:22,1,1,0
BRDA:26,2,0,0
BRDA:26,2,1,0
BRDA:31,3,0,0
BRDA:31,3,1,0
BRDA:9,4,0,0
BRDA:9,4,1,0
BRDA:9,5,0,0
BRDA:9,5,1,0
BRF:12
BRH:0
end_of_record
TN:
SF:src/auth/roles.guard.ts
FN:17,normalizeRoles
FN:18,(anonymous_3)
FN:23,(anonymous_4)
FN:25,(anonymous_5)
FN:53,(anonymous_6)
FNF:5
FNH:0
FNDA:0,normalizeRoles
FNDA:0,(anonymous_3)
FNDA:0,(anonymous_4)
FNDA:0,(anonymous_5)
FNDA:0,(anonymous_6)
DA:1,0
DA:7,0
DA:8,0
DA:9,0
DA:11,0
DA:17,0
DA:18,0
DA:22,0
DA:23,0
DA:26,0
DA:30,0
DA:31,0
DA:34,0
DA:39,0
DA:40,0
DA:43,0
DA:44,0
DA:46,0
DA:47,0
DA:52,0
DA:53,0
DA:55,0
DA:56,0
DA:61,0
LF:24
LH:0
BRDA:18,0,0,0
BRDA:18,0,1,0
BRDA:30,1,0,0
BRDA:30,1,1,0
BRDA:39,2,0,0
BRDA:39,2,1,0
BRDA:39,3,0,0
BRDA:39,3,1,0
BRDA:46,4,0,0
BRDA:46,4,1,0
BRDA:46,5,0,0
BRDA:46,5,1,0
BRDA:55,6,0,0
BRDA:55,6,1,0
BRDA:23,7,0,0
BRDA:23,7,1,0
BRDA:23,8,0,0
BRDA:23,8,1,0
BRF:18
BRH:0
end_of_record
TN:
SF:src/auth/sync.interceptor.ts
FN:12,(anonymous_2)
FN:14,(anonymous_3)
FN:42,(anonymous_4)
FNF:3
FNH:0
FNDA:0,(anonymous_2)
FNDA:0,(anonymous_3)
FNDA:0,(anonymous_4)
DA:1,0
DA:8,0
DA:11,0
DA:12,0
DA:15,0
DA:16,0
DA:18,0
DA:19,0
DA:21,0
DA:26,0
DA:47,0
LF:11
LH:0
BRDA:18,0,0,0
BRDA:18,0,1,0
BRDA:18,1,0,0
BRDA:18,1,1,0
BRDA:19,2,0,0
BRDA:19,2,1,0
BRDA:21,3,0,0
BRDA:21,3,1,0
BRDA:21,4,0,0
BRDA:21,4,1,0
BRDA:31,5,0,0
BRDA:31,5,1,0
BRDA:32,6,0,0
BRDA:32,6,1,0
BRDA:37,7,0,0
BRDA:37,7,1,0
BRDA:38,8,0,0
BRDA:38,8,1,0
BRDA:12,9,0,0
BRDA:12,9,1,0
BRDA:12,10,0,0
BRDA:12,10,1,0
BRF:22
BRH:0
end_of_record
TN:
SF:src/auth/decorators/current-user.decorator.ts
FN:7,extractUserFromRequest
FNF:1
FNH:0
FNDA:0,extractUserFromRequest
DA:1,0
DA:7,0
DA:8,0
DA:11,0
LF:4
LH:0
BRDA:8,0,0,0
BRDA:8,0,1,0
BRF:2
BRH:0
end_of_record
TN:
SF:src/auth/decorators/public.decorator.ts
FN:4,(anonymous_0)
FNF:1
FNH:0
FNDA:0,(anonymous_0)
DA:1,0
DA:3,0
DA:4,0
LF:3
LH:0
BRF:0
BRH:0
end_of_record
TN:
SF:src/auth/decorators/roles.decorator.ts
FN:4,(anonymous_0)
FNF:1
FNH:0
FNDA:0,(anonymous_0)
DA:1,0
DA:3,0
DA:4,0
LF:3
LH:0
BRF:0
BRH:0
end_of_record
TN:
SF:src/catalogos/catalogos.controller.ts
FN:18,(anonymous_4)
FN:21,(anonymous_5)
FN:26,(anonymous_6)
FN:36,(anonymous_7)
FN:42,(anonymous_8)
FN:51,(anonymous_9)
FN:58,(anonymous_10)
FN:63,(anonymous_11)
FN:69,(anonymous_12)
FN:75,(anonymous_13)
FN:85,(anonymous_14)
FNF:11
FNH:0
FNDA:0,(anonymous_4)
FNDA:0,(anonymous_5)
FNDA:0,(anonymous_6)
FNDA:0,(anonymous_7)
FNDA:0,(anonymous_8)
FNDA:0,(anonymous_9)
FNDA:0,(anonymous_10)
FNDA:0,(anonymous_11)
FNDA:0,(anonymous_12)
FNDA:0,(anonymous_13)
FNDA:0,(anonymous_14)
DA:1,0
DA:11,0
DA:12,0
DA:13,0
DA:14,0
DA:17,0
DA:18,0
DA:21,0
DA:22,0
DA:26,0
DA:27,0
DA:36,0
DA:37,0
DA:42,0
DA:46,0
DA:51,0
DA:52,0
DA:58,0
DA:59,0
DA:63,0
DA:64,0
DA:69,0
DA:70,0
DA:75,0
DA:80,0
DA:85,0
DA:86,0
LF:27
LH:0
BRDA:36,0,0,0
BRDA:36,0,1,0
BRDA:36,1,0,0
BRDA:36,1,1,0
BRDA:44,2,0,0
BRDA:44,2,1,0
BRDA:44,3,0,0
BRDA:44,3,1,0
BRDA:69,4,0,0
BRDA:69,4,1,0
BRDA:69,5,0,0
BRDA:69,5,1,0
BRDA:78,6,0,0
BRDA:78,6,1,0
BRDA:78,7,0,0
BRDA:78,7,1,0
BRDA:18,8,0,0
BRDA:18,8,1,0
BRDA:18,9,0,0
BRDA:18,9,1,0
BRF:20
BRH:0
end_of_record
TN:
SF:src/catalogos/catalogos.module.ts
FNF:0
FNH:0
DA:1,0
DA:2,0
DA:3,0
DA:4,0
DA:11,0
LF:5
LH:0
BRF:0
BRH:0
end_of_record
TN:
SF:src/catalogos/catalogos.service.ts
FN:53,(anonymous_2)
FN:55,(anonymous_3)
FN:67,(anonymous_4)
FN:79,(anonymous_5)
FN:100,(anonymous_6)
FN:125,(anonymous_7)
FN:144,(anonymous_8)
FN:145,(anonymous_9)
FN:151,(anonymous_10)
FN:158,(anonymous_11)
FN:176,(anonymous_12)
FN:199,(anonymous_13)
FN:211,(anonymous_14)
FNF:13
FNH:0
FNDA:0,(anonymous_2)
FNDA:0,(anonymous_3)
FNDA:0,(anonymous_4)
FNDA:0,(anonymous_5)
FNDA:0,(anonymous_6)
FNDA:0,(anonymous_7)
FNDA:0,(anonymous_8)
FNDA:0,(anonymous_9)
FNDA:0,(anonymous_10)
FNDA:0,(anonymous_11)
FNDA:0,(anonymous_12)
FNDA:0,(anonymous_13)
FNDA:0,(anonymous_14)
DA:1,0
DA:7,0
DA:11,0
DA:31,0
DA:52,0
DA:53,0
DA:56,0
DA:57,0
DA:58,0
DA:68,0
DA:69,0
DA:70,0
DA:73,0
DA:74,0
DA:75,0
DA:76,0
DA:80,0
DA:81,0
DA:82,0
DA:83,0
DA:84,0
DA:85,0
DA:86,0
DA:88,0
DA:89,0
DA:93,0
DA:101,0
DA:102,0
DA:103,0
DA:104,0
DA:105,0
DA:106,0
DA:107,0
DA:108,0
DA:110,0
DA:111,0
DA:115,0
DA:126,0
DA:127,0
DA:128,0
DA:129,0
DA:130,0
DA:136,0
DA:137,0
DA:138,0
DA:139,0
DA:140,0
DA:145,0
DA:152,0
DA:159,0
DA:160,0
DA:168,0
DA:169,0
DA:170,0
DA:171,0
DA:172,0
DA:177,0
DA:182,0
DA:183,0
DA:184,0
DA:185,0
DA:186,0
DA:191,0
DA:192,0
DA:193,0
DA:194,0
DA:195,0
DA:200,0
DA:201,0
DA:203,0
DA:204,0
DA:205,0
DA:206,0
DA:207,0
DA:212,0
DA:214,0
LF:76
LH:0
BRDA:57,0,0,0
BRDA:57,0,1,0
BRDA:69,1,0,0
BRDA:69,1,1,0
BRDA:74,2,0,0
BRDA:74,2,1,0
BRDA:81,3,0,0
BRDA:81,3,1,0
BRDA:86,4,0,0
BRDA:86,4,1,0
BRDA:88,5,0,0
BRDA:88,5,1,0
BRDA:102,6,0,0
BRDA:102,6,1,0
BRDA:108,7,0,0
BRDA:108,7,1,0
BRDA:110,8,0,0
BRDA:110,8,1,0
BRDA:127,9,0,0
BRDA:127,9,1,0
BRDA:136,10,0,0
BRDA:136,10,1,0
BRDA:138,11,0,0
BRDA:138,11,1,0
BRDA:168,12,0,0
BRDA:168,12,1,0
BRDA:170,13,0,0
BRDA:170,13,1,0
BRDA:183,14,0,0
BRDA:183,14,1,0
BRDA:184,15,0,0
BRDA:184,15,1,0
BRDA:185,16,0,0
BRDA:185,16,1,0
BRDA:191,17,0,0
BRDA:191,17,1,0
BRDA:193,18,0,0
BRDA:193,18,1,0
BRDA:203,19,0,0
BRDA:203,19,1,0
BRDA:205,20,0,0
BRDA:205,20,1,0
BRDA:53,21,0,0
BRDA:53,21,1,0
BRDA:53,22,0,0
BRDA:53,22,1,0
BRF:46
BRH:0
end_of_record
TN:
SF:src/catalogos/control-catalog-seed.ts
FN:24,extractInsertValuesBlock
FN:39,parseQuotedSqlString
FN:43,parseControlCatalogSql
FN:76,validateControlCatalog
FN:99,(anonymous_13)
FN:109,seedControlCatalogFromSql
FN:117,(anonymous_15)
FNF:7
FNH:0
FNDA:0,extractInsertValuesBlock
FNDA:0,parseQuotedSqlString
FNDA:0,parseControlCatalogSql
FNDA:0,validateControlCatalog
FNDA:0,(anonymous_13)
FNDA:0,seedControlCatalogFromSql
FNDA:0,(anonymous_15)
DA:2,0
DA:25,0
DA:29,0
DA:30,0
DA:31,0
DA:36,0
DA:40,0
DA:43,0
DA:44,0
DA:48,0
DA:53,0
DA:54,0
DA:55,0
DA:56,0
DA:62,0
DA:64,0
DA:65,0
DA:66,0
DA:73,0
DA:76,0
DA:77,0
DA:78,0
DA:83,0
DA:84,0
DA:89,0
DA:90,0
DA:91,0
DA:92,0
DA:96,0
DA:99,0
DA:100,0
DA:101,0
DA:102,0
DA:109,0
DA:116,0
DA:117,0
DA:119,0
DA:120,0
DA:121,0
DA:124,0
DA:125,0
DA:138,0
DA:139,0
LF:43
LH:0
BRDA:30,0,0,0
BRDA:30,0,1,0
BRDA:30,1,0,0
BRDA:30,1,1,0
BRDA:77,2,0,0
BRDA:77,2,1,0
BRDA:83,3,0,0
BRDA:83,3,1,0
BRDA:91,4,0,0
BRDA:91,4,1,0
BRDA:101,5,0,0
BRDA:101,5,1,0
BRDA:112,6,0,0
BRDA:116,7,0,0
BRDA:116,7,1,0
BRF:15
BRH:0
end_of_record
TN:
SF:src/catalogos/riesgo-parser.ts
FN:21,parseRiesgoRows
FNF:1
FNH:0
FNDA:0,parseRiesgoRows
DA:21,0
DA:22,0
DA:23,0
DA:25,0
DA:26,0
DA:27,0
DA:30,0
DA:31,0
DA:32,0
DA:36,0
DA:37,0
DA:38,0
DA:46,0
LF:13
LH:0
BRDA:27,0,0,0
BRDA:27,0,1,0
BRDA:30,1,0,0
BRDA:30,1,1,0
BRDA:37,2,0,0
BRDA:37,2,1,0
BRDA:37,3,0,0
BRDA:37,3,1,0
BRF:8
BRH:0
end_of_record
TN:
SF:src/catalogos/dto/create-catalogo.dto.ts
FNF:0
FNH:0
DA:1,0
DA:3,0
DA:6,0
DA:10,0
DA:14,0
DA:18,0
DA:22,0
DA:26,0
DA:30,0
DA:34,0
DA:38,0
DA:42,0
DA:46,0
DA:50,0
DA:54,0
LF:15
LH:0
BRF:0
BRH:0
end_of_record
TN:
SF:src/catalogos/dto/update-catalogo.dto.ts
FNF:0
FNH:0
DA:1,0
DA:3,0
LF:2
LH:0
BRF:0
BRH:0
end_of_record
TN:
SF:src/keycloak/keycloak-admin.service.ts
FN:22,(anonymous_2)
FN:31,(anonymous_3)
FN:62,(anonymous_4)
FN:68,(anonymous_5)
FN:87,(anonymous_6)
FN:96,(anonymous_7)
FN:102,(anonymous_8)
FN:108,(anonymous_9)
FN:125,(anonymous_10)
FN:128,(anonymous_11)
FN:142,(anonymous_12)
FN:143,(anonymous_13)
FN:153,(anonymous_14)
FN:157,(anonymous_15)
FN:174,(anonymous_16)
FN:179,(anonymous_17)
FN:202,(anonymous_18)
FN:207,(anonymous_19)
FN:220,(anonymous_20)
FN:221,(anonymous_21)
FN:257,(anonymous_22)
FNF:21
FNH:0
FNDA:0,(anonymous_2)
FNDA:0,(anonymous_3)
FNDA:0,(anonymous_4)
FNDA:0,(anonymous_5)
FNDA:0,(anonymous_6)
FNDA:0,(anonymous_7)
FNDA:0,(anonymous_8)
FNDA:0,(anonymous_9)
FNDA:0,(anonymous_10)
FNDA:0,(anonymous_11)
FNDA:0,(anonymous_12)
FNDA:0,(anonymous_13)
FNDA:0,(anonymous_14)
FNDA:0,(anonymous_15)
FNDA:0,(anonymous_16)
FNDA:0,(anonymous_17)
FNDA:0,(anonymous_18)
FNDA:0,(anonymous_19)
FNDA:0,(anonymous_20)
FNDA:0,(anonymous_21)
FNDA:0,(anonymous_22)
DA:1,0
DA:2,0
DA:3,0
DA:4,0
DA:12,0
DA:13,0
DA:14,0
DA:15,0
DA:22,0
DA:23,0
DA:24,0
DA:25,0
DA:26,0
DA:32,0
DA:33,0
DA:34,0
DA:37,0
DA:38,0
DA:39,0
DA:40,0
DA:41,0
DA:43,0
DA:53,0
DA:54,0
DA:59,0
DA:63,0
DA:71,0
DA:72,0
DA:73,0
DA:75,0
DA:76,0
DA:79,0
DA:80,0
DA:81,0
DA:83,0
DA:88,0
DA:89,0
DA:91,0
DA:97,0
DA:108,0
DA:109,0
DA:119,0
DA:120,0
DA:121,0
DA:128,0
DA:129,0
DA:138,0
DA:143,0
DA:144,0
DA:157,0
DA:158,0
DA:159,0
DA:160,0
DA:162,0
DA:175,0
DA:176,0
DA:179,0
DA:180,0
DA:190,0
DA:191,0
DA:192,0
DA:195,0
DA:196,0
DA:207,0
DA:208,0
DA:221,0
DA:222,0
DA:225,0
DA:231,0
DA:234,0
DA:240,0
DA:243,0
DA:244,0
DA:256,0
DA:257,0
DA:258,0
LF:76
LH:0
BRDA:23,0,0,0
BRDA:23,0,1,0
BRDA:24,1,0,0
BRDA:24,1,1,0
BRDA:25,2,0,0
BRDA:25,2,1,0
BRDA:26,3,0,0
BRDA:26,3,1,0
BRDA:33,4,0,0
BRDA:33,4,1,0
BRDA:33,5,0,0
BRDA:33,5,1,0
BRDA:53,6,0,0
BRDA:53,6,1,0
BRDA:75,7,0,0
BRDA:75,7,1,0
BRDA:88,8,0,0
BRDA:88,8,1,0
BRDA:119,9,0,0
BRDA:119,9,1,0
BRDA:121,10,0,0
BRDA:121,10,1,0
BRDA:138,11,0,0
BRDA:138,11,1,0
BRDA:159,12,0,0
BRDA:159,12,1,0
BRDA:160,13,0,0
BRDA:160,13,1,0
BRDA:175,14,0,0
BRDA:175,14,1,0
BRDA:191,15,0,0
BRDA:191,15,1,0
BRDA:205,16,0,0
BRDA:243,17,0,0
BRDA:243,17,1,0
BRDA:256,18,0,0
BRDA:256,18,1,0
BRDA:22,19,0,0
BRDA:22,19,1,0
BRDA:22,20,0,0
BRDA:22,20,1,0
BRF:41
BRH:0
end_of_record
TN:
SF:src/keycloak/keycloak.module.ts
FNF:0
FNH:0
DA:1,0
DA:2,0
DA:3,0
DA:11,0
LF:4
LH:0
BRF:0
BRH:0
end_of_record
TN:
SF:src/parametros/parametros.controller.ts
FN:8,(anonymous_4)
FN:11,(anonymous_5)
FN:17,(anonymous_6)
FNF:3
FNH:0
FNDA:0,(anonymous_4)
FNDA:0,(anonymous_5)
FNDA:0,(anonymous_6)
DA:1,0
DA:2,0
DA:3,0
DA:4,0
DA:7,0
DA:8,0
DA:11,0
DA:12,0
DA:17,0
DA:18,0
LF:10
LH:0
BRDA:17,0,0,0
BRDA:17,0,1,0
BRDA:17,1,0,0
BRDA:17,1,1,0
BRDA:8,2,0,0
BRDA:8,2,1,0
BRDA:8,3,0,0
BRDA:8,3,1,0
BRF:8
BRH:0
end_of_record
TN:
SF:src/parametros/parametros.module.ts
FNF:0
FNH:0
DA:1,0
DA:2,0
DA:3,0
DA:4,0
DA:11,0
LF:5
LH:0
BRF:0
BRH:0
end_of_record
TN:
SF:src/parametros/parametros.service.ts
FN:12,(anonymous_2)
FN:18,(anonymous_3)
FN:59,(anonymous_4)
FNF:3
FNH:0
FNDA:0,(anonymous_2)
FNDA:0,(anonymous_3)
FNDA:0,(anonymous_4)
DA:1,0
DA:7,0
DA:11,0
DA:12,0
DA:19,0
DA:20,0
DA:21,0
DA:22,0
DA:43,0
DA:45,0
DA:61,0
DA:62,0
DA:66,0
DA:67,0
DA:71,0
DA:72,0
DA:76,0
DA:77,0
DA:83,0
DA:84,0
DA:88,0
DA:89,0
DA:93,0
DA:94,0
DA:98,0
DA:99,0
DA:103,0
DA:104,0
DA:108,0
DA:109,0
DA:113,0
DA:114,0
DA:120,0
DA:121,0
DA:125,0
DA:126,0
DA:130,0
DA:131,0
DA:135,0
DA:136,0
DA:140,0
DA:141,0
DA:145,0
DA:146,0
DA:151,0
DA:152,0
DA:153,0
DA:154,0
DA:156,0
DA:161,0
LF:50
LH:0
BRDA:21,0,0,0
BRDA:21,0,1,0
BRDA:61,1,0,0
BRDA:61,1,1,0
BRDA:66,2,0,0
BRDA:66,2,1,0
BRDA:71,3,0,0
BRDA:71,3,1,0
BRDA:76,4,0,0
BRDA:76,4,1,0
BRDA:83,5,0,0
BRDA:83,5,1,0
BRDA:88,6,0,0
BRDA:88,6,1,0
BRDA:93,7,0,0
BRDA:93,7,1,0
BRDA:98,8,0,0
BRDA:98,8,1,0
BRDA:103,9,0,0
BRDA:103,9,1,0
BRDA:108,10,0,0
BRDA:108,10,1,0
BRDA:113,11,0,0
BRDA:113,11,1,0
BRDA:120,12,0,0
BRDA:120,12,1,0
BRDA:125,13,0,0
BRDA:125,13,1,0
BRDA:130,14,0,0
BRDA:130,14,1,0
BRDA:135,15,0,0
BRDA:135,15,1,0
BRDA:140,16,0,0
BRDA:140,16,1,0
BRDA:145,17,0,0
BRDA:145,17,1,0
BRDA:153,18,0,0
BRDA:153,18,1,0
BRDA:12,19,0,0
BRDA:12,19,1,0
BRDA:12,20,0,0
BRDA:12,20,1,0
BRF:42
BRH:0
end_of_record
TN:
SF:src/parametros/dto/update-parametro.dto.ts
FN:15,(anonymous_2)
FN:24,(anonymous_3)
FNF:2
FNH:0
FNDA:0,(anonymous_2)
FNDA:0,(anonymous_3)
DA:1,0
DA:2,0
DA:14,0
DA:16,0
DA:17,0
DA:18,0
DA:19,0
DA:20,0
DA:21,0
DA:25,0
DA:29,0
DA:33,0
DA:38,0
DA:43,0
DA:48,0
DA:53,0
DA:58,0
DA:63,0
DA:68,0
DA:73,0
DA:78,0
DA:83,0
DA:88,0
DA:93,0
DA:98,0
DA:103,0
DA:108,0
LF:27
LH:0
BRDA:17,0,0,0
BRDA:17,0,1,0
BRDA:18,1,0,0
BRDA:18,1,1,0
BRDA:19,2,0,0
BRDA:19,2,1,0
BRDA:20,3,0,0
BRDA:20,3,1,0
BRF:8
BRH:0
end_of_record
TN:
SF:src/plan-tratamiento/plan-tratamiento.controller.ts
FN:18,(anonymous_4)
FN:23,(anonymous_5)
FN:28,(anonymous_6)
FN:34,(anonymous_7)
FN:40,(anonymous_8)
FN:49,(anonymous_9)
FNF:6
FNH:0
FNDA:0,(anonymous_4)
FNDA:0,(anonymous_5)
FNDA:0,(anonymous_6)
FNDA:0,(anonymous_7)
FNDA:0,(anonymous_8)
FNDA:0,(anonymous_9)
DA:1,0
DA:11,0
DA:12,0
DA:13,0
DA:14,0
DA:17,0
DA:19,0
DA:23,0
DA:24,0
DA:28,0
DA:29,0
DA:34,0
DA:35,0
DA:40,0
DA:44,0
DA:49,0
DA:50,0
LF:17
LH:0
BRDA:34,0,0,0
BRDA:34,0,1,0
BRDA:34,1,0,0
BRDA:34,1,1,0
BRDA:42,2,0,0
BRDA:42,2,1,0
BRDA:42,3,0,0
BRDA:42,3,1,0
BRDA:19,4,0,0
BRDA:19,4,1,0
BRDA:19,5,0,0
BRDA:19,5,1,0
BRF:12
BRH:0
end_of_record
TN:
SF:src/plan-tratamiento/plan-tratamiento.module.ts
FNF:0
FNH:0
DA:1,0
DA:2,0
DA:3,0
DA:4,0
DA:10,0
LF:5
LH:0
BRF:0
BRH:0
end_of_record
TN:
SF:src/plan-tratamiento/plan-tratamiento.service.ts
FN:18,(anonymous_2)
FN:20,(anonymous_3)
FN:27,(anonymous_4)
FN:36,(anonymous_5)
FN:44,(anonymous_6)
FN:54,(anonymous_7)
FN:59,(anonymous_8)
FNF:7
FNH:0
FNDA:0,(anonymous_2)
FNDA:0,(anonymous_3)
FNDA:0,(anonymous_4)
FNDA:0,(anonymous_5)
FNDA:0,(anonymous_6)
FNDA:0,(anonymous_7)
FNDA:0,(anonymous_8)
DA:1,0
DA:2,0
DA:6,0
DA:17,0
DA:18,0
DA:21,0
DA:28,0
DA:32,0
DA:33,0
DA:37,0
DA:38,0
DA:45,0
DA:46,0
DA:47,0
DA:55,0
DA:56,0
DA:60,0
DA:61,0
DA:62,0
DA:63,0
DA:64,0
DA:65,0
DA:66,0
DA:67,0
DA:68,0
DA:69,0
DA:70,0
DA:71,0
DA:72,0
DA:73,0
DA:74,0
DA:75,0
DA:76,0
DA:77,0
DA:78,0
DA:79,0
DA:80,0
DA:81,0
LF:38
LH:0
BRDA:32,0,0,0
BRDA:32,0,1,0
BRDA:61,1,0,0
BRDA:61,1,1,0
BRDA:62,2,0,0
BRDA:62,2,1,0
BRDA:63,3,0,0
BRDA:63,3,1,0
BRDA:65,4,0,0
BRDA:65,4,1,0
BRDA:67,5,0,0
BRDA:67,5,1,0
BRDA:69,6,0,0
BRDA:69,6,1,0
BRDA:71,7,0,0
BRDA:71,7,1,0
BRDA:73,8,0,0
BRDA:73,8,1,0
BRDA:75,9,0,0
BRDA:75,9,1,0
BRDA:77,10,0,0
BRDA:77,10,1,0
BRDA:78,11,0,0
BRDA:78,11,1,0
BRDA:79,12,0,0
BRDA:79,12,1,0
BRDA:18,13,0,0
BRDA:18,13,1,0
BRDA:18,14,0,0
BRDA:18,14,1,0
BRF:30
BRH:0
end_of_record
TN:
SF:src/plan-tratamiento/dto/create-plan-tratamiento.dto.ts
FNF:0
FNH:0
DA:1,0
DA:9,0
DA:12,0
DA:15,0
DA:18,0
DA:21,0
DA:25,0
DA:29,0
DA:33,0
DA:37,0
DA:41,0
DA:45,0
DA:48,0
DA:52,0
LF:14
LH:0
BRF:0
BRH:0
end_of_record
TN:
SF:src/plan-tratamiento/dto/update-plan-tratamiento.dto.ts
FNF:0
FNH:0
DA:1,0
DA:2,0
DA:4,0
LF:3
LH:0
BRF:0
BRH:0
end_of_record
TN:
SF:src/prisma/prisma.service.ts
FN:10,(anonymous_2)
FN:16,(anonymous_3)
FN:20,(anonymous_4)
FNF:3
FNH:0
FNDA:0,(anonymous_2)
FNDA:0,(anonymous_3)
FNDA:0,(anonymous_4)
DA:1,0
DA:2,0
DA:3,0
DA:6,0
DA:11,0
DA:12,0
DA:13,0
DA:17,0
DA:21,0
LF:9
LH:0
BRF:0
BRH:0
end_of_record
TN:
SF:src/reportes/reportes.controller.ts
FN:30,(anonymous_4)
FN:33,(anonymous_5)
FN:96,(anonymous_6)
FN:101,(anonymous_7)
FN:106,(anonymous_8)
FN:111,(anonymous_9)
FN:116,(anonymous_10)
FN:121,(anonymous_11)
FN:128,(anonymous_12)
FN:135,(anonymous_13)
FN:160,(anonymous_14)
FN:185,(anonymous_15)
FN:192,(anonymous_16)
FN:217,(anonymous_17)
FN:224,(anonymous_18)
FN:229,(anonymous_19)
FN:247,(anonymous_20)
FNF:17
FNH:0
FNDA:0,(anonymous_4)
FNDA:0,(anonymous_5)
FNDA:0,(anonymous_6)
FNDA:0,(anonymous_7)
FNDA:0,(anonymous_8)
FNDA:0,(anonymous_9)
FNDA:0,(anonymous_10)
FNDA:0,(anonymous_11)
FNDA:0,(anonymous_12)
FNDA:0,(anonymous_13)
FNDA:0,(anonymous_14)
FNDA:0,(anonymous_15)
FNDA:0,(anonymous_16)
FNDA:0,(anonymous_17)
FNDA:0,(anonymous_18)
FNDA:0,(anonymous_19)
FNDA:0,(anonymous_20)
DA:1,0
DA:11,0
DA:12,0
DA:13,0
DA:29,0
DA:30,0
DA:33,0
DA:34,0
DA:96,0
DA:97,0
DA:101,0
DA:102,0
DA:106,0
DA:107,0
DA:111,0
DA:112,0
DA:116,0
DA:117,0
DA:121,0
DA:124,0
DA:128,0
DA:131,0
DA:135,0
DA:141,0
DA:146,0
DA:150,0
DA:154,0
DA:155,0
DA:156,0
DA:160,0
DA:166,0
DA:171,0
DA:175,0
DA:179,0
DA:180,0
DA:181,0
DA:185,0
DA:188,0
DA:192,0
DA:198,0
DA:203,0
DA:207,0
DA:211,0
DA:212,0
DA:213,0
DA:217,0
DA:220,0
DA:224,0
DA:225,0
DA:229,0
DA:233,0
DA:234,0
DA:236,0
DA:237,0
DA:243,0
DA:247,0
DA:253,0
DA:258,0
DA:262,0
DA:266,0
DA:267,0
DA:268,0
LF:62
LH:0
BRDA:236,0,0,0
BRDA:236,0,1,0
BRDA:236,1,0,0
BRDA:236,1,1,0
BRDA:236,1,2,0
BRDA:236,1,3,0
BRDA:236,1,4,0
BRDA:236,1,5,0
BRDA:33,2,0,0
BRDA:33,2,1,0
BRDA:33,3,0,0
BRDA:33,3,1,0
BRDA:96,4,0,0
BRDA:96,4,1,0
BRDA:96,5,0,0
BRDA:96,5,1,0
BRDA:101,6,0,0
BRDA:101,6,1,0
BRDA:101,7,0,0
BRDA:101,7,1,0
BRDA:106,8,0,0
BRDA:106,8,1,0
BRDA:106,9,0,0
BRDA:106,9,1,0
BRDA:111,10,0,0
BRDA:111,10,1,0
BRDA:111,11,0,0
BRDA:111,11,1,0
BRDA:116,12,0,0
BRDA:116,12,1,0
BRDA:116,13,0,0
BRDA:116,13,1,0
BRDA:122,14,0,0
BRDA:122,14,1,0
BRDA:122,15,0,0
BRDA:122,15,1,0
BRDA:123,16,0,0
BRDA:123,16,1,0
BRDA:123,17,0,0
BRDA:123,17,1,0
BRDA:129,18,0,0
BRDA:129,18,1,0
BRDA:129,19,0,0
BRDA:129,19,1,0
BRDA:130,20,0,0
BRDA:130,20,1,0
BRDA:130,21,0,0
BRDA:130,21,1,0
BRDA:136,22,0,0
BRDA:136,22,1,0
BRDA:136,23,0,0
BRDA:136,23,1,0
BRDA:140,24,0,0
BRDA:140,24,1,0
BRDA:140,25,0,0
BRDA:140,25,1,0
BRDA:161,26,0,0
BRDA:161,26,1,0
BRDA:161,27,0,0
BRDA:161,27,1,0
BRDA:165,28,0,0
BRDA:165,28,1,0
BRDA:165,29,0,0
BRDA:165,29,1,0
BRDA:186,30,0,0
BRDA:186,30,1,0
BRDA:186,31,0,0
BRDA:186,31,1,0
BRDA:187,32,0,0
BRDA:187,32,1,0
BRDA:187,33,0,0
BRDA:187,33,1,0
BRDA:193,34,0,0
BRDA:193,34,1,0
BRDA:193,35,0,0
BRDA:193,35,1,0
BRDA:197,36,0,0
BRDA:197,36,1,0
BRDA:197,37,0,0
BRDA:197,37,1,0
BRDA:218,38,0,0
BRDA:218,38,1,0
BRDA:218,39,0,0
BRDA:218,39,1,0
BRDA:219,40,0,0
BRDA:219,40,1,0
BRDA:219,41,0,0
BRDA:219,41,1,0
BRDA:224,42,0,0
BRDA:224,42,1,0
BRDA:224,43,0,0
BRDA:224,43,1,0
BRDA:232,44,0,0
BRDA:232,44,1,0
BRDA:232,45,0,0
BRDA:232,45,1,0
BRDA:248,46,0,0
BRDA:248,46,1,0
BRDA:248,47,0,0
BRDA:248,47,1,0
BRDA:252,48,0,0
BRDA:252,48,1,0
BRDA:252,49,0,0
BRDA:252,49,1,0
BRDA:30,50,0,0
BRDA:30,50,1,0
BRDA:30,51,0,0
BRDA:30,51,1,0
BRF:108
BRH:0
end_of_record
TN:
SF:src/reportes/reportes.module.ts
FNF:0
FNH:0
DA:1,0
DA:2,0
DA:3,0
DA:4,0
DA:10,0
LF:5
LH:0
BRF:0
BRH:0
end_of_record
TN:
SF:src/reportes/reportes.service.ts
FN:37,(anonymous_11)
FN:42,(anonymous_12)
FN:47,(anonymous_13)
FN:51,(anonymous_14)
FN:55,(anonymous_15)
FN:61,(anonymous_16)
FN:95,(anonymous_17)
FN:110,(anonymous_18)
FN:134,(anonymous_19)
FN:150,(anonymous_20)
FN:219,(anonymous_21)
FN:258,(anonymous_22)
FN:298,(anonymous_23)
FN:317,(anonymous_24)
FN:324,(anonymous_25)
FN:326,(anonymous_26)
FN:364,(anonymous_27)
FN:375,(anonymous_28)
FN:377,(anonymous_29)
FN:380,(anonymous_30)
FN:382,(anonymous_31)
FN:390,(anonymous_32)
FN:405,(anonymous_33)
FN:454,(anonymous_34)
FN:455,(anonymous_35)
FN:457,(anonymous_36)
FN:459,(anonymous_37)
FN:460,(anonymous_38)
FN:462,(anonymous_39)
FN:484,(anonymous_40)
FN:504,(anonymous_41)
FN:532,(anonymous_42)
FN:533,(anonymous_43)
FN:534,(anonymous_44)
FN:535,(anonymous_45)
FN:539,(anonymous_46)
FN:562,(anonymous_47)
FN:563,(anonymous_48)
FN:565,(anonymous_49)
FN:566,(anonymous_50)
FN:580,(anonymous_51)
FN:581,(anonymous_52)
FN:585,(anonymous_53)
FN:591,(anonymous_54)
FN:597,(anonymous_55)
FN:600,(anonymous_56)
FN:601,(anonymous_57)
FN:606,(anonymous_58)
FN:609,(anonymous_59)
FN:610,(anonymous_60)
FN:631,(anonymous_61)
FN:632,(anonymous_62)
FN:640,(anonymous_63)
FN:653,(anonymous_64)
FN:674,(anonymous_65)
FN:707,(anonymous_66)
FN:708,(anonymous_67)
FN:709,(anonymous_68)
FN:710,(anonymous_69)
FN:712,(anonymous_70)
FN:717,(anonymous_71)
FN:730,(anonymous_72)
FN:734,(anonymous_73)
FN:750,(anonymous_74)
FN:761,(anonymous_75)
FN:762,(anonymous_76)
FN:767,(anonymous_77)
FN:768,(anonymous_78)
FN:794,(anonymous_79)
FN:802,(anonymous_80)
FN:808,(anonymous_81)
FN:819,(anonymous_82)
FN:838,(anonymous_83)
FN:878,(anonymous_84)
FN:879,(anonymous_85)
FN:880,(anonymous_86)
FN:881,(anonymous_87)
FN:883,(anonymous_88)
FN:886,(anonymous_89)
FN:891,(anonymous_90)
FN:904,(anonymous_91)
FN:908,(anonymous_92)
FN:931,(anonymous_93)
FN:973,(anonymous_94)
FN:981,(anonymous_95)
FN:987,(anonymous_96)
FN:998,(anonymous_97)
FN:1022,(anonymous_98)
FN:1065,(anonymous_99)
FN:1068,(anonymous_100)
FN:1103,(anonymous_101)
FN:1124,(anonymous_102)
FN:1164,(anonymous_103)
FN:1167,(anonymous_104)
FN:1202,(anonymous_105)
FN:1207,(anonymous_106)
FN:1207,(anonymous_107)
FN:1213,(anonymous_108)
FN:1234,(anonymous_109)
FN:1274,(anonymous_110)
FN:1277,(anonymous_111)
FN:1312,(anonymous_112)
FN:1328,(anonymous_113)
FN:1367,(anonymous_114)
FN:1370,(anonymous_115)
FNF:105
FNH:0
FNDA:0,(anonymous_11)
FNDA:0,(anonymous_12)
FNDA:0,(anonymous_13)
FNDA:0,(anonymous_14)
FNDA:0,(anonymous_15)
FNDA:0,(anonymous_16)
FNDA:0,(anonymous_17)
FNDA:0,(anonymous_18)
FNDA:0,(anonymous_19)
FNDA:0,(anonymous_20)
FNDA:0,(anonymous_21)
FNDA:0,(anonymous_22)
FNDA:0,(anonymous_23)
FNDA:0,(anonymous_24)
FNDA:0,(anonymous_25)
FNDA:0,(anonymous_26)
FNDA:0,(anonymous_27)
FNDA:0,(anonymous_28)
FNDA:0,(anonymous_29)
FNDA:0,(anonymous_30)
FNDA:0,(anonymous_31)
FNDA:0,(anonymous_32)
FNDA:0,(anonymous_33)
FNDA:0,(anonymous_34)
FNDA:0,(anonymous_35)
FNDA:0,(anonymous_36)
FNDA:0,(anonymous_37)
FNDA:0,(anonymous_38)
FNDA:0,(anonymous_39)
FNDA:0,(anonymous_40)
FNDA:0,(anonymous_41)
FNDA:0,(anonymous_42)
FNDA:0,(anonymous_43)
FNDA:0,(anonymous_44)
FNDA:0,(anonymous_45)
FNDA:0,(anonymous_46)
FNDA:0,(anonymous_47)
FNDA:0,(anonymous_48)
FNDA:0,(anonymous_49)
FNDA:0,(anonymous_50)
FNDA:0,(anonymous_51)
FNDA:0,(anonymous_52)
FNDA:0,(anonymous_53)
FNDA:0,(anonymous_54)
FNDA:0,(anonymous_55)
FNDA:0,(anonymous_56)
FNDA:0,(anonymous_57)
FNDA:0,(anonymous_58)
FNDA:0,(anonymous_59)
FNDA:0,(anonymous_60)
FNDA:0,(anonymous_61)
FNDA:0,(anonymous_62)
FNDA:0,(anonymous_63)
FNDA:0,(anonymous_64)
FNDA:0,(anonymous_65)
FNDA:0,(anonymous_66)
FNDA:0,(anonymous_67)
FNDA:0,(anonymous_68)
FNDA:0,(anonymous_69)
FNDA:0,(anonymous_70)
FNDA:0,(anonymous_71)
FNDA:0,(anonymous_72)
FNDA:0,(anonymous_73)
FNDA:0,(anonymous_74)
FNDA:0,(anonymous_75)
FNDA:0,(anonymous_76)
FNDA:0,(anonymous_77)
FNDA:0,(anonymous_78)
FNDA:0,(anonymous_79)
FNDA:0,(anonymous_80)
FNDA:0,(anonymous_81)
FNDA:0,(anonymous_82)
FNDA:0,(anonymous_83)
FNDA:0,(anonymous_84)
FNDA:0,(anonymous_85)
FNDA:0,(anonymous_86)
FNDA:0,(anonymous_87)
FNDA:0,(anonymous_88)
FNDA:0,(anonymous_89)
FNDA:0,(anonymous_90)
FNDA:0,(anonymous_91)
FNDA:0,(anonymous_92)
FNDA:0,(anonymous_93)
FNDA:0,(anonymous_94)
FNDA:0,(anonymous_95)
FNDA:0,(anonymous_96)
FNDA:0,(anonymous_97)
FNDA:0,(anonymous_98)
FNDA:0,(anonymous_99)
FNDA:0,(anonymous_100)
FNDA:0,(anonymous_101)
FNDA:0,(anonymous_102)
FNDA:0,(anonymous_103)
FNDA:0,(anonymous_104)
FNDA:0,(anonymous_105)
FNDA:0,(anonymous_106)
FNDA:0,(anonymous_107)
FNDA:0,(anonymous_108)
FNDA:0,(anonymous_109)
FNDA:0,(anonymous_110)
FNDA:0,(anonymous_111)
FNDA:0,(anonymous_112)
FNDA:0,(anonymous_113)
FNDA:0,(anonymous_114)
FNDA:0,(anonymous_115)
DA:1,0
DA:3,0
DA:4,0
DA:5,0
DA:21,0
DA:23,0
DA:29,0
DA:36,0
DA:38,0
DA:39,0
DA:45,0
DA:46,0
DA:47,0
DA:52,0
DA:56,0
DA:57,0
DA:58,0
DA:60,0
DA:61,0
DA:62,0
DA:64,0
DA:65,0
DA:66,0
DA:67,0
DA:68,0
DA:69,0
DA:72,0
DA:73,0
DA:74,0
DA:75,0
DA:76,0
DA:77,0
DA:80,0
DA:88,0
DA:96,0
DA:97,0
DA:98,0
DA:101,0
DA:102,0
DA:103,0
DA:104,0
DA:109,0
DA:111,0
DA:120,0
DA:134,0
DA:135,0
DA:136,0
DA:137,0
DA:138,0
DA:141,0
DA:143,0
DA:151,0
DA:152,0
DA:155,0
DA:167,0
DA:168,0
DA:176,0
DA:178,0
DA:179,0
DA:180,0
DA:182,0
DA:183,0
DA:184,0
DA:187,0
DA:191,0
DA:192,0
DA:193,0
DA:196,0
DA:210,0
DA:212,0
DA:220,0
DA:221,0
DA:223,0
DA:230,0
DA:231,0
DA:233,0
DA:234,0
DA:235,0
DA:236,0
DA:239,0
DA:240,0
DA:243,0
DA:251,0
DA:259,0
DA:260,0
DA:261,0
DA:263,0
DA:264,0
DA:265,0
DA:267,0
DA:268,0
DA:269,0
DA:270,0
DA:272,0
DA:273,0
DA:274,0
DA:275,0
DA:277,0
DA:278,0
DA:279,0
DA:280,0
DA:282,0
DA:283,0
DA:284,0
DA:285,0
DA:289,0
DA:291,0
DA:307,0
DA:312,0
DA:313,0
DA:314,0
DA:318,0
DA:319,0
DA:324,0
DA:326,0
DA:328,0
DA:329,0
DA:330,0
DA:331,0
DA:335,0
DA:336,0
DA:337,0
DA:340,0
DA:341,0
DA:342,0
DA:343,0
DA:344,0
DA:349,0
DA:355,0
DA:357,0
DA:368,0
DA:369,0
DA:375,0
DA:376,0
DA:377,0
DA:380,0
DA:382,0
DA:383,0
DA:384,0
DA:390,0
DA:398,0
DA:408,0
DA:409,0
DA:411,0
DA:413,0
DA:414,0
DA:416,0
DA:417,0
DA:419,0
DA:420,0
DA:423,0
DA:424,0
DA:425,0
DA:434,0
DA:436,0
DA:441,0
DA:442,0
DA:446,0
DA:454,0
DA:455,0
DA:456,0
DA:457,0
DA:459,0
DA:460,0
DA:462,0
DA:477,0
DA:487,0
DA:495,0
DA:499,0
DA:500,0
DA:504,0
DA:505,0
DA:506,0
DA:511,0
DA:512,0
DA:516,0
DA:517,0
DA:522,0
DA:532,0
DA:533,0
DA:534,0
DA:535,0
DA:538,0
DA:540,0
DA:541,0
DA:543,0
DA:545,0
DA:546,0
DA:547,0
DA:548,0
DA:549,0
DA:551,0
DA:552,0
DA:558,0
DA:561,0
DA:562,0
DA:563,0
DA:564,0
DA:565,0
DA:566,0
DA:568,0
DA:569,0
DA:571,0
DA:580,0
DA:583,0
DA:584,0
DA:585,0
DA:587,0
DA:589,0
DA:590,0
DA:591,0
DA:593,0
DA:595,0
DA:596,0
DA:597,0
DA:599,0
DA:600,0
DA:601,0
DA:602,0
DA:604,0
DA:605,0
DA:606,0
DA:608,0
DA:609,0
DA:610,0
DA:611,0
DA:613,0
DA:614,0
DA:615,0
DA:618,0
DA:619,0
DA:622,0
DA:623,0
DA:626,0
DA:630,0
DA:631,0
DA:632,0
DA:633,0
DA:634,0
DA:635,0
DA:636,0
DA:640,0
DA:641,0
DA:644,0
DA:646,0
DA:656,0
DA:665,0
DA:669,0
DA:670,0
DA:674,0
DA:675,0
DA:676,0
DA:681,0
DA:682,0
DA:686,0
DA:687,0
DA:697,0
DA:707,0
DA:708,0
DA:709,0
DA:710,0
DA:711,0
DA:712,0
DA:716,0
DA:718,0
DA:719,0
DA:721,0
DA:722,0
DA:724,0
DA:730,0
DA:734,0
DA:752,0
DA:753,0
DA:754,0
DA:758,0
DA:759,0
DA:760,0
DA:761,0
DA:762,0
DA:763,0
DA:765,0
DA:766,0
DA:767,0
DA:768,0
DA:769,0
DA:771,0
DA:772,0
DA:776,0
DA:778,0
DA:779,0
DA:780,0
DA:781,0
DA:783,0
DA:787,0
DA:789,0
DA:795,0
DA:796,0
DA:797,0
DA:798,0
DA:802,0
DA:803,0
DA:807,0
DA:809,0
DA:812,0
DA:822,0
DA:829,0
DA:833,0
DA:834,0
DA:838,0
DA:839,0
DA:840,0
DA:845,0
DA:846,0
DA:855,0
DA:856,0
DA:867,0
DA:878,0
DA:879,0
DA:880,0
DA:881,0
DA:882,0
DA:883,0
DA:885,0
DA:886,0
DA:890,0
DA:892,0
DA:893,0
DA:895,0
DA:896,0
DA:898,0
DA:904,0
DA:908,0
DA:933,0
DA:934,0
DA:935,0
DA:936,0
DA:941,0
DA:943,0
DA:944,0
DA:949,0
DA:951,0
DA:952,0
DA:953,0
DA:956,0
DA:959,0
DA:961,0
DA:965,0
DA:967,0
DA:974,0
DA:975,0
DA:976,0
DA:977,0
DA:981,0
DA:982,0
DA:986,0
DA:988,0
DA:991,0
DA:1003,0
DA:1004,0
DA:1006,0
DA:1022,0
DA:1038,0
DA:1039,0
DA:1040,0
DA:1043,0
DA:1049,0
DA:1050,0
DA:1051,0
DA:1052,0
DA:1053,0
DA:1058,0
DA:1059,0
DA:1060,0
DA:1061,0
DA:1062,0
DA:1065,0
DA:1066,0
DA:1068,0
DA:1070,0
DA:1072,0
DA:1074,0
DA:1077,0
DA:1078,0
DA:1094,0
DA:1096,0
DA:1108,0
DA:1109,0
DA:1111,0
DA:1124,0
DA:1137,0
DA:1138,0
DA:1139,0
DA:1142,0
DA:1148,0
DA:1149,0
DA:1150,0
DA:1151,0
DA:1152,0
DA:1157,0
DA:1158,0
DA:1159,0
DA:1160,0
DA:1161,0
DA:1164,0
DA:1165,0
DA:1167,0
DA:1169,0
DA:1171,0
DA:1173,0
DA:1176,0
DA:1177,0
DA:1193,0
DA:1195,0
DA:1203,0
DA:1204,0
DA:1205,0
DA:1206,0
DA:1207,0
DA:1209,0
DA:1218,0
DA:1219,0
DA:1221,0
DA:1234,0
DA:1247,0
DA:1248,0
DA:1249,0
DA:1252,0
DA:1258,0
DA:1259,0
DA:1260,0
DA:1261,0
DA:1262,0
DA:1267,0
DA:1268,0
DA:1269,0
DA:1270,0
DA:1271,0
DA:1274,0
DA:1275,0
DA:1277,0
DA:1279,0
DA:1281,0
DA:1283,0
DA:1286,0
DA:1287,0
DA:1303,0
DA:1305,0
DA:1317,0
DA:1318,0
DA:1320,0
DA:1328,0
DA:1336,0
DA:1337,0
DA:1338,0
DA:1345,0
DA:1351,0
DA:1352,0
DA:1353,0
DA:1354,0
DA:1355,0
DA:1360,0
DA:1361,0
DA:1362,0
DA:1363,0
DA:1364,0
DA:1367,0
DA:1368,0
DA:1370,0
DA:1372,0
DA:1374,0
DA:1376,0
DA:1379,0
DA:1380,0
DA:1396,0
DA:1398,0
LF:475
LH:0
BRDA:67,0,0,0
BRDA:67,0,1,0
BRDA:68,1,0,0
BRDA:68,1,1,0
BRDA:69,2,0,0
BRDA:69,2,1,0
BRDA:75,3,0,0
BRDA:75,3,1,0
BRDA:76,4,0,0
BRDA:76,4,1,0
BRDA:77,5,0,0
BRDA:77,5,1,0
BRDA:103,6,0,0
BRDA:103,6,1,0
BRDA:123,7,0,0
BRDA:123,7,1,0
BRDA:124,8,0,0
BRDA:124,8,1,0
BRDA:128,9,0,0
BRDA:128,9,1,0
BRDA:135,10,0,0
BRDA:135,10,1,0
BRDA:135,11,0,0
BRDA:135,11,1,0
BRDA:136,12,0,0
BRDA:136,12,1,0
BRDA:137,13,0,0
BRDA:137,13,1,0
BRDA:168,14,0,0
BRDA:168,14,1,0
BRDA:178,15,0,0
BRDA:178,15,1,0
BRDA:179,16,0,0
BRDA:179,16,1,0
BRDA:180,17,0,0
BRDA:180,17,1,0
BRDA:182,18,0,0
BRDA:182,18,1,0
BRDA:198,19,0,0
BRDA:198,19,1,0
BRDA:204,20,0,0
BRDA:204,20,1,0
BRDA:235,21,0,0
BRDA:235,21,1,0
BRDA:235,22,0,0
BRDA:235,22,1,0
BRDA:239,23,0,0
BRDA:239,23,1,0
BRDA:240,24,0,0
BRDA:240,24,1,0
BRDA:272,25,0,0
BRDA:272,25,1,0
BRDA:273,26,0,0
BRDA:273,26,1,0
BRDA:274,27,0,0
BRDA:274,27,1,0
BRDA:275,28,0,0
BRDA:275,28,1,0
BRDA:277,29,0,0
BRDA:277,29,1,0
BRDA:278,30,0,0
BRDA:278,30,1,0
BRDA:279,31,0,0
BRDA:279,31,1,0
BRDA:280,32,0,0
BRDA:280,32,1,0
BRDA:282,33,0,0
BRDA:282,33,1,0
BRDA:283,34,0,0
BRDA:283,34,1,0
BRDA:284,35,0,0
BRDA:284,35,1,0
BRDA:285,36,0,0
BRDA:285,36,1,0
BRDA:308,37,0,0
BRDA:308,37,1,0
BRDA:308,38,0,0
BRDA:308,38,1,0
BRDA:309,39,0,0
BRDA:309,39,1,0
BRDA:309,40,0,0
BRDA:309,40,1,0
BRDA:310,41,0,0
BRDA:310,41,1,0
BRDA:310,42,0,0
BRDA:310,42,1,0
BRDA:312,43,0,0
BRDA:312,43,1,0
BRDA:313,44,0,0
BRDA:313,44,1,0
BRDA:313,45,0,0
BRDA:313,45,1,0
BRDA:385,46,0,0
BRDA:385,46,1,0
BRDA:393,47,0,0
BRDA:393,47,1,0
BRDA:413,48,0,0
BRDA:413,48,1,0
BRDA:416,49,0,0
BRDA:416,49,1,0
BRDA:419,50,0,0
BRDA:419,50,1,0
BRDA:423,51,0,0
BRDA:423,51,1,0
BRDA:434,52,0,0
BRDA:434,52,1,0
BRDA:441,53,0,0
BRDA:441,53,1,0
BRDA:466,54,0,0
BRDA:466,54,1,0
BRDA:467,55,0,0
BRDA:467,55,1,0
BRDA:468,56,0,0
BRDA:468,56,1,0
BRDA:469,57,0,0
BRDA:469,57,1,0
BRDA:471,58,0,0
BRDA:471,58,1,0
BRDA:472,59,0,0
BRDA:472,59,1,0
BRDA:473,60,0,0
BRDA:473,60,1,0
BRDA:474,61,0,0
BRDA:474,61,1,0
BRDA:499,62,0,0
BRDA:499,62,1,0
BRDA:505,63,0,0
BRDA:505,63,1,0
BRDA:511,64,0,0
BRDA:511,64,1,0
BRDA:516,65,0,0
BRDA:516,65,1,0
BRDA:524,66,0,0
BRDA:524,66,1,0
BRDA:541,67,0,0
BRDA:541,67,1,0
BRDA:548,68,0,0
BRDA:548,68,1,0
BRDA:551,69,0,0
BRDA:551,69,1,0
BRDA:568,70,0,0
BRDA:568,70,1,0
BRDA:569,71,0,0
BRDA:569,71,1,0
BRDA:574,72,0,0
BRDA:574,72,1,0
BRDA:577,73,0,0
BRDA:577,73,1,0
BRDA:583,74,0,0
BRDA:583,74,1,0
BRDA:587,75,0,0
BRDA:587,75,1,0
BRDA:589,76,0,0
BRDA:589,76,1,0
BRDA:593,77,0,0
BRDA:593,77,1,0
BRDA:595,78,0,0
BRDA:595,78,1,0
BRDA:602,79,0,0
BRDA:602,79,1,0
BRDA:604,80,0,0
BRDA:604,80,1,0
BRDA:611,81,0,0
BRDA:611,81,1,0
BRDA:613,82,0,0
BRDA:613,82,1,0
BRDA:622,83,0,0
BRDA:622,83,1,0
BRDA:622,84,0,0
BRDA:622,84,1,0
BRDA:622,84,2,0
BRDA:633,85,0,0
BRDA:633,85,1,0
BRDA:633,86,0,0
BRDA:633,86,1,0
BRDA:634,87,0,0
BRDA:634,87,1,0
BRDA:669,88,0,0
BRDA:669,88,1,0
BRDA:675,89,0,0
BRDA:675,89,1,0
BRDA:681,90,0,0
BRDA:681,90,1,0
BRDA:686,91,0,0
BRDA:686,91,1,0
BRDA:699,92,0,0
BRDA:699,92,1,0
BRDA:719,93,0,0
BRDA:719,93,1,0
BRDA:728,94,0,0
BRDA:728,94,1,0
BRDA:737,95,0,0
BRDA:737,95,1,0
BRDA:738,96,0,0
BRDA:738,96,1,0
BRDA:738,97,0,0
BRDA:738,97,1,0
BRDA:740,98,0,0
BRDA:740,98,1,0
BRDA:740,99,0,0
BRDA:740,99,1,0
BRDA:743,100,0,0
BRDA:743,100,1,0
BRDA:752,101,0,0
BRDA:752,101,1,0
BRDA:752,102,0,0
BRDA:752,102,1,0
BRDA:754,103,0,0
BRDA:754,103,1,0
BRDA:755,104,0,0
BRDA:755,104,1,0
BRDA:759,105,0,0
BRDA:759,105,1,0
BRDA:763,106,0,0
BRDA:763,106,1,0
BRDA:765,107,0,0
BRDA:765,107,1,0
BRDA:769,108,0,0
BRDA:769,108,1,0
BRDA:771,109,0,0
BRDA:771,109,1,0
BRDA:772,110,0,0
BRDA:772,110,1,0
BRDA:773,111,0,0
BRDA:773,111,1,0
BRDA:778,112,0,0
BRDA:778,112,1,0
BRDA:780,113,0,0
BRDA:780,113,1,0
BRDA:796,114,0,0
BRDA:796,114,1,0
BRDA:833,115,0,0
BRDA:833,115,1,0
BRDA:839,116,0,0
BRDA:839,116,1,0
BRDA:845,117,0,0
BRDA:845,117,1,0
BRDA:855,118,0,0
BRDA:855,118,1,0
BRDA:869,119,0,0
BRDA:869,119,1,0
BRDA:893,120,0,0
BRDA:893,120,1,0
BRDA:902,121,0,0
BRDA:902,121,1,0
BRDA:911,122,0,0
BRDA:911,122,1,0
BRDA:911,123,0,0
BRDA:911,123,1,0
BRDA:913,124,0,0
BRDA:913,124,1,0
BRDA:913,125,0,0
BRDA:913,125,1,0
BRDA:914,126,0,0
BRDA:914,126,1,0
BRDA:915,127,0,0
BRDA:915,127,1,0
BRDA:916,128,0,0
BRDA:916,128,1,0
BRDA:917,129,0,0
BRDA:917,129,1,0
BRDA:919,130,0,0
BRDA:919,130,1,0
BRDA:920,131,0,0
BRDA:920,131,1,0
BRDA:922,132,0,0
BRDA:922,132,1,0
BRDA:923,133,0,0
BRDA:923,133,1,0
BRDA:933,134,0,0
BRDA:933,134,1,0
BRDA:933,135,0,0
BRDA:933,135,1,0
BRDA:935,136,0,0
BRDA:935,136,1,0
BRDA:936,137,0,0
BRDA:936,137,1,0
BRDA:937,138,0,0
BRDA:937,138,1,0
BRDA:943,139,0,0
BRDA:943,139,1,0
BRDA:944,140,0,0
BRDA:944,140,1,0
BRDA:945,141,0,0
BRDA:945,141,1,0
BRDA:951,142,0,0
BRDA:951,142,1,0
BRDA:956,143,0,0
BRDA:956,143,1,0
BRDA:959,144,0,0
BRDA:959,144,1,0
BRDA:959,145,0,0
BRDA:959,145,1,0
BRDA:975,146,0,0
BRDA:975,146,1,0
BRDA:1023,147,0,0
BRDA:1023,147,1,0
BRDA:1028,148,0,0
BRDA:1028,148,1,0
BRDA:1029,149,0,0
BRDA:1029,149,1,0
BRDA:1030,150,0,0
BRDA:1030,150,1,0
BRDA:1031,151,0,0
BRDA:1031,151,1,0
BRDA:1032,152,0,0
BRDA:1032,152,1,0
BRDA:1033,153,0,0
BRDA:1033,153,1,0
BRDA:1034,154,0,0
BRDA:1034,154,1,0
BRDA:1035,155,0,0
BRDA:1035,155,1,0
BRDA:1049,156,0,0
BRDA:1049,156,1,0
BRDA:1052,157,0,0
BRDA:1052,157,1,0
BRDA:1068,158,0,0
BRDA:1068,158,1,0
BRDA:1077,159,0,0
BRDA:1077,159,1,0
BRDA:1084,160,0,0
BRDA:1084,160,1,0
BRDA:1129,161,0,0
BRDA:1129,161,1,0
BRDA:1130,162,0,0
BRDA:1130,162,1,0
BRDA:1131,163,0,0
BRDA:1131,163,1,0
BRDA:1132,164,0,0
BRDA:1132,164,1,0
BRDA:1133,165,0,0
BRDA:1133,165,1,0
BRDA:1134,166,0,0
BRDA:1134,166,1,0
BRDA:1148,167,0,0
BRDA:1148,167,1,0
BRDA:1151,168,0,0
BRDA:1151,168,1,0
BRDA:1167,169,0,0
BRDA:1167,169,1,0
BRDA:1176,170,0,0
BRDA:1176,170,1,0
BRDA:1183,171,0,0
BRDA:1183,171,1,0
BRDA:1203,172,0,0
BRDA:1203,172,1,0
BRDA:1206,173,0,0
BRDA:1206,173,1,0
BRDA:1244,174,0,0
BRDA:1244,174,1,0
BRDA:1258,175,0,0
BRDA:1258,175,1,0
BRDA:1261,176,0,0
BRDA:1261,176,1,0
BRDA:1277,177,0,0
BRDA:1277,177,1,0
BRDA:1286,178,0,0
BRDA:1286,178,1,0
BRDA:1293,179,0,0
BRDA:1293,179,1,0
BRDA:1333,180,0,0
BRDA:1333,180,1,0
BRDA:1351,181,0,0
BRDA:1351,181,1,0
BRDA:1354,182,0,0
BRDA:1354,182,1,0
BRDA:1370,183,0,0
BRDA:1370,183,1,0
BRDA:1379,184,0,0
BRDA:1379,184,1,0
BRDA:1386,185,0,0
BRDA:1386,185,1,0
BRDA:38,186,0,0
BRDA:38,186,1,0
BRDA:38,187,0,0
BRDA:38,187,1,0
BRDA:38,188,0,0
BRDA:38,188,1,0
BRDA:38,189,0,0
BRDA:38,189,1,0
BRF:381
BRH:0
end_of_record
TN:
SF:src/reportes/dto/reporte-response.dto.ts
FNF:0
FNH:0
DA:1,0
DA:7,0
DA:15,0
DA:26,0
DA:36,0
DA:41,0
DA:47,0
DA:61,0
DA:65,0
DA:74,0
DA:88,0
DA:93,0
DA:100,0
DA:108,0
LF:14
LH:0
BRF:0
BRH:0
end_of_record
TN:
SF:src/usuarios/usuarios.controller.ts
FN:18,(anonymous_4)
FN:21,(anonymous_5)
FN:27,(anonymous_6)
FN:33,(anonymous_7)
FN:39,(anonymous_8)
FN:46,(anonymous_9)
FNF:6
FNH:0
FNDA:0,(anonymous_4)
FNDA:0,(anonymous_5)
FNDA:0,(anonymous_6)
FNDA:0,(anonymous_7)
FNDA:0,(anonymous_8)
FNDA:0,(anonymous_9)
DA:1,0
DA:11,0
DA:12,0
DA:13,0
DA:14,0
DA:17,0
DA:18,0
DA:21,0
DA:22,0
DA:27,0
DA:28,0
DA:33,0
DA:34,0
DA:39,0
DA:40,0
DA:46,0
DA:47,0
LF:17
LH:0
BRDA:27,0,0,0
BRDA:27,0,1,0
BRDA:27,1,0,0
BRDA:27,1,1,0
BRDA:33,2,0,0
BRDA:33,2,1,0
BRDA:33,3,0,0
BRDA:33,3,1,0
BRDA:18,4,0,0
BRDA:18,4,1,0
BRDA:18,5,0,0
BRDA:18,5,1,0
BRF:12
BRH:0
end_of_record
TN:
SF:src/usuarios/usuarios.module.ts
FNF:0
FNH:0
DA:1,0
DA:2,0
DA:3,0
DA:4,0
DA:5,0
DA:12,0
LF:6
LH:0
BRF:0
BRH:0
end_of_record
TN:
SF:src/usuarios/usuarios.service.ts
FN:26,(anonymous_11)
FN:31,(anonymous_12)
FN:37,(anonymous_13)
FN:44,(anonymous_14)
FN:85,(anonymous_15)
FN:140,(anonymous_16)
FN:174,(anonymous_17)
FNF:7
FNH:0
FNDA:0,(anonymous_11)
FNDA:0,(anonymous_12)
FNDA:0,(anonymous_13)
FNDA:0,(anonymous_14)
FNDA:0,(anonymous_15)
FNDA:0,(anonymous_16)
FNDA:0,(anonymous_17)
DA:1,0
DA:2,0
DA:3,0
DA:4,0
DA:5,0
DA:9,0
DA:23,0
DA:24,0
DA:27,0
DA:28,0
DA:32,0
DA:38,0
DA:45,0
DA:46,0
DA:48,0
DA:60,0
DA:61,0
DA:68,0
DA:73,0
DA:74,0
DA:77,0
DA:82,0
DA:86,0
DA:90,0
DA:91,0
DA:94,0
DA:95,0
DA:96,0
DA:97,0
DA:98,0
DA:99,0
DA:100,0
DA:103,0
DA:110,0
DA:111,0
DA:112,0
DA:117,0
DA:118,0
DA:124,0
DA:125,0
DA:131,0
DA:137,0
DA:141,0
DA:145,0
DA:146,0
DA:149,0
DA:150,0
DA:152,0
DA:161,0
DA:162,0
DA:163,0
DA:165,0
DA:171,0
DA:175,0
DA:179,0
DA:180,0
DA:183,0
DA:188,0
DA:189,0
DA:190,0
DA:192,0
LF:61
LH:0
BRDA:52,0,0,0
BRDA:52,0,1,0
BRDA:73,1,0,0
BRDA:73,1,1,0
BRDA:73,2,0,0
BRDA:73,2,1,0
BRDA:90,3,0,0
BRDA:90,3,1,0
BRDA:95,4,0,0
BRDA:95,4,1,0
BRDA:96,5,0,0
BRDA:96,5,1,0
BRDA:97,6,0,0
BRDA:97,6,1,0
BRDA:98,7,0,0
BRDA:98,7,1,0
BRDA:110,8,0,0
BRDA:110,8,1,0
BRDA:117,9,0,0
BRDA:117,9,1,0
BRDA:124,10,0,0
BRDA:124,10,1,0
BRDA:145,11,0,0
BRDA:145,11,1,0
BRDA:161,12,0,0
BRDA:161,12,1,0
BRDA:179,13,0,0
BRDA:179,13,1,0
BRDA:188,14,0,0
BRDA:188,14,1,0
BRDA:27,15,0,0
BRDA:27,15,1,0
BRDA:27,16,0,0
BRDA:27,16,1,0
BRDA:27,17,0,0
BRDA:27,17,1,0
BRDA:27,18,0,0
BRDA:27,18,1,0
BRF:38
BRH:0
end_of_record
TN:
SF:src/usuarios/dto/create-usuario.dto.ts
FNF:0
FNH:0
DA:1,0
DA:9,0
DA:11,0
DA:14,0
DA:17,0
DA:25,0
LF:6
LH:0
BRF:0
BRH:0
end_of_record
TN:
SF:src/usuarios/dto/update-usuario.dto.ts
FN:15,(anonymous_2)
FNF:1
FNH:0
FNDA:0,(anonymous_2)
DA:1,0
DA:11,0
DA:13,0
DA:15,0
DA:17,0
DA:22,0
DA:26,0
DA:34,0
LF:8
LH:0
BRDA:15,0,0,0
BRDA:15,0,1,0
BRF:2
BRH:0
end_of_record
TN:
SF:src/usuarios/dto/usuario.dto.ts
FNF:0
FNH:0
DA:1,0
LF:1
LH:0
BRF:0
BRH:0
end_of_record
TN:
SF:src/valoraciones/calculo-riesgo.service.ts
FN:34,deriveNivelRiesgo
FN:46,deriveMetodoTratamiento
FN:58,deriveTipoControl
FN:77,calculateRiesgo
FNF:4
FNH:0
FNDA:0,deriveNivelRiesgo
FNDA:0,deriveMetodoTratamiento
FNDA:0,deriveTipoControl
FNDA:0,calculateRiesgo
DA:21,0
DA:38,0
DA:39,0
DA:40,0
DA:50,0
DA:62,0
DA:63,0
DA:64,0
DA:77,0
DA:85,0
DA:86,0
DA:87,0
DA:88,0
DA:90,0
DA:101,0
DA:106,0
DA:107,0
DA:112,0
DA:116,0
DA:117,0
DA:118,0
DA:121,0
LF:22
LH:0
BRDA:38,0,0,0
BRDA:38,0,1,0
BRDA:39,1,0,0
BRDA:39,1,1,0
BRDA:50,2,0,0
BRDA:50,2,1,0
BRDA:62,3,0,0
BRDA:62,3,1,0
BRDA:63,4,0,0
BRDA:63,4,1,0
BRDA:83,5,0,0
BRDA:101,6,0,0
BRDA:101,6,1,0
BRDA:102,7,0,0
BRDA:102,7,1,0
BRDA:112,8,0,0
BRDA:112,8,1,0
BRF:17
BRH:0
end_of_record
TN:
SF:src/valoraciones/valoraciones.controller.ts
FN:22,(anonymous_4)
FN:25,(anonymous_5)
FN:30,(anonymous_6)
FN:36,(anonymous_7)
FN:46,(anonymous_8)
FN:57,(anonymous_9)
FN:67,(anonymous_10)
FN:73,(anonymous_11)
FNF:8
FNH:0
FNDA:0,(anonymous_4)
FNDA:0,(anonymous_5)
FNDA:0,(anonymous_6)
FNDA:0,(anonymous_7)
FNDA:0,(anonymous_8)
FNDA:0,(anonymous_9)
FNDA:0,(anonymous_10)
FNDA:0,(anonymous_11)
DA:1,0
DA:13,0
DA:14,0
DA:15,0
DA:16,0
DA:17,0
DA:18,0
DA:21,0
DA:22,0
DA:25,0
DA:26,0
DA:30,0
DA:31,0
DA:36,0
DA:41,0
DA:46,0
DA:52,0
DA:57,0
DA:62,0
DA:67,0
DA:68,0
DA:73,0
DA:74,0
LF:23
LH:0
BRDA:37,0,0,0
BRDA:37,0,1,0
BRDA:37,1,0,0
BRDA:37,1,1,0
BRDA:48,2,0,0
BRDA:48,2,1,0
BRDA:48,3,0,0
BRDA:48,3,1,0
BRDA:60,4,0,0
BRDA:60,4,1,0
BRDA:60,5,0,0
BRDA:60,5,1,0
BRDA:22,6,0,0
BRDA:22,6,1,0
BRDA:22,7,0,0
BRDA:22,7,1,0
BRF:16
BRH:0
end_of_record
TN:
SF:src/valoraciones/valoraciones.module.ts
FNF:0
FNH:0
DA:1,0
DA:2,0
DA:3,0
DA:4,0
DA:5,0
DA:12,0
LF:6
LH:0
BRF:0
BRH:0
end_of_record
TN:
SF:src/valoraciones/valoraciones.service.ts
FN:22,(anonymous_2)
FN:28,(anonymous_3)
FN:32,(anonymous_4)
FN:35,(anonymous_5)
FN:43,(anonymous_6)
FN:91,(anonymous_7)
FN:98,(anonymous_8)
FN:106,(anonymous_9)
FN:107,(anonymous_10)
FN:111,(anonymous_11)
FN:120,(anonymous_12)
FN:129,(anonymous_13)
FN:132,(anonymous_14)
FN:135,(anonymous_15)
FN:149,(anonymous_16)
FN:154,(anonymous_17)
FN:155,(anonymous_18)
FN:159,(anonymous_19)
FN:193,(anonymous_20)
FN:264,(anonymous_21)
FN:271,(anonymous_22)
FN:279,(anonymous_23)
FN:280,(anonymous_24)
FN:284,(anonymous_25)
FN:293,(anonymous_26)
FN:302,(anonymous_27)
FN:305,(anonymous_28)
FN:308,(anonymous_29)
FN:325,(anonymous_30)
FN:332,(anonymous_31)
FN:333,(anonymous_32)
FN:337,(anonymous_33)
FN:358,(anonymous_34)
FN:396,(anonymous_35)
FN:409,(anonymous_36)
FN:452,(anonymous_37)
FN:459,(anonymous_38)
FN:468,(anonymous_39)
FN:477,(anonymous_40)
FN:487,(anonymous_41)
FN:518,(anonymous_42)
FN:523,(anonymous_43)
FN:524,(anonymous_44)
FN:528,(anonymous_45)
FN:544,(anonymous_46)
FN:631,(anonymous_47)
FN:668,(anonymous_48)
FN:683,(anonymous_49)
FNF:48
FNH:0
FNDA:0,(anonymous_2)
FNDA:0,(anonymous_3)
FNDA:0,(anonymous_4)
FNDA:0,(anonymous_5)
FNDA:0,(anonymous_6)
FNDA:0,(anonymous_7)
FNDA:0,(anonymous_8)
FNDA:0,(anonymous_9)
FNDA:0,(anonymous_10)
FNDA:0,(anonymous_11)
FNDA:0,(anonymous_12)
FNDA:0,(anonymous_13)
FNDA:0,(anonymous_14)
FNDA:0,(anonymous_15)
FNDA:0,(anonymous_16)
FNDA:0,(anonymous_17)
FNDA:0,(anonymous_18)
FNDA:0,(anonymous_19)
FNDA:0,(anonymous_20)
FNDA:0,(anonymous_21)
FNDA:0,(anonymous_22)
FNDA:0,(anonymous_23)
FNDA:0,(anonymous_24)
FNDA:0,(anonymous_25)
FNDA:0,(anonymous_26)
FNDA:0,(anonymous_27)
FNDA:0,(anonymous_28)
FNDA:0,(anonymous_29)
FNDA:0,(anonymous_30)
FNDA:0,(anonymous_31)
FNDA:0,(anonymous_32)
FNDA:0,(anonymous_33)
FNDA:0,(anonymous_34)
FNDA:0,(anonymous_35)
FNDA:0,(anonymous_36)
FNDA:0,(anonymous_37)
FNDA:0,(anonymous_38)
FNDA:0,(anonymous_39)
FNDA:0,(anonymous_40)
FNDA:0,(anonymous_41)
FNDA:0,(anonymous_42)
FNDA:0,(anonymous_43)
FNDA:0,(anonymous_44)
FNDA:0,(anonymous_45)
FNDA:0,(anonymous_46)
FNDA:0,(anonymous_47)
FNDA:0,(anonymous_48)
FNDA:0,(anonymous_49)
DA:1,0
DA:3,0
DA:9,0
DA:16,0
DA:17,0
DA:18,0
DA:21,0
DA:23,0
DA:24,0
DA:25,0
DA:29,0
DA:32,0
DA:36,0
DA:39,0
DA:40,0
DA:48,0
DA:49,0
DA:53,0
DA:58,0
DA:59,0
DA:60,0
DA:65,0
DA:71,0
DA:83,0
DA:90,0
DA:92,0
DA:97,0
DA:99,0
DA:106,0
DA:107,0
DA:110,0
DA:112,0
DA:119,0
DA:121,0
DA:128,0
DA:129,0
DA:131,0
DA:132,0
DA:135,0
DA:136,0
DA:148,0
DA:149,0
DA:153,0
DA:154,0
DA:155,0
DA:156,0
DA:157,0
DA:158,0
DA:159,0
DA:161,0
DA:162,0
DA:173,0
DA:174,0
DA:190,0
DA:199,0
DA:200,0
DA:201,0
DA:205,0
DA:211,0
DA:212,0
DA:216,0
DA:231,0
DA:232,0
DA:233,0
DA:238,0
DA:244,0
DA:256,0
DA:263,0
DA:265,0
DA:270,0
DA:272,0
DA:279,0
DA:280,0
DA:283,0
DA:285,0
DA:292,0
DA:294,0
DA:301,0
DA:302,0
DA:304,0
DA:305,0
DA:308,0
DA:309,0
DA:321,0
DA:326,0
DA:331,0
DA:332,0
DA:333,0
DA:334,0
DA:335,0
DA:336,0
DA:337,0
DA:339,0
DA:340,0
DA:350,0
DA:364,0
DA:367,0
DA:368,0
DA:372,0
DA:375,0
DA:376,0
DA:377,0
DA:379,0
DA:380,0
DA:386,0
DA:397,0
DA:398,0
DA:401,0
DA:410,0
DA:413,0
DA:415,0
DA:419,0
DA:420,0
DA:424,0
DA:436,0
DA:443,0
DA:444,0
DA:445,0
DA:451,0
DA:453,0
DA:458,0
DA:460,0
DA:467,0
DA:469,0
DA:476,0
DA:478,0
DA:487,0
DA:488,0
DA:502,0
DA:514,0
DA:518,0
DA:522,0
DA:523,0
DA:524,0
DA:525,0
DA:526,0
DA:527,0
DA:528,0
DA:530,0
DA:531,0
DA:541,0
DA:554,0
DA:606,0
DA:607,0
DA:608,0
DA:616,0
DA:617,0
DA:618,0
DA:619,0
DA:620,0
DA:621,0
DA:622,0
DA:624,0
DA:634,0
DA:642,0
DA:644,0
DA:656,0
DA:658,0
DA:672,0
DA:673,0
DA:674,0
DA:675,0
DA:676,0
DA:677,0
DA:680,0
DA:699,0
DA:719,0
DA:724,0
LF:168
LH:0
BRDA:39,0,0,0
BRDA:39,0,1,0
BRDA:51,1,0,0
BRDA:51,1,1,0
BRDA:65,2,0,0
BRDA:65,2,1,0
BRDA:66,3,0,0
BRDA:66,3,1,0
BRDA:66,3,2,0
BRDA:83,4,0,0
BRDA:83,4,1,0
BRDA:83,5,0,0
BRDA:83,5,1,0
BRDA:83,5,2,0
BRDA:92,6,0,0
BRDA:92,6,1,0
BRDA:99,7,0,0
BRDA:99,7,1,0
BRDA:106,8,0,0
BRDA:106,8,1,0
BRDA:107,9,0,0
BRDA:107,9,1,0
BRDA:112,10,0,0
BRDA:112,10,1,0
BRDA:121,11,0,0
BRDA:121,11,1,0
BRDA:129,12,0,0
BRDA:129,12,1,0
BRDA:132,13,0,0
BRDA:132,13,1,0
BRDA:154,14,0,0
BRDA:154,14,1,0
BRDA:156,15,0,0
BRDA:156,15,1,0
BRDA:161,16,0,0
BRDA:161,16,1,0
BRDA:161,17,0,0
BRDA:161,17,1,0
BRDA:173,18,0,0
BRDA:173,18,1,0
BRDA:180,19,0,0
BRDA:180,19,1,0
BRDA:203,20,0,0
BRDA:203,20,1,0
BRDA:211,21,0,0
BRDA:211,21,1,0
BRDA:222,22,0,0
BRDA:222,22,1,0
BRDA:238,23,0,0
BRDA:238,23,1,0
BRDA:239,24,0,0
BRDA:239,24,1,0
BRDA:239,24,2,0
BRDA:256,25,0,0
BRDA:256,25,1,0
BRDA:256,26,0,0
BRDA:256,26,1,0
BRDA:256,26,2,0
BRDA:265,27,0,0
BRDA:265,27,1,0
BRDA:272,28,0,0
BRDA:272,28,1,0
BRDA:279,29,0,0
BRDA:279,29,1,0
BRDA:280,30,0,0
BRDA:280,30,1,0
BRDA:285,31,0,0
BRDA:285,31,1,0
BRDA:294,32,0,0
BRDA:294,32,1,0
BRDA:302,33,0,0
BRDA:302,33,1,0
BRDA:305,34,0,0
BRDA:305,34,1,0
BRDA:332,35,0,0
BRDA:332,35,1,0
BRDA:334,36,0,0
BRDA:334,36,1,0
BRDA:339,37,0,0
BRDA:339,37,1,0
BRDA:339,38,0,0
BRDA:339,38,1,0
BRDA:367,39,0,0
BRDA:367,39,1,0
BRDA:372,40,0,0
BRDA:372,40,1,0
BRDA:372,40,2,0
BRDA:376,41,0,0
BRDA:376,41,1,0
BRDA:413,42,0,0
BRDA:413,42,1,0
BRDA:419,43,0,0
BRDA:419,43,1,0
BRDA:436,44,0,0
BRDA:436,44,1,0
BRDA:436,45,0,0
BRDA:436,45,1,0
BRDA:436,45,2,0
BRDA:453,46,0,0
BRDA:453,46,1,0
BRDA:460,47,0,0
BRDA:460,47,1,0
BRDA:469,48,0,0
BRDA:469,48,1,0
BRDA:478,49,0,0
BRDA:478,49,1,0
BRDA:491,50,0,0
BRDA:491,50,1,0
BRDA:492,51,0,0
BRDA:492,51,1,0
BRDA:494,52,0,0
BRDA:494,52,1,0
BRDA:495,53,0,0
BRDA:495,53,1,0
BRDA:496,54,0,0
BRDA:496,54,1,0
BRDA:497,55,0,0
BRDA:497,55,1,0
BRDA:498,56,0,0
BRDA:498,56,1,0
BRDA:499,57,0,0
BRDA:499,57,1,0
BRDA:500,58,0,0
BRDA:500,58,1,0
BRDA:505,59,0,0
BRDA:505,59,1,0
BRDA:506,60,0,0
BRDA:506,60,1,0
BRDA:507,61,0,0
BRDA:507,61,1,0
BRDA:508,62,0,0
BRDA:508,62,1,0
BRDA:523,63,0,0
BRDA:523,63,1,0
BRDA:525,64,0,0
BRDA:525,64,1,0
BRDA:530,65,0,0
BRDA:530,65,1,0
BRDA:530,66,0,0
BRDA:530,66,1,0
BRDA:551,67,0,0
BRDA:552,68,0,0
BRDA:556,69,0,0
BRDA:556,69,1,0
BRDA:557,70,0,0
BRDA:557,70,1,0
BRDA:559,71,0,0
BRDA:559,71,1,0
BRDA:560,72,0,0
BRDA:560,72,1,0
BRDA:563,73,0,0
BRDA:563,73,1,0
BRDA:566,74,0,0
BRDA:566,74,1,0
BRDA:567,75,0,0
BRDA:567,75,1,0
BRDA:571,76,0,0
BRDA:571,76,1,0
BRDA:574,77,0,0
BRDA:574,77,1,0
BRDA:577,78,0,0
BRDA:577,78,1,0
BRDA:580,79,0,0
BRDA:580,79,1,0
BRDA:583,80,0,0
BRDA:583,80,1,0
BRDA:587,81,0,0
BRDA:587,81,1,0
BRDA:588,82,0,0
BRDA:588,82,1,0
BRDA:591,83,0,0
BRDA:591,83,1,0
BRDA:594,84,0,0
BRDA:594,84,1,0
BRDA:598,85,0,0
BRDA:598,85,1,0
BRDA:606,86,0,0
BRDA:606,86,1,0
BRDA:607,87,0,0
BRDA:607,87,1,0
BRDA:642,88,0,0
BRDA:642,88,1,0
BRDA:656,89,0,0
BRDA:656,89,1,0
BRDA:656,90,0,0
BRDA:656,90,1,0
BRDA:656,90,2,0
BRDA:674,91,0,0
BRDA:674,91,1,0
BRDA:674,92,0,0
BRDA:674,92,1,0
BRDA:676,93,0,0
BRDA:676,93,1,0
BRDA:713,94,0,0
BRDA:713,94,1,0
BRDA:23,95,0,0
BRDA:23,95,1,0
BRDA:23,96,0,0
BRDA:23,96,1,0
BRDA:23,97,0,0
BRDA:23,97,1,0
BRDA:23,98,0,0
BRDA:23,98,1,0
BRDA:24,99,0,0
BRDA:24,99,1,0
BRDA:24,100,0,0
BRDA:24,100,1,0
BRF:207
BRH:0
end_of_record
TN:
SF:src/valoraciones/dto/calcular-detalle.dto.ts
FN:52,(anonymous_2)
FNF:1
FNH:0
FNDA:0,(anonymous_2)
DA:1,0
DA:2,0
DA:6,0
DA:9,0
DA:12,0
DA:15,0
DA:18,0
DA:21,0
DA:24,0
DA:31,0
DA:33,0
DA:36,0
DA:40,0
DA:44,0
DA:48,0
DA:52,0
DA:53,0
LF:17
LH:0
BRF:0
BRH:0
end_of_record
TN:
SF:src/valoraciones/dto/create-valoracion.dto.ts
FN:16,(anonymous_2)
FN:44,(anonymous_3)
FN:251,(anonymous_4)
FNF:3
FNH:0
FNDA:0,(anonymous_2)
FNDA:0,(anonymous_3)
FNDA:0,(anonymous_4)
DA:1,0
DA:11,0
DA:15,0
DA:17,0
DA:18,0
DA:19,0
DA:21,0
DA:22,0
DA:24,0
DA:25,0
DA:26,0
DA:27,0
DA:29,0
DA:33,0
DA:34,0
DA:35,0
DA:36,0
DA:38,0
DA:42,0
DA:45,0
DA:49,0
DA:52,0
DA:58,0
DA:62,0
DA:66,0
DA:70,0
DA:74,0
DA:78,0
DA:82,0
DA:85,0
DA:89,0
DA:93,0
DA:97,0
DA:101,0
DA:105,0
DA:110,0
DA:114,0
DA:118,0
DA:122,0
DA:126,0
DA:129,0
DA:132,0
DA:135,0
DA:138,0
DA:141,0
DA:144,0
DA:147,0
DA:150,0
DA:153,0
DA:156,0
DA:159,0
DA:163,0
DA:166,0
DA:169,0
DA:172,0
DA:175,0
DA:180,0
DA:184,0
DA:188,0
DA:193,0
DA:197,0
DA:201,0
DA:205,0
DA:209,0
DA:213,0
DA:217,0
DA:222,0
DA:226,0
DA:230,0
DA:234,0
DA:238,0
DA:242,0
DA:246,0
DA:251,0
DA:252,0
LF:75
LH:0
BRDA:24,0,0,0
BRDA:24,0,1,0
BRDA:27,1,0,0
BRDA:27,1,1,0
BRDA:33,2,0,0
BRDA:33,2,1,0
BRDA:36,3,0,0
BRDA:36,3,1,0
BRDA:42,4,0,0
BRDA:42,4,1,0
BRF:10
BRH:0
end_of_record
TN:
SF:src/valoraciones/dto/update-valoracion.dto.ts
FNF:0
FNH:0
DA:1,0
DA:3,0
LF:2
LH:0
BRF:0
BRH:0
end_of_record
