TN:
SF:src/app.controller.ts
FN:6,(anonymous_2)
FN:9,(anonymous_3)
FNF:2
FNH:2
FNDA:1,(anonymous_2)
FNDA:1,(anonymous_3)
DA:1,1
DA:2,1
DA:5,1
DA:6,1
DA:9,1
DA:10,1
LF:6
LH:6
BRDA:6,0,0,1
BRDA:6,0,1,0
BRDA:6,1,0,1
BRDA:6,1,1,1
BRF:4
BRH:3
end_of_record
TN:
SF:src/app.module.ts
FNF:0
FNH:0
DA:1,0
DA:2,0
DA:3,0
DA:4,0
DA:5,0
DA:6,0
DA:7,0
DA:8,0
DA:9,0
DA:16,0
LF:10
LH:0
BRF:0
BRH:0
end_of_record
TN:
SF:src/app.service.ts
FN:5,(anonymous_1)
FNF:1
FNH:1
FNDA:1,(anonymous_1)
DA:1,1
DA:4,1
DA:6,1
LF:3
LH:3
BRF:0
BRH:0
end_of_record
TN:
SF:src/main.ts
FN:6,bootstrap
FNF:1
FNH:0
FNDA:0,bootstrap
DA:1,0
DA:2,0
DA:3,0
DA:4,0
DA:7,0
DA:8,0
DA:9,0
DA:16,0
DA:18,0
LF:9
LH:0
BRDA:16,0,0,0
BRDA:16,0,1,0
BRF:2
BRH:0
end_of_record
TN:
SF:src/auth/auth.guard.ts
FN:6,(anonymous_1)
FNF:1
FNH:1
FNDA:4,(anonymous_1)
DA:1,1
DA:2,1
DA:5,1
DA:7,4
DA:8,3
DA:11,3
DA:13,1
LF:7
LH:7
BRDA:7,0,0,3
BRDA:7,0,1,1
BRDA:7,1,0,4
BRDA:7,1,1,3
BRF:4
BRH:4
end_of_record
TN:
SF:src/auth/auth.module.ts
FNF:0
FNH:0
DA:1,0
DA:2,0
DA:3,0
DA:4,0
DA:6,0
DA:13,0
LF:6
LH:0
BRF:0
BRH:0
end_of_record
TN:
SF:src/auth/jwt.strategy.ts
FN:9,(anonymous_2)
FN:29,(anonymous_3)
FNF:2
FNH:0
FNDA:0,(anonymous_2)
FNDA:0,(anonymous_3)
DA:1,0
DA:2,0
DA:3,0
DA:4,0
DA:5,0
DA:8,0
DA:10,0
DA:12,0
DA:13,0
DA:17,0
DA:30,0
LF:11
LH:0
BRDA:12,0,0,0
BRDA:12,0,1,0
BRF:2
BRH:0
end_of_record
TN:
SF:src/auth/jwt.types.ts
FN:11,extractJwtPayload
FNF:1
FNH:1
FNDA:4,extractJwtPayload
DA:11,1
DA:12,4
LF:2
LH:2
BRDA:14,0,0,4
BRDA:14,0,1,1
BRDA:15,1,0,4
BRDA:15,1,1,2
BRDA:16,2,0,4
BRDA:16,2,1,3
BRF:6
BRH:6
end_of_record
TN:
SF:src/catalogos/catalogos.controller.ts
FN:17,(anonymous_4)
FN:20,(anonymous_5)
FN:25,(anonymous_6)
FN:34,(anonymous_7)
FN:39,(anonymous_8)
FN:47,(anonymous_9)
FN:54,(anonymous_10)
FN:59,(anonymous_11)
FN:64,(anonymous_12)
FN:69,(anonymous_13)
FN:78,(anonymous_14)
FNF:11
FNH:0
FNDA:0,(anonymous_4)
FNDA:0,(anonymous_5)
FNDA:0,(anonymous_6)
FNDA:0,(anonymous_7)
FNDA:0,(anonymous_8)
FNDA:0,(anonymous_9)
FNDA:0,(anonymous_10)
FNDA:0,(anonymous_11)
FNDA:0,(anonymous_12)
FNDA:0,(anonymous_13)
FNDA:0,(anonymous_14)
DA:1,0
DA:11,0
DA:12,0
DA:13,0
DA:16,0
DA:17,0
DA:20,0
DA:21,0
DA:25,0
DA:26,0
DA:34,0
DA:35,0
DA:39,0
DA:43,0
DA:47,0
DA:48,0
DA:54,0
DA:55,0
DA:59,0
DA:60,0
DA:64,0
DA:65,0
DA:69,0
DA:74,0
DA:78,0
DA:79,0
LF:26
LH:0
BRDA:34,0,0,0
BRDA:34,0,1,0
BRDA:34,1,0,0
BRDA:34,1,1,0
BRDA:41,2,0,0
BRDA:41,2,1,0
BRDA:41,3,0,0
BRDA:41,3,1,0
BRDA:64,4,0,0
BRDA:64,4,1,0
BRDA:64,5,0,0
BRDA:64,5,1,0
BRDA:72,6,0,0
BRDA:72,6,1,0
BRDA:72,7,0,0
BRDA:72,7,1,0
BRDA:17,8,0,0
BRDA:17,8,1,0
BRDA:17,9,0,0
BRDA:17,9,1,0
BRF:20
BRH:0
end_of_record
TN:
SF:src/catalogos/catalogos.module.ts
FNF:0
FNH:0
DA:1,0
DA:2,0
DA:3,0
DA:4,0
DA:11,0
LF:5
LH:0
BRF:0
BRH:0
end_of_record
TN:
SF:src/catalogos/catalogos.service.ts
FN:49,(anonymous_2)
FN:51,(anonymous_3)
FN:63,(anonymous_4)
FN:75,(anonymous_5)
FN:96,(anonymous_6)
FN:121,(anonymous_7)
FN:140,(anonymous_8)
FN:141,(anonymous_9)
FN:147,(anonymous_10)
FN:154,(anonymous_11)
FN:172,(anonymous_12)
FN:195,(anonymous_13)
FN:207,(anonymous_14)
FNF:13
FNH:11
FNDA:19,(anonymous_2)
FNDA:1,(anonymous_3)
FNDA:4,(anonymous_4)
FNDA:6,(anonymous_5)
FNDA:1,(anonymous_6)
FNDA:3,(anonymous_7)
FNDA:0,(anonymous_8)
FNDA:0,(anonymous_9)
FNDA:2,(anonymous_10)
FNDA:2,(anonymous_11)
FNDA:2,(anonymous_12)
FNDA:2,(anonymous_13)
FNDA:15,(anonymous_14)
DA:1,1
DA:7,1
DA:11,1
DA:29,1
DA:48,1
DA:49,19
DA:52,1
DA:53,1
DA:54,1
DA:64,4
DA:65,4
DA:66,4
DA:69,4
DA:70,4
DA:71,0
DA:72,4
DA:76,6
DA:77,6
DA:78,6
DA:79,6
DA:80,6
DA:81,14
DA:82,14
DA:84,6
DA:85,0
DA:89,6
DA:97,1
DA:98,1
DA:99,1
DA:100,1
DA:101,1
DA:102,1
DA:103,3
DA:104,3
DA:106,1
DA:107,0
DA:111,1
DA:122,3
DA:123,3
DA:124,3
DA:125,3
DA:126,3
DA:132,2
DA:133,1
DA:134,1
DA:135,0
DA:136,1
DA:141,0
DA:148,2
DA:155,2
DA:156,2
DA:164,1
DA:165,1
DA:166,0
DA:167,0
DA:168,0
DA:173,2
DA:178,2
DA:179,2
DA:180,2
DA:181,2
DA:182,2
DA:187,1
DA:188,1
DA:189,0
DA:190,0
DA:191,0
DA:196,2
DA:197,2
DA:199,1
DA:200,0
DA:201,1
DA:202,1
DA:203,0
DA:208,15
DA:210,15
LF:76
LH:63
BRDA:53,0,0,0
BRDA:53,0,1,1
BRDA:65,1,0,0
BRDA:65,1,1,4
BRDA:70,2,0,0
BRDA:70,2,1,4
BRDA:77,3,0,0
BRDA:77,3,1,6
BRDA:82,4,0,13
BRDA:82,4,1,1
BRDA:84,5,0,0
BRDA:84,5,1,6
BRDA:98,6,0,0
BRDA:98,6,1,1
BRDA:104,7,0,3
BRDA:104,7,1,0
BRDA:106,8,0,0
BRDA:106,8,1,1
BRDA:123,9,0,0
BRDA:123,9,1,3
BRDA:132,10,0,1
BRDA:132,10,1,1
BRDA:134,11,0,0
BRDA:134,11,1,1
BRDA:164,12,0,1
BRDA:164,12,1,0
BRDA:166,13,0,0
BRDA:166,13,1,0
BRDA:179,14,0,2
BRDA:179,14,1,0
BRDA:180,15,0,2
BRDA:180,15,1,0
BRDA:181,16,0,2
BRDA:181,16,1,0
BRDA:187,17,0,1
BRDA:187,17,1,0
BRDA:189,18,0,0
BRDA:189,18,1,0
BRDA:199,19,0,0
BRDA:199,19,1,1
BRDA:201,20,0,1
BRDA:201,20,1,0
BRDA:49,21,0,1
BRDA:49,21,1,0
BRDA:49,22,0,1
BRDA:49,22,1,1
BRF:46
BRH:24
end_of_record
TN:
SF:src/catalogos/control-catalog-seed.ts
FN:24,extractInsertValuesBlock
FN:39,parseQuotedSqlString
FN:43,parseControlCatalogSql
FN:76,validateControlCatalog
FN:99,(anonymous_13)
FN:109,seedControlCatalogFromSql
FN:117,(anonymous_15)
FNF:7
FNH:0
FNDA:0,extractInsertValuesBlock
FNDA:0,parseQuotedSqlString
FNDA:0,parseControlCatalogSql
FNDA:0,validateControlCatalog
FNDA:0,(anonymous_13)
FNDA:0,seedControlCatalogFromSql
FNDA:0,(anonymous_15)
DA:2,0
DA:25,0
DA:29,0
DA:30,0
DA:31,0
DA:36,0
DA:40,0
DA:43,0
DA:44,0
DA:48,0
DA:53,0
DA:54,0
DA:55,0
DA:56,0
DA:62,0
DA:64,0
DA:65,0
DA:66,0
DA:73,0
DA:76,0
DA:77,0
DA:78,0
DA:83,0
DA:84,0
DA:89,0
DA:90,0
DA:91,0
DA:92,0
DA:96,0
DA:99,0
DA:100,0
DA:101,0
DA:102,0
DA:109,0
DA:116,0
DA:117,0
DA:119,0
DA:120,0
DA:121,0
DA:124,0
DA:125,0
DA:138,0
DA:139,0
LF:43
LH:0
BRDA:30,0,0,0
BRDA:30,0,1,0
BRDA:30,1,0,0
BRDA:30,1,1,0
BRDA:77,2,0,0
BRDA:77,2,1,0
BRDA:83,3,0,0
BRDA:83,3,1,0
BRDA:91,4,0,0
BRDA:91,4,1,0
BRDA:101,5,0,0
BRDA:101,5,1,0
BRDA:112,6,0,0
BRDA:116,7,0,0
BRDA:116,7,1,0
BRF:15
BRH:0
end_of_record
TN:
SF:src/catalogos/riesgo-parser.ts
FN:21,parseRiesgoRows
FNF:1
FNH:1
FNDA:7,parseRiesgoRows
DA:21,1
DA:22,7
DA:23,7
DA:25,7
DA:26,23
DA:27,23
DA:30,22
DA:31,6
DA:32,6
DA:36,16
DA:37,16
DA:38,14
DA:46,7
LF:13
LH:13
BRDA:27,0,0,1
BRDA:27,0,1,22
BRDA:30,1,0,6
BRDA:30,1,1,16
BRDA:37,2,0,14
BRDA:37,2,1,2
BRDA:37,3,0,16
BRDA:37,3,1,16
BRF:8
BRH:8
end_of_record
TN:
SF:src/catalogos/dto/create-catalogo.dto.ts
FNF:0
FNH:0
DA:1,0
LF:1
LH:0
BRF:0
BRH:0
end_of_record
TN:
SF:src/catalogos/dto/update-catalogo.dto.ts
FNF:0
FNH:0
DA:1,0
DA:3,0
LF:2
LH:0
BRF:0
BRH:0
end_of_record
TN:
SF:src/prisma/prisma.service.ts
FN:10,(anonymous_2)
FN:16,(anonymous_3)
FN:20,(anonymous_4)
FNF:3
FNH:0
FNDA:0,(anonymous_2)
FNDA:0,(anonymous_3)
FNDA:0,(anonymous_4)
DA:1,4
DA:2,4
DA:3,4
DA:6,4
DA:11,0
DA:12,0
DA:13,0
DA:17,0
DA:21,0
LF:9
LH:4
BRF:0
BRH:0
end_of_record
TN:
SF:src/reportes/reportes.controller.ts
FN:14,(anonymous_2)
FN:17,(anonymous_3)
FN:30,(anonymous_4)
FN:35,(anonymous_5)
FN:40,(anonymous_6)
FN:45,(anonymous_7)
FN:50,(anonymous_8)
FNF:7
FNH:7
FNDA:7,(anonymous_2)
FNDA:1,(anonymous_3)
FNDA:1,(anonymous_4)
FNDA:1,(anonymous_5)
FNDA:1,(anonymous_6)
FNDA:1,(anonymous_7)
FNDA:1,(anonymous_8)
DA:1,1
DA:2,1
DA:3,1
DA:13,1
DA:14,7
DA:17,1
DA:18,1
DA:30,1
DA:31,1
DA:35,1
DA:36,1
DA:40,1
DA:41,1
DA:45,1
DA:46,1
DA:50,1
DA:51,1
LF:17
LH:17
BRDA:17,0,0,1
BRDA:17,0,1,0
BRDA:17,1,0,1
BRDA:17,1,1,1
BRDA:30,2,0,1
BRDA:30,2,1,0
BRDA:30,3,0,1
BRDA:30,3,1,1
BRDA:35,4,0,1
BRDA:35,4,1,0
BRDA:35,5,0,1
BRDA:35,5,1,1
BRDA:40,6,0,1
BRDA:40,6,1,0
BRDA:40,7,0,1
BRDA:40,7,1,1
BRDA:45,8,0,1
BRDA:45,8,1,0
BRDA:45,9,0,1
BRDA:45,9,1,1
BRDA:50,10,0,1
BRDA:50,10,1,0
BRDA:50,11,0,1
BRDA:50,11,1,1
BRDA:14,12,0,1
BRDA:14,12,1,0
BRDA:14,13,0,1
BRDA:14,13,1,1
BRF:28
BRH:21
end_of_record
TN:
SF:src/reportes/reportes.module.ts
FNF:0
FNH:0
DA:1,0
DA:2,0
DA:3,0
DA:4,0
DA:10,0
LF:5
LH:0
BRF:0
BRH:0
end_of_record
TN:
SF:src/reportes/reportes.service.ts
FN:14,(anonymous_2)
FN:16,(anonymous_3)
FN:18,(anonymous_4)
FN:21,(anonymous_5)
FN:25,(anonymous_6)
FN:31,(anonymous_7)
FN:65,(anonymous_8)
FN:80,(anonymous_9)
FN:104,(anonymous_10)
FN:120,(anonymous_11)
FN:182,(anonymous_12)
FN:218,(anonymous_13)
FNF:12
FNH:12
FNDA:15,(anonymous_2)
FNDA:3,(anonymous_3)
FNDA:9,(anonymous_4)
FNDA:10,(anonymous_5)
FNDA:4,(anonymous_6)
FNDA:3,(anonymous_7)
FNDA:3,(anonymous_8)
FNDA:2,(anonymous_9)
FNDA:1,(anonymous_10)
FNDA:3,(anonymous_11)
FNDA:3,(anonymous_12)
FNDA:3,(anonymous_13)
DA:1,2
DA:2,2
DA:13,2
DA:14,15
DA:17,3
DA:18,9
DA:22,10
DA:26,4
DA:27,4
DA:28,2
DA:30,2
DA:31,3
DA:32,2
DA:34,2
DA:35,2
DA:36,3
DA:37,3
DA:38,2
DA:39,0
DA:42,2
DA:43,2
DA:44,3
DA:45,3
DA:46,3
DA:47,2
DA:50,2
DA:58,2
DA:66,3
DA:67,3
DA:68,2
DA:71,2
DA:72,2
DA:73,2
DA:74,2
DA:79,2
DA:81,2
DA:90,2
DA:104,2
DA:105,1
DA:106,1
DA:107,1
DA:108,1
DA:111,2
DA:113,1
DA:121,3
DA:122,3
DA:125,2
DA:130,2
DA:131,3
DA:139,3
DA:141,3
DA:142,2
DA:143,1
DA:145,3
DA:146,3
DA:147,3
DA:150,3
DA:154,2
DA:155,2
DA:156,2
DA:159,2
DA:173,2
DA:175,1
DA:183,3
DA:184,3
DA:186,2
DA:193,2
DA:194,2
DA:196,2
DA:197,5
DA:198,5
DA:199,5
DA:202,5
DA:203,2
DA:206,2
DA:211,1
DA:219,3
DA:220,3
DA:221,3
DA:223,2
DA:224,2
DA:225,2
DA:227,2
DA:228,3
DA:229,3
DA:230,3
DA:232,3
DA:233,3
DA:234,1
DA:235,0
DA:237,3
DA:238,3
DA:239,2
DA:240,0
DA:242,3
DA:243,3
DA:244,2
DA:245,1
DA:249,2
DA:251,1
LF:100
LH:97
BRDA:37,0,0,1
BRDA:37,0,1,2
BRDA:38,1,0,2
BRDA:38,1,1,0
BRDA:39,2,0,0
BRDA:39,2,1,0
BRDA:45,3,0,0
BRDA:45,3,1,3
BRDA:46,4,0,1
BRDA:46,4,1,2
BRDA:47,5,0,2
BRDA:47,5,1,0
BRDA:73,6,0,2
BRDA:73,6,1,0
BRDA:93,7,0,2
BRDA:93,7,1,0
BRDA:94,8,0,2
BRDA:94,8,1,0
BRDA:98,9,0,2
BRDA:98,9,1,0
BRDA:105,10,0,0
BRDA:105,10,1,1
BRDA:105,11,0,1
BRDA:105,11,1,0
BRDA:106,12,0,0
BRDA:106,12,1,1
BRDA:107,13,0,0
BRDA:107,13,1,1
BRDA:131,14,0,3
BRDA:131,14,1,2
BRDA:141,15,0,1
BRDA:141,15,1,2
BRDA:142,16,0,1
BRDA:142,16,1,1
BRDA:143,17,0,1
BRDA:143,17,1,0
BRDA:145,18,0,3
BRDA:145,18,1,0
BRDA:161,19,0,2
BRDA:161,19,1,0
BRDA:167,20,0,2
BRDA:167,20,1,0
BRDA:198,21,0,5
BRDA:198,21,1,0
BRDA:198,22,0,5
BRDA:198,22,1,5
BRDA:202,23,0,3
BRDA:202,23,1,2
BRDA:203,24,0,2
BRDA:203,24,1,0
BRDA:232,25,0,3
BRDA:232,25,1,0
BRDA:233,26,0,2
BRDA:233,26,1,1
BRDA:234,27,0,1
BRDA:234,27,1,0
BRDA:235,28,0,0
BRDA:235,28,1,0
BRDA:237,29,0,3
BRDA:237,29,1,0
BRDA:238,30,0,1
BRDA:238,30,1,2
BRDA:239,31,0,2
BRDA:239,31,1,0
BRDA:240,32,0,0
BRDA:240,32,1,0
BRDA:242,33,0,3
BRDA:242,33,1,0
BRDA:243,34,0,1
BRDA:243,34,1,2
BRDA:244,35,0,1
BRDA:244,35,1,1
BRDA:245,36,0,1
BRDA:245,36,1,0
BRDA:14,37,0,2
BRDA:14,37,1,0
BRDA:14,38,0,2
BRDA:14,38,1,2
BRF:78
BRH:48
end_of_record
TN:
SF:src/reportes/dto/reporte-response.dto.ts
FNF:0
FNH:0
DA:1,1
DA:7,1
DA:15,1
DA:26,1
DA:36,1
DA:41,1
DA:47,1
LF:7
LH:7
BRF:0
BRH:0
end_of_record
TN:
SF:src/valoraciones/calculo-riesgo.service.ts
FN:14,deriveNivelRiesgo
FN:23,deriveMetodoTratamiento
FN:34,deriveTipoControl
FN:49,calculateRiesgo
FNF:4
FNH:4
FNDA:43,deriveNivelRiesgo
FNDA:38,deriveMetodoTratamiento
FNDA:38,deriveTipoControl
FNDA:38,calculateRiesgo
DA:15,43
DA:16,22
DA:17,9
DA:26,38
DA:35,38
DA:36,20
DA:37,8
DA:49,2
DA:56,38
DA:57,38
DA:58,38
DA:59,38
DA:61,38
DA:72,38
DA:77,5
DA:78,5
DA:80,5
DA:82,5
DA:83,5
DA:84,5
DA:87,38
LF:21
LH:21
BRDA:15,0,0,21
BRDA:15,0,1,22
BRDA:16,1,0,13
BRDA:16,1,1,9
BRDA:26,2,0,18
BRDA:26,2,1,20
BRDA:35,3,0,18
BRDA:35,3,1,20
BRDA:36,4,0,12
BRDA:36,4,1,8
BRDA:72,5,0,5
BRDA:72,5,1,33
BRDA:73,6,0,38
BRDA:73,6,1,5
BRDA:80,7,0,3
BRDA:80,7,1,2
BRF:16
BRH:16
end_of_record
TN:
SF:src/valoraciones/valoraciones.controller.ts
FN:18,(anonymous_4)
FN:21,(anonymous_5)
FN:26,(anonymous_6)
FN:31,(anonymous_7)
FN:36,(anonymous_8)
FN:44,(anonymous_9)
FN:53,(anonymous_10)
FNF:7
FNH:0
FNDA:0,(anonymous_4)
FNDA:0,(anonymous_5)
FNDA:0,(anonymous_6)
FNDA:0,(anonymous_7)
FNDA:0,(anonymous_8)
FNDA:0,(anonymous_9)
FNDA:0,(anonymous_10)
DA:1,0
DA:11,0
DA:12,0
DA:13,0
DA:14,0
DA:17,0
DA:18,0
DA:21,0
DA:22,0
DA:26,0
DA:27,0
DA:31,0
DA:32,0
DA:36,0
DA:40,0
DA:44,0
DA:49,0
DA:53,0
DA:54,0
LF:19
LH:0
BRDA:31,0,0,0
BRDA:31,0,1,0
BRDA:31,1,0,0
BRDA:31,1,1,0
BRDA:38,2,0,0
BRDA:38,2,1,0
BRDA:38,3,0,0
BRDA:38,3,1,0
BRDA:47,4,0,0
BRDA:47,4,1,0
BRDA:47,5,0,0
BRDA:47,5,1,0
BRDA:18,6,0,0
BRDA:18,6,1,0
BRDA:18,7,0,0
BRDA:18,7,1,0
BRF:16
BRH:0
end_of_record
TN:
SF:src/valoraciones/valoraciones.module.ts
FNF:0
FNH:0
DA:1,0
DA:2,0
DA:3,0
DA:4,0
DA:10,0
LF:5
LH:0
BRF:0
BRH:0
end_of_record
TN:
SF:src/valoraciones/valoraciones.service.ts
FN:14,(anonymous_2)
FN:16,(anonymous_3)
FN:20,(anonymous_4)
FN:23,(anonymous_5)
FN:31,(anonymous_6)
FN:41,(anonymous_7)
FN:48,(anonymous_8)
FN:56,(anonymous_9)
FN:57,(anonymous_10)
FN:61,(anonymous_11)
FN:70,(anonymous_12)
FN:79,(anonymous_13)
FN:82,(anonymous_14)
FN:86,(anonymous_15)
FN:103,(anonymous_16)
FN:117,(anonymous_17)
FN:124,(anonymous_18)
FN:132,(anonymous_19)
FN:133,(anonymous_20)
FN:137,(anonymous_21)
FN:146,(anonymous_22)
FN:155,(anonymous_23)
FN:158,(anonymous_24)
FN:165,(anonymous_25)
FN:187,(anonymous_26)
FN:211,(anonymous_27)
FN:219,(anonymous_28)
FN:299,(anonymous_29)
FNF:28
FNH:24
FNDA:14,(anonymous_2)
FNDA:0,(anonymous_3)
FNDA:0,(anonymous_4)
FNDA:3,(anonymous_5)
FNDA:11,(anonymous_6)
FNDA:11,(anonymous_7)
FNDA:11,(anonymous_8)
FNDA:11,(anonymous_9)
FNDA:11,(anonymous_10)
FNDA:11,(anonymous_11)
FNDA:11,(anonymous_12)
FNDA:11,(anonymous_13)
FNDA:11,(anonymous_14)
FNDA:11,(anonymous_15)
FNDA:1,(anonymous_16)
FNDA:1,(anonymous_17)
FNDA:1,(anonymous_18)
FNDA:1,(anonymous_19)
FNDA:1,(anonymous_20)
FNDA:1,(anonymous_21)
FNDA:1,(anonymous_22)
FNDA:1,(anonymous_23)
FNDA:1,(anonymous_24)
FNDA:1,(anonymous_25)
FNDA:0,(anonymous_26)
FNDA:0,(anonymous_27)
FNDA:12,(anonymous_28)
FNDA:15,(anonymous_29)
DA:1,1
DA:3,1
DA:9,1
DA:13,1
DA:14,14
DA:17,0
DA:20,0
DA:24,3
DA:27,3
DA:28,3
DA:32,11
DA:33,11
DA:34,11
DA:40,11
DA:42,11
DA:47,11
DA:49,11
DA:56,11
DA:57,11
DA:60,11
DA:62,11
DA:69,11
DA:71,11
DA:78,11
DA:79,11
DA:81,11
DA:82,11
DA:85,11
DA:87,11
DA:100,11
DA:104,1
DA:105,1
DA:106,1
DA:110,1
DA:116,1
DA:118,1
DA:123,1
DA:125,1
DA:132,1
DA:133,1
DA:136,1
DA:138,1
DA:145,1
DA:147,1
DA:154,1
DA:155,1
DA:157,1
DA:158,1
DA:161,1
DA:166,1
DA:179,1
DA:193,0
DA:196,0
DA:197,0
DA:201,0
DA:202,0
DA:212,0
DA:213,0
DA:216,0
DA:227,12
DA:279,12
DA:280,12
DA:281,12
DA:288,12
DA:289,12
DA:290,12
DA:291,12
DA:292,12
DA:293,12
DA:294,12
DA:296,12
DA:315,15
DA:335,15
DA:340,15
LF:74
LH:64
BRDA:27,0,0,0
BRDA:27,0,1,3
BRDA:34,1,0,11
BRDA:34,1,1,0
BRDA:35,2,0,11
BRDA:35,2,1,11
BRDA:35,2,2,11
BRDA:42,3,0,4
BRDA:42,3,1,7
BRDA:49,4,0,1
BRDA:49,4,1,10
BRDA:56,5,0,11
BRDA:56,5,1,7
BRDA:57,6,0,11
BRDA:57,6,1,10
BRDA:62,7,0,2
BRDA:62,7,1,9
BRDA:71,8,0,3
BRDA:71,8,1,8
BRDA:79,9,0,11
BRDA:79,9,1,9
BRDA:82,10,0,11
BRDA:82,10,1,9
BRDA:110,11,0,1
BRDA:110,11,1,0
BRDA:111,12,0,1
BRDA:111,12,1,1
BRDA:111,12,2,1
BRDA:118,13,0,0
BRDA:118,13,1,1
BRDA:125,14,0,0
BRDA:125,14,1,1
BRDA:132,15,0,1
BRDA:132,15,1,1
BRDA:133,16,0,1
BRDA:133,16,1,1
BRDA:138,17,0,0
BRDA:138,17,1,1
BRDA:147,18,0,0
BRDA:147,18,1,1
BRDA:155,19,0,1
BRDA:155,19,1,1
BRDA:158,20,0,1
BRDA:158,20,1,1
BRDA:196,21,0,0
BRDA:196,21,1,0
BRDA:201,22,0,0
BRDA:201,22,1,0
BRDA:229,23,0,12
BRDA:229,23,1,0
BRDA:230,24,0,12
BRDA:230,24,1,0
BRDA:232,25,0,12
BRDA:232,25,1,4
BRDA:233,26,0,12
BRDA:233,26,1,1
BRDA:236,27,0,12
BRDA:236,27,1,0
BRDA:239,28,0,12
BRDA:239,28,1,0
BRDA:240,29,0,12
BRDA:240,29,1,0
BRDA:244,30,0,12
BRDA:244,30,1,2
BRDA:247,31,0,12
BRDA:247,31,1,3
BRDA:250,32,0,12
BRDA:250,32,1,0
BRDA:253,33,0,12
BRDA:253,33,1,0
BRDA:256,34,0,12
BRDA:256,34,1,0
BRDA:260,35,0,12
BRDA:260,35,1,11
BRDA:261,36,0,12
BRDA:261,36,1,2
BRDA:264,37,0,12
BRDA:264,37,1,3
BRDA:267,38,0,12
BRDA:267,38,1,0
BRDA:271,39,0,12
BRDA:271,39,1,1
BRDA:279,40,0,12
BRDA:279,40,1,0
BRDA:280,41,0,12
BRDA:280,41,1,0
BRDA:329,42,0,0
BRDA:329,42,1,15
BRDA:14,43,0,1
BRDA:14,43,1,0
BRDA:14,44,0,1
BRDA:14,44,1,1
BRF:92
BRH:68
end_of_record
TN:
SF:src/valoraciones/dto/calcular-detalle.dto.ts
FNF:0
FNH:0
DA:1,0
DA:7,0
DA:9,0
DA:12,0
DA:16,0
DA:20,0
DA:24,0
LF:7
LH:0
BRF:0
BRH:0
end_of_record
TN:
SF:src/valoraciones/dto/create-valoracion.dto.ts
FN:16,(anonymous_2)
FN:44,(anonymous_3)
FN:251,(anonymous_4)
FNF:3
FNH:1
FNDA:7,(anonymous_2)
FNDA:0,(anonymous_3)
FNDA:0,(anonymous_4)
DA:1,1
DA:11,1
DA:15,1
DA:17,7
DA:18,7
DA:19,7
DA:21,7
DA:22,7
DA:24,7
DA:25,4
DA:26,4
DA:27,4
DA:29,0
DA:33,7
DA:34,4
DA:35,4
DA:36,4
DA:38,0
DA:42,7
DA:45,0
DA:49,1
DA:52,1
DA:58,1
DA:62,1
DA:66,1
DA:70,1
DA:74,1
DA:78,1
DA:82,1
DA:85,1
DA:89,1
DA:93,1
DA:97,1
DA:101,1
DA:105,1
DA:110,1
DA:114,1
DA:118,1
DA:122,1
DA:126,1
DA:129,1
DA:132,1
DA:135,1
DA:138,1
DA:141,1
DA:144,1
DA:147,1
DA:150,1
DA:153,1
DA:156,1
DA:159,1
DA:163,1
DA:166,1
DA:169,1
DA:172,1
DA:175,1
DA:180,1
DA:184,1
DA:188,1
DA:193,1
DA:197,1
DA:201,1
DA:205,1
DA:209,1
DA:213,1
DA:217,1
DA:222,1
DA:226,1
DA:230,1
DA:234,1
DA:238,1
DA:242,1
DA:246,1
DA:251,0
DA:252,1
LF:75
LH:71
BRDA:24,0,0,4
BRDA:24,0,1,3
BRDA:27,1,0,4
BRDA:27,1,1,4
BRDA:33,2,0,4
BRDA:33,2,1,3
BRDA:36,3,0,4
BRDA:36,3,1,4
BRDA:42,4,0,7
BRDA:42,4,1,4
BRF:10
BRH:10
end_of_record
TN:
SF:src/valoraciones/dto/update-valoracion.dto.ts
FNF:0
FNH:0
DA:1,0
DA:3,0
LF:2
LH:0
BRF:0
BRH:0
end_of_record
